[2020-07-05 14:10:20.772] [jointLog] [info] Fragment incompatibility prior below threshold.  Incompatible fragments will be ignored.
[2020-07-05 14:10:20.772] [jointLog] [info] Usage of --validateMappings implies use of minScoreFraction. Since not explicitly specified, it is being set to 0.65
[2020-07-05 14:10:20.772] [jointLog] [info] Usage of --validateMappings, without --hardFilter implies use of range factorization. rangeFactorizationBins is being set to 4
[2020-07-05 14:10:20.772] [jointLog] [info] Usage of --validateMappings implies a default consensus slack of 0.2. Setting consensusSlack to 0.2.
[2020-07-05 14:10:20.772] [jointLog] [info] parsing read library format
[2020-07-05 14:10:20.772] [jointLog] [info] There is 1 library.
[2020-07-05 14:10:20.825] [jointLog] [info] Loading Quasi index
[2020-07-05 14:10:20.825] [jointLog] [info] Loading 32-bit quasi index
[2020-07-05 14:10:27.218] [jointLog] [info] done
[2020-07-05 14:10:27.218] [jointLog] [info] Index contained 117,135 targets
[2020-07-05 14:10:27.813] [jointLog] [info] Automatically detected most likely library type as IU
[2020-07-05 14:10:31.618] [jointLog] [info] Computed 162,719 rich equivalence classes for further processing
[2020-07-05 14:10:31.618] [jointLog] [info] Counted 1,207,189 total reads in the equivalence classes 
[2020-07-05 14:10:31.638] [jointLog] [info] Number of mappings discarded because of alignment score : 202,856
[2020-07-05 14:10:31.638] [jointLog] [info] Number of fragments entirely discarded because of alignment score : 54,845
[2020-07-05 14:10:31.638] [jointLog] [info] Number of fragments discarded because they are best-mapped to decoys : 0
[2020-07-05 14:10:31.638] [jointLog] [info] Number of fragments discarded because they have only dovetail (discordant) mappings : 33,694
[2020-07-05 14:10:31.647] [jointLog] [warning] Only 1207189 fragments were mapped, but the number of burn-in fragments was set to 5000000.
The effective lengths have been computed using the observed mappings.

[2020-07-05 14:10:31.647] [jointLog] [info] Mapping rate = 59.6543%

[2020-07-05 14:10:31.647] [jointLog] [info] finished quantifyLibrary()
[2020-07-05 14:10:31.648] [jointLog] [info] Starting optimizer
[2020-07-05 14:10:31.710] [jointLog] [info] Marked 0 weighted equivalence classes as degenerate
[2020-07-05 14:10:31.718] [jointLog] [info] iteration = 0 | max rel diff. = 1000.66
[2020-07-05 14:10:31.619] [fileLog] [info] 
At end of round 0
==================
Observed 2023641 total fragments (2023641 in most recent round)

[2020-07-05 14:10:32.471] [jointLog] [info] iteration = 100 | max rel diff. = 7.12211
[2020-07-05 14:10:33.220] [jointLog] [info] iteration = 200 | max rel diff. = 13.2882
[2020-07-05 14:10:33.967] [jointLog] [info] iteration = 300 | max rel diff. = 4.26832
[2020-07-05 14:10:34.713] [jointLog] [info] iteration = 400 | max rel diff. = 1.4419
[2020-07-05 14:10:35.461] [jointLog] [info] iteration = 500 | max rel diff. = 0.253009
[2020-07-05 14:10:36.209] [jointLog] [info] iteration = 600 | max rel diff. = 0.684098
[2020-07-05 14:10:36.958] [jointLog] [info] iteration = 700 | max rel diff. = 0.0974579
[2020-07-05 14:10:37.122] [jointLog] [info] iteration = 723 | max rel diff. = 0.00351896
[2020-07-05 14:10:37.125] [jointLog] [info] Finished optimizer
[2020-07-05 14:10:37.125] [jointLog] [info] writing output 

