[2020-07-05 14:10:10.173] [jointLog] [info] Fragment incompatibility prior below threshold.  Incompatible fragments will be ignored.
[2020-07-05 14:10:10.173] [jointLog] [info] Usage of --validateMappings implies use of minScoreFraction. Since not explicitly specified, it is being set to 0.65
[2020-07-05 14:10:10.173] [jointLog] [info] Usage of --validateMappings, without --hardFilter implies use of range factorization. rangeFactorizationBins is being set to 4
[2020-07-05 14:10:10.173] [jointLog] [info] Usage of --validateMappings implies a default consensus slack of 0.2. Setting consensusSlack to 0.2.
[2020-07-05 14:10:10.173] [jointLog] [info] parsing read library format
[2020-07-05 14:10:10.173] [jointLog] [info] There is 1 library.
[2020-07-05 14:10:10.222] [jointLog] [info] Loading Quasi index
[2020-07-05 14:10:10.222] [jointLog] [info] Loading 32-bit quasi index
[2020-07-05 14:10:16.625] [jointLog] [info] done
[2020-07-05 14:10:16.625] [jointLog] [info] Index contained 117,135 targets
[2020-07-05 14:10:18.277] [jointLog] [info] Automatically detected most likely library type as IU
[2020-07-05 14:10:21.553] [jointLog] [info] Computed 88,987 rich equivalence classes for further processing
[2020-07-05 14:10:21.553] [jointLog] [info] Counted 278,734 total reads in the equivalence classes 
[2020-07-05 14:10:21.568] [jointLog] [info] Number of mappings discarded because of alignment score : 161,611
[2020-07-05 14:10:21.568] [jointLog] [info] Number of fragments entirely discarded because of alignment score : 51,020
[2020-07-05 14:10:21.568] [jointLog] [info] Number of fragments discarded because they are best-mapped to decoys : 0
[2020-07-05 14:10:21.568] [jointLog] [info] Number of fragments discarded because they have only dovetail (discordant) mappings : 35,044
[2020-07-05 14:10:21.578] [jointLog] [warning] Only 278734 fragments were mapped, but the number of burn-in fragments was set to 5000000.
The effective lengths have been computed using the observed mappings.

[2020-07-05 14:10:21.578] [jointLog] [info] Mapping rate = 28.3248%

[2020-07-05 14:10:21.578] [jointLog] [info] finished quantifyLibrary()
[2020-07-05 14:10:21.578] [jointLog] [info] Starting optimizer
[2020-07-05 14:10:21.628] [jointLog] [info] Marked 0 weighted equivalence classes as degenerate
[2020-07-05 14:10:21.633] [jointLog] [info] iteration = 0 | max rel diff. = 235.22
[2020-07-05 14:10:21.554] [fileLog] [info] 
At end of round 0
==================
Observed 984064 total fragments (984064 in most recent round)

[2020-07-05 14:10:22.146] [jointLog] [info] iteration = 100 | max rel diff. = 7.19703
[2020-07-05 14:10:22.653] [jointLog] [info] iteration = 200 | max rel diff. = 0.19095
[2020-07-05 14:10:23.158] [jointLog] [info] iteration = 300 | max rel diff. = 0.0191463
[2020-07-05 14:10:23.663] [jointLog] [info] iteration = 400 | max rel diff. = 0.104307
[2020-07-05 14:10:23.754] [jointLog] [info] iteration = 419 | max rel diff. = 0.00549629
[2020-07-05 14:10:23.757] [jointLog] [info] Finished optimizer
[2020-07-05 14:10:23.757] [jointLog] [info] writing output 

