[2020-07-05 14:22:50.419] [jointLog] [info] Fragment incompatibility prior below threshold.  Incompatible fragments will be ignored.
[2020-07-05 14:22:50.419] [jointLog] [info] Usage of --validateMappings implies use of minScoreFraction. Since not explicitly specified, it is being set to 0.65
[2020-07-05 14:22:50.419] [jointLog] [info] Usage of --validateMappings, without --hardFilter implies use of range factorization. rangeFactorizationBins is being set to 4
[2020-07-05 14:22:50.419] [jointLog] [info] Usage of --validateMappings implies a default consensus slack of 0.2. Setting consensusSlack to 0.2.
[2020-07-05 14:22:50.419] [jointLog] [info] parsing read library format
[2020-07-05 14:22:50.419] [jointLog] [info] There is 1 library.
[2020-07-05 14:22:50.463] [jointLog] [info] Loading Quasi index
[2020-07-05 14:22:50.463] [jointLog] [info] Loading 32-bit quasi index
[2020-07-05 14:22:56.977] [jointLog] [info] done
[2020-07-05 14:22:56.977] [jointLog] [info] Index contained 117,135 targets
[2020-07-05 14:22:57.421] [jointLog] [info] Automatically detected most likely library type as U
[2020-07-05 14:23:22.979] [jointLog] [info] Computed 501,693 rich equivalence classes for further processing
[2020-07-05 14:23:22.979] [jointLog] [info] Counted 3,243,724 total reads in the equivalence classes 
[2020-07-05 14:23:22.993] [jointLog] [info] Number of mappings discarded because of alignment score : 2,503,934
[2020-07-05 14:23:22.993] [jointLog] [info] Number of fragments entirely discarded because of alignment score : 17,654,568
[2020-07-05 14:23:22.993] [jointLog] [info] Number of fragments discarded because they are best-mapped to decoys : 0
[2020-07-05 14:23:22.993] [jointLog] [info] Number of fragments discarded because they have only dovetail (discordant) mappings : 0
[2020-07-05 14:23:23.003] [jointLog] [warning] Only 3243724 fragments were mapped, but the number of burn-in fragments was set to 5000000.
The effective lengths have been computed using the observed mappings.

[2020-07-05 14:23:23.003] [jointLog] [info] Mapping rate = 15.5215%

[2020-07-05 14:23:23.003] [jointLog] [info] finished quantifyLibrary()
[2020-07-05 14:23:23.003] [jointLog] [info] Starting optimizer
[2020-07-05 14:23:22.979] [fileLog] [info] 
At end of round 0
==================
Observed 20898292 total fragments (20898292 in most recent round)

[2020-07-05 14:23:23.188] [jointLog] [info] Marked 0 weighted equivalence classes as degenerate
[2020-07-05 14:23:23.227] [jointLog] [info] iteration = 0 | max rel diff. = 2518.38
[2020-07-05 14:23:27.103] [jointLog] [info] iteration = 100 | max rel diff. = 15.5819
[2020-07-05 14:23:30.965] [jointLog] [info] iteration = 200 | max rel diff. = 11.7298
[2020-07-05 14:23:34.794] [jointLog] [info] iteration = 300 | max rel diff. = 0.223332
[2020-07-05 14:23:38.615] [jointLog] [info] iteration = 400 | max rel diff. = 0.0759495
[2020-07-05 14:23:42.480] [jointLog] [info] iteration = 500 | max rel diff. = 0.0669902
[2020-07-05 14:23:46.329] [jointLog] [info] iteration = 600 | max rel diff. = 0.332842
[2020-07-05 14:23:50.151] [jointLog] [info] iteration = 700 | max rel diff. = 0.0348256
[2020-07-05 14:23:51.984] [jointLog] [info] iteration = 747 | max rel diff. = 0.00564212
[2020-07-05 14:23:51.987] [jointLog] [info] Finished optimizer
[2020-07-05 14:23:51.987] [jointLog] [info] writing output 

