[2020-07-05 14:22:51.654] [jointLog] [info] Fragment incompatibility prior below threshold.  Incompatible fragments will be ignored.
[2020-07-05 14:22:51.654] [jointLog] [info] Usage of --validateMappings implies use of minScoreFraction. Since not explicitly specified, it is being set to 0.65
[2020-07-05 14:22:51.654] [jointLog] [info] Usage of --validateMappings, without --hardFilter implies use of range factorization. rangeFactorizationBins is being set to 4
[2020-07-05 14:22:51.654] [jointLog] [info] Usage of --validateMappings implies a default consensus slack of 0.2. Setting consensusSlack to 0.2.
[2020-07-05 14:22:51.654] [jointLog] [info] parsing read library format
[2020-07-05 14:22:51.654] [jointLog] [info] There is 1 library.
[2020-07-05 14:22:51.703] [jointLog] [info] Loading Quasi index
[2020-07-05 14:22:51.703] [jointLog] [info] Loading 32-bit quasi index
[2020-07-05 14:22:58.030] [jointLog] [info] done
[2020-07-05 14:22:58.030] [jointLog] [info] Index contained 117,135 targets
[2020-07-05 14:22:58.672] [jointLog] [info] Automatically detected most likely library type as IU
[2020-07-05 14:23:03.797] [jointLog] [info] Computed 129,767 rich equivalence classes for further processing
[2020-07-05 14:23:03.797] [jointLog] [info] Counted 1,152,670 total reads in the equivalence classes 
[2020-07-05 14:23:03.816] [jointLog] [info] Number of mappings discarded because of alignment score : 116,294
[2020-07-05 14:23:03.816] [jointLog] [info] Number of fragments entirely discarded because of alignment score : 82,550
[2020-07-05 14:23:03.816] [jointLog] [info] Number of fragments discarded because they are best-mapped to decoys : 0
[2020-07-05 14:23:03.816] [jointLog] [info] Number of fragments discarded because they have only dovetail (discordant) mappings : 134,604
[2020-07-05 14:23:03.825] [jointLog] [warning] Only 1152670 fragments were mapped, but the number of burn-in fragments was set to 5000000.
The effective lengths have been computed using the observed mappings.

[2020-07-05 14:23:03.826] [jointLog] [info] Mapping rate = 61.5112%

[2020-07-05 14:23:03.826] [jointLog] [info] finished quantifyLibrary()
[2020-07-05 14:23:03.827] [jointLog] [info] Starting optimizer
[2020-07-05 14:23:03.797] [fileLog] [info] 
At end of round 0
==================
Observed 1873920 total fragments (1873920 in most recent round)

[2020-07-05 14:23:04.928] [jointLog] [info] Marked 0 weighted equivalence classes as degenerate
[2020-07-05 14:23:04.934] [jointLog] [info] iteration = 0 | max rel diff. = 960.278
[2020-07-05 14:23:05.484] [jointLog] [info] iteration = 100 | max rel diff. = 13.0403
[2020-07-05 14:23:06.030] [jointLog] [info] iteration = 200 | max rel diff. = 19.4369
[2020-07-05 14:23:06.577] [jointLog] [info] iteration = 300 | max rel diff. = 0.188951
[2020-07-05 14:23:07.120] [jointLog] [info] iteration = 400 | max rel diff. = 1.26734
[2020-07-05 14:23:07.666] [jointLog] [info] iteration = 500 | max rel diff. = 0.0459626
[2020-07-05 14:23:08.210] [jointLog] [info] iteration = 600 | max rel diff. = 0.268298
[2020-07-05 14:23:08.341] [jointLog] [info] iteration = 625 | max rel diff. = 0.00631583
[2020-07-05 14:23:08.344] [jointLog] [info] Finished optimizer
[2020-07-05 14:23:08.344] [jointLog] [info] writing output 

