[2020-07-05 14:19:28.809] [jointLog] [info] Fragment incompatibility prior below threshold.  Incompatible fragments will be ignored.
[2020-07-05 14:19:28.809] [jointLog] [info] Usage of --validateMappings implies use of minScoreFraction. Since not explicitly specified, it is being set to 0.65
[2020-07-05 14:19:28.809] [jointLog] [info] Usage of --validateMappings, without --hardFilter implies use of range factorization. rangeFactorizationBins is being set to 4
[2020-07-05 14:19:28.809] [jointLog] [info] Usage of --validateMappings implies a default consensus slack of 0.2. Setting consensusSlack to 0.2.
[2020-07-05 14:19:28.809] [jointLog] [info] parsing read library format
[2020-07-05 14:19:28.809] [jointLog] [info] There is 1 library.
[2020-07-05 14:19:28.853] [jointLog] [info] Loading Quasi index
[2020-07-05 14:19:28.853] [jointLog] [info] Loading 32-bit quasi index
[2020-07-05 14:19:35.370] [jointLog] [info] done
[2020-07-05 14:19:35.370] [jointLog] [info] Index contained 117,135 targets
[2020-07-05 14:19:35.897] [jointLog] [info] Automatically detected most likely library type as IU
[2020-07-05 14:19:55.180] [jointLog] [info] Computed 267,680 rich equivalence classes for further processing
[2020-07-05 14:19:55.180] [jointLog] [info] Counted 4,807,982 total reads in the equivalence classes 
[2020-07-05 14:19:55.204] [jointLog] [info] Number of mappings discarded because of alignment score : 592,550
[2020-07-05 14:19:55.204] [jointLog] [info] Number of fragments entirely discarded because of alignment score : 255,652
[2020-07-05 14:19:55.204] [jointLog] [info] Number of fragments discarded because they are best-mapped to decoys : 0
[2020-07-05 14:19:55.204] [jointLog] [info] Number of fragments discarded because they have only dovetail (discordant) mappings : 294,647
[2020-07-05 14:19:55.214] [jointLog] [warning] Only 4807982 fragments were mapped, but the number of burn-in fragments was set to 5000000.
The effective lengths have been computed using the observed mappings.

[2020-07-05 14:19:55.214] [jointLog] [info] Mapping rate = 69.6575%

[2020-07-05 14:19:55.214] [jointLog] [info] finished quantifyLibrary()
[2020-07-05 14:19:55.214] [jointLog] [info] Starting optimizer
[2020-07-05 14:19:55.299] [jointLog] [info] Marked 0 weighted equivalence classes as degenerate
[2020-07-05 14:19:55.311] [jointLog] [info] iteration = 0 | max rel diff. = 3683.8
[2020-07-05 14:19:55.181] [fileLog] [info] 
At end of round 0
==================
Observed 6902320 total fragments (6902320 in most recent round)

[2020-07-05 14:19:56.603] [jointLog] [info] iteration = 100 | max rel diff. = 12.3526
[2020-07-05 14:19:57.801] [jointLog] [info] iteration = 200 | max rel diff. = 3.74624
[2020-07-05 14:19:59.016] [jointLog] [info] iteration = 300 | max rel diff. = 0.762794
[2020-07-05 14:20:00.220] [jointLog] [info] iteration = 400 | max rel diff. = 0.626006
[2020-07-05 14:20:01.438] [jointLog] [info] iteration = 500 | max rel diff. = 0.347763
[2020-07-05 14:20:02.644] [jointLog] [info] iteration = 600 | max rel diff. = 0.288669
[2020-07-05 14:20:03.867] [jointLog] [info] iteration = 700 | max rel diff. = 0.038253
[2020-07-05 14:20:05.086] [jointLog] [info] iteration = 800 | max rel diff. = 0.265535
[2020-07-05 14:20:06.295] [jointLog] [info] iteration = 900 | max rel diff. = 0.0197778
[2020-07-05 14:20:07.483] [jointLog] [info] iteration = 1,000 | max rel diff. = 0.15404
[2020-07-05 14:20:08.659] [jointLog] [info] iteration = 1,100 | max rel diff. = 0.0657354
[2020-07-05 14:20:09.442] [jointLog] [info] iteration = 1,166 | max rel diff. = 0.00748035
[2020-07-05 14:20:09.444] [jointLog] [info] Finished optimizer
[2020-07-05 14:20:09.444] [jointLog] [info] writing output 

