[2020-07-05 14:14:06.205] [jointLog] [info] Fragment incompatibility prior below threshold.  Incompatible fragments will be ignored.
[2020-07-05 14:14:06.205] [jointLog] [info] Usage of --validateMappings implies use of minScoreFraction. Since not explicitly specified, it is being set to 0.65
[2020-07-05 14:14:06.205] [jointLog] [info] Usage of --validateMappings, without --hardFilter implies use of range factorization. rangeFactorizationBins is being set to 4
[2020-07-05 14:14:06.205] [jointLog] [info] Usage of --validateMappings implies a default consensus slack of 0.2. Setting consensusSlack to 0.2.
[2020-07-05 14:14:06.205] [jointLog] [info] parsing read library format
[2020-07-05 14:14:06.205] [jointLog] [info] There is 1 library.
[2020-07-05 14:14:06.249] [jointLog] [info] Loading Quasi index
[2020-07-05 14:14:06.249] [jointLog] [info] Loading 32-bit quasi index
[2020-07-05 14:14:12.823] [jointLog] [info] done
[2020-07-05 14:14:12.823] [jointLog] [info] Index contained 117,135 targets
[2020-07-05 14:14:13.400] [jointLog] [info] Automatically detected most likely library type as SF
[2020-07-05 14:14:25.726] [jointLog] [info] Thread saw mini-batch with a maximum of 2.94% zero probability fragments
[2020-07-05 14:14:25.734] [jointLog] [info] Thread saw mini-batch with a maximum of 2.90% zero probability fragments
[2020-07-05 14:14:25.735] [jointLog] [info] Thread saw mini-batch with a maximum of 2.96% zero probability fragments
[2020-07-05 14:14:25.747] [jointLog] [info] Thread saw mini-batch with a maximum of 2.96% zero probability fragments
[2020-07-05 14:14:25.759] [jointLog] [info] Thread saw mini-batch with a maximum of 2.94% zero probability fragments
[2020-07-05 14:14:25.775] [jointLog] [info] Thread saw mini-batch with a maximum of 2.96% zero probability fragments
[2020-07-05 14:14:25.776] [jointLog] [info] Thread saw mini-batch with a maximum of 2.88% zero probability fragments
[2020-07-05 14:14:25.779] [jointLog] [info] Thread saw mini-batch with a maximum of 2.86% zero probability fragments
[2020-07-05 14:14:25.788] [jointLog] [info] Thread saw mini-batch with a maximum of 2.98% zero probability fragments
[2020-07-05 14:14:25.788] [jointLog] [info] Thread saw mini-batch with a maximum of 3.10% zero probability fragments
[2020-07-05 14:14:25.792] [jointLog] [info] Thread saw mini-batch with a maximum of 2.88% zero probability fragments
[2020-07-05 14:14:25.796] [jointLog] [info] Thread saw mini-batch with a maximum of 2.98% zero probability fragments
[2020-07-05 14:14:26.011] [jointLog] [info] Computed 178,486 rich equivalence classes for further processing
[2020-07-05 14:14:26.011] [jointLog] [info] Counted 2,158,646 total reads in the equivalence classes 
[2020-07-05 14:14:26.029] [jointLog] [info] Number of mappings discarded because of alignment score : 1,278,889
[2020-07-05 14:14:26.029] [jointLog] [info] Number of fragments entirely discarded because of alignment score : 7,085,868
[2020-07-05 14:14:26.029] [jointLog] [info] Number of fragments discarded because they are best-mapped to decoys : 0
[2020-07-05 14:14:26.029] [jointLog] [info] Number of fragments discarded because they have only dovetail (discordant) mappings : 0
[2020-07-05 14:14:26.038] [jointLog] [warning] Only 2158646 fragments were mapped, but the number of burn-in fragments was set to 5000000.
The effective lengths have been computed using the observed mappings.

[2020-07-05 14:14:26.038] [jointLog] [info] Mapping rate = 22.8106%

[2020-07-05 14:14:26.038] [jointLog] [info] finished quantifyLibrary()
[2020-07-05 14:14:26.039] [jointLog] [info] Starting optimizer
[2020-07-05 14:14:26.012] [fileLog] [info] 
At end of round 0
==================
Observed 9463326 total fragments (9463326 in most recent round)

[2020-07-05 14:14:28.072] [jointLog] [info] Marked 0 weighted equivalence classes as degenerate
[2020-07-05 14:14:28.081] [jointLog] [info] iteration = 0 | max rel diff. = 1749.08
[2020-07-05 14:14:29.175] [jointLog] [info] iteration = 100 | max rel diff. = 8.57016
[2020-07-05 14:14:30.222] [jointLog] [info] iteration = 200 | max rel diff. = 12.2265
[2020-07-05 14:14:31.281] [jointLog] [info] iteration = 300 | max rel diff. = 1.9765
[2020-07-05 14:14:32.365] [jointLog] [info] iteration = 400 | max rel diff. = 0.253143
[2020-07-05 14:14:33.381] [jointLog] [info] iteration = 500 | max rel diff. = 0.154299
[2020-07-05 14:14:34.428] [jointLog] [info] iteration = 600 | max rel diff. = 0.057135
[2020-07-05 14:14:35.486] [jointLog] [info] iteration = 700 | max rel diff. = 0.0130764
[2020-07-05 14:14:36.476] [jointLog] [info] iteration = 800 | max rel diff. = 0.0435248
[2020-07-05 14:14:37.545] [jointLog] [info] iteration = 900 | max rel diff. = 0.0162
[2020-07-05 14:14:38.199] [jointLog] [info] iteration = 965 | max rel diff. = 0.00964521
[2020-07-05 14:14:38.202] [jointLog] [info] Finished optimizer
[2020-07-05 14:14:38.202] [jointLog] [info] writing output 

