[2020-07-05 14:21:38.704] [jointLog] [info] Fragment incompatibility prior below threshold.  Incompatible fragments will be ignored.
[2020-07-05 14:21:38.704] [jointLog] [info] Usage of --validateMappings implies use of minScoreFraction. Since not explicitly specified, it is being set to 0.65
[2020-07-05 14:21:38.704] [jointLog] [info] Usage of --validateMappings, without --hardFilter implies use of range factorization. rangeFactorizationBins is being set to 4
[2020-07-05 14:21:38.704] [jointLog] [info] Usage of --validateMappings implies a default consensus slack of 0.2. Setting consensusSlack to 0.2.
[2020-07-05 14:21:38.704] [jointLog] [info] parsing read library format
[2020-07-05 14:21:38.704] [jointLog] [info] There is 1 library.
[2020-07-05 14:21:38.747] [jointLog] [info] Loading Quasi index
[2020-07-05 14:21:38.747] [jointLog] [info] Loading 32-bit quasi index
[2020-07-05 14:21:45.304] [jointLog] [info] done
[2020-07-05 14:21:45.304] [jointLog] [info] Index contained 117,135 targets
[2020-07-05 14:21:45.830] [jointLog] [info] Automatically detected most likely library type as IU
[2020-07-05 14:21:48.925] [jointLog] [info] Computed 104,508 rich equivalence classes for further processing
[2020-07-05 14:21:48.925] [jointLog] [info] Counted 687,199 total reads in the equivalence classes 
[2020-07-05 14:21:48.943] [jointLog] [info] Number of mappings discarded because of alignment score : 109,108
[2020-07-05 14:21:48.943] [jointLog] [info] Number of fragments entirely discarded because of alignment score : 41,920
[2020-07-05 14:21:48.943] [jointLog] [info] Number of fragments discarded because they are best-mapped to decoys : 0
[2020-07-05 14:21:48.943] [jointLog] [info] Number of fragments discarded because they have only dovetail (discordant) mappings : 39,548
[2020-07-05 14:21:48.953] [jointLog] [warning] Only 687199 fragments were mapped, but the number of burn-in fragments was set to 5000000.
The effective lengths have been computed using the observed mappings.

[2020-07-05 14:21:48.953] [jointLog] [info] Mapping rate = 65.1546%

[2020-07-05 14:21:48.953] [jointLog] [info] finished quantifyLibrary()
[2020-07-05 14:21:48.953] [jointLog] [info] Starting optimizer
[2020-07-05 14:21:49.008] [jointLog] [info] Marked 0 weighted equivalence classes as degenerate
[2020-07-05 14:21:49.013] [jointLog] [info] iteration = 0 | max rel diff. = 570.65
[2020-07-05 14:21:48.926] [fileLog] [info] 
At end of round 0
==================
Observed 1054720 total fragments (1054720 in most recent round)

[2020-07-05 14:21:49.527] [jointLog] [info] iteration = 100 | max rel diff. = 13.1063
[2020-07-05 14:21:50.056] [jointLog] [info] iteration = 200 | max rel diff. = 1.2092
[2020-07-05 14:21:50.586] [jointLog] [info] iteration = 300 | max rel diff. = 1.11111
[2020-07-05 14:21:51.101] [jointLog] [info] iteration = 400 | max rel diff. = 0.589309
[2020-07-05 14:21:51.610] [jointLog] [info] iteration = 500 | max rel diff. = 0.0297421
[2020-07-05 14:21:52.019] [jointLog] [info] iteration = 580 | max rel diff. = 0.00955448
[2020-07-05 14:21:52.021] [jointLog] [info] Finished optimizer
[2020-07-05 14:21:52.021] [jointLog] [info] writing output 

