[2020-07-05 14:17:38.270] [jointLog] [info] Fragment incompatibility prior below threshold.  Incompatible fragments will be ignored.
[2020-07-05 14:17:38.270] [jointLog] [info] Usage of --validateMappings implies use of minScoreFraction. Since not explicitly specified, it is being set to 0.65
[2020-07-05 14:17:38.270] [jointLog] [info] Usage of --validateMappings, without --hardFilter implies use of range factorization. rangeFactorizationBins is being set to 4
[2020-07-05 14:17:38.270] [jointLog] [info] Usage of --validateMappings implies a default consensus slack of 0.2. Setting consensusSlack to 0.2.
[2020-07-05 14:17:38.270] [jointLog] [info] parsing read library format
[2020-07-05 14:17:38.270] [jointLog] [info] There is 1 library.
[2020-07-05 14:17:38.316] [jointLog] [info] Loading Quasi index
[2020-07-05 14:17:38.316] [jointLog] [info] Loading 32-bit quasi index
[2020-07-05 14:17:44.838] [jointLog] [info] done
[2020-07-05 14:17:44.838] [jointLog] [info] Index contained 117,135 targets
[2020-07-05 14:17:45.313] [jointLog] [info] Automatically detected most likely library type as IU
[2020-07-05 14:18:04.505] [jointLog] [info] Computed 266,273 rich equivalence classes for further processing
[2020-07-05 14:18:04.505] [jointLog] [info] Counted 4,763,418 total reads in the equivalence classes 
[2020-07-05 14:18:04.528] [jointLog] [info] Number of mappings discarded because of alignment score : 588,913
[2020-07-05 14:18:04.528] [jointLog] [info] Number of fragments entirely discarded because of alignment score : 255,942
[2020-07-05 14:18:04.528] [jointLog] [info] Number of fragments discarded because they are best-mapped to decoys : 0
[2020-07-05 14:18:04.528] [jointLog] [info] Number of fragments discarded because they have only dovetail (discordant) mappings : 305,053
[2020-07-05 14:18:04.538] [jointLog] [warning] Only 4763418 fragments were mapped, but the number of burn-in fragments was set to 5000000.
The effective lengths have been computed using the observed mappings.

[2020-07-05 14:18:04.538] [jointLog] [info] Mapping rate = 69.3557%

[2020-07-05 14:18:04.538] [jointLog] [info] finished quantifyLibrary()
[2020-07-05 14:18:04.539] [jointLog] [info] Starting optimizer
[2020-07-05 14:18:04.621] [jointLog] [info] Marked 0 weighted equivalence classes as degenerate
[2020-07-05 14:18:04.634] [jointLog] [info] iteration = 0 | max rel diff. = 3531.88
[2020-07-05 14:18:04.505] [fileLog] [info] 
At end of round 0
==================
Observed 6868103 total fragments (6868103 in most recent round)

[2020-07-05 14:18:06.006] [jointLog] [info] iteration = 100 | max rel diff. = 12.8152
[2020-07-05 14:18:07.345] [jointLog] [info] iteration = 200 | max rel diff. = 8.92889
[2020-07-05 14:18:08.647] [jointLog] [info] iteration = 300 | max rel diff. = 1.36658
[2020-07-05 14:18:09.941] [jointLog] [info] iteration = 400 | max rel diff. = 0.532772
[2020-07-05 14:18:11.227] [jointLog] [info] iteration = 500 | max rel diff. = 1.18428
[2020-07-05 14:18:12.517] [jointLog] [info] iteration = 600 | max rel diff. = 0.531034
[2020-07-05 14:18:13.830] [jointLog] [info] iteration = 700 | max rel diff. = 0.418399
[2020-07-05 14:18:15.102] [jointLog] [info] iteration = 800 | max rel diff. = 0.0273587
[2020-07-05 14:18:16.449] [jointLog] [info] iteration = 900 | max rel diff. = 0.0670435
[2020-07-05 14:18:17.373] [jointLog] [info] iteration = 972 | max rel diff. = 0.00858127
[2020-07-05 14:18:17.376] [jointLog] [info] Finished optimizer
[2020-07-05 14:18:17.376] [jointLog] [info] writing output 

