[2020-07-05 14:10:04.407] [jointLog] [info] Fragment incompatibility prior below threshold.  Incompatible fragments will be ignored.
[2020-07-05 14:10:04.407] [jointLog] [info] Usage of --validateMappings implies use of minScoreFraction. Since not explicitly specified, it is being set to 0.65
[2020-07-05 14:10:04.407] [jointLog] [info] Usage of --validateMappings, without --hardFilter implies use of range factorization. rangeFactorizationBins is being set to 4
[2020-07-05 14:10:04.407] [jointLog] [info] Usage of --validateMappings implies a default consensus slack of 0.2. Setting consensusSlack to 0.2.
[2020-07-05 14:10:04.407] [jointLog] [info] parsing read library format
[2020-07-05 14:10:04.407] [jointLog] [info] There is 1 library.
[2020-07-05 14:10:04.454] [jointLog] [info] Loading Quasi index
[2020-07-05 14:10:04.454] [jointLog] [info] Loading 32-bit quasi index
[2020-07-05 14:10:10.823] [jointLog] [info] done
[2020-07-05 14:10:10.823] [jointLog] [info] Index contained 117,135 targets
[2020-07-05 14:10:11.281] [jointLog] [info] Automatically detected most likely library type as IU
[2020-07-05 14:10:24.840] [jointLog] [info] Computed 225,096 rich equivalence classes for further processing
[2020-07-05 14:10:24.840] [jointLog] [info] Counted 3,653,913 total reads in the equivalence classes 
[2020-07-05 14:10:24.863] [jointLog] [info] Number of mappings discarded because of alignment score : 447,432
[2020-07-05 14:10:24.863] [jointLog] [info] Number of fragments entirely discarded because of alignment score : 199,183
[2020-07-05 14:10:24.863] [jointLog] [info] Number of fragments discarded because they are best-mapped to decoys : 0
[2020-07-05 14:10:24.863] [jointLog] [info] Number of fragments discarded because they have only dovetail (discordant) mappings : 249,369
[2020-07-05 14:10:24.873] [jointLog] [warning] Only 3653913 fragments were mapped, but the number of burn-in fragments was set to 5000000.
The effective lengths have been computed using the observed mappings.

[2020-07-05 14:10:24.873] [jointLog] [info] Mapping rate = 69.7624%

[2020-07-05 14:10:24.873] [jointLog] [info] finished quantifyLibrary()
[2020-07-05 14:10:24.874] [jointLog] [info] Starting optimizer
[2020-07-05 14:10:24.841] [fileLog] [info] 
At end of round 0
==================
Observed 5237652 total fragments (5237652 in most recent round)

[2020-07-05 14:10:26.291] [jointLog] [info] Marked 0 weighted equivalence classes as degenerate
[2020-07-05 14:10:26.301] [jointLog] [info] iteration = 0 | max rel diff. = 2884.65
[2020-07-05 14:10:27.291] [jointLog] [info] iteration = 100 | max rel diff. = 17.4951
[2020-07-05 14:10:28.278] [jointLog] [info] iteration = 200 | max rel diff. = 1.92674
[2020-07-05 14:10:29.266] [jointLog] [info] iteration = 300 | max rel diff. = 2.85006
[2020-07-05 14:10:30.253] [jointLog] [info] iteration = 400 | max rel diff. = 0.188276
[2020-07-05 14:10:31.240] [jointLog] [info] iteration = 500 | max rel diff. = 5.53274
[2020-07-05 14:10:32.230] [jointLog] [info] iteration = 600 | max rel diff. = 0.456555
[2020-07-05 14:10:33.218] [jointLog] [info] iteration = 700 | max rel diff. = 0.0575112
[2020-07-05 14:10:34.205] [jointLog] [info] iteration = 800 | max rel diff. = 0.0936222
[2020-07-05 14:10:35.191] [jointLog] [info] iteration = 900 | max rel diff. = 0.0149343
[2020-07-05 14:10:35.833] [jointLog] [info] iteration = 966 | max rel diff. = 0.00154959
[2020-07-05 14:10:35.836] [jointLog] [info] Finished optimizer
[2020-07-05 14:10:35.836] [jointLog] [info] writing output 

