[2020-07-05 14:19:20.202] [jointLog] [info] Fragment incompatibility prior below threshold.  Incompatible fragments will be ignored.
[2020-07-05 14:19:20.202] [jointLog] [info] Usage of --validateMappings implies use of minScoreFraction. Since not explicitly specified, it is being set to 0.65
[2020-07-05 14:19:20.202] [jointLog] [info] Usage of --validateMappings, without --hardFilter implies use of range factorization. rangeFactorizationBins is being set to 4
[2020-07-05 14:19:20.202] [jointLog] [info] Usage of --validateMappings implies a default consensus slack of 0.2. Setting consensusSlack to 0.2.
[2020-07-05 14:19:20.202] [jointLog] [info] parsing read library format
[2020-07-05 14:19:20.202] [jointLog] [info] There is 1 library.
[2020-07-05 14:19:20.250] [jointLog] [info] Loading Quasi index
[2020-07-05 14:19:20.250] [jointLog] [info] Loading 32-bit quasi index
[2020-07-05 14:19:26.626] [jointLog] [info] done
[2020-07-05 14:19:26.626] [jointLog] [info] Index contained 117,135 targets
[2020-07-05 14:19:27.069] [jointLog] [info] Automatically detected most likely library type as IU
[2020-07-05 14:19:34.119] [jointLog] [info] Computed 159,033 rich equivalence classes for further processing
[2020-07-05 14:19:34.119] [jointLog] [info] Counted 1,451,004 total reads in the equivalence classes 
[2020-07-05 14:19:34.139] [jointLog] [info] Number of mappings discarded because of alignment score : 189,818
[2020-07-05 14:19:34.140] [jointLog] [info] Number of fragments entirely discarded because of alignment score : 120,321
[2020-07-05 14:19:34.140] [jointLog] [info] Number of fragments discarded because they are best-mapped to decoys : 0
[2020-07-05 14:19:34.140] [jointLog] [info] Number of fragments discarded because they have only dovetail (discordant) mappings : 170,201
[2020-07-05 14:19:34.149] [jointLog] [warning] Only 1451004 fragments were mapped, but the number of burn-in fragments was set to 5000000.
The effective lengths have been computed using the observed mappings.

[2020-07-05 14:19:34.149] [jointLog] [info] Mapping rate = 58.1451%

[2020-07-05 14:19:34.149] [jointLog] [info] finished quantifyLibrary()
[2020-07-05 14:19:34.150] [jointLog] [info] Starting optimizer
[2020-07-05 14:19:34.120] [fileLog] [info] 
At end of round 0
==================
Observed 2495488 total fragments (2495488 in most recent round)

[2020-07-05 14:19:35.388] [jointLog] [info] Marked 0 weighted equivalence classes as degenerate
[2020-07-05 14:19:35.395] [jointLog] [info] iteration = 0 | max rel diff. = 1199.03
[2020-07-05 14:19:36.072] [jointLog] [info] iteration = 100 | max rel diff. = 16.9198
[2020-07-05 14:19:36.745] [jointLog] [info] iteration = 200 | max rel diff. = 4.92988
[2020-07-05 14:19:37.416] [jointLog] [info] iteration = 300 | max rel diff. = 0.47041
[2020-07-05 14:19:38.086] [jointLog] [info] iteration = 400 | max rel diff. = 0.604405
[2020-07-05 14:19:38.756] [jointLog] [info] iteration = 500 | max rel diff. = 0.0318656
[2020-07-05 14:19:39.428] [jointLog] [info] iteration = 600 | max rel diff. = 0.285845
[2020-07-05 14:19:39.455] [jointLog] [info] iteration = 605 | max rel diff. = 0.00942112
[2020-07-05 14:19:39.458] [jointLog] [info] Finished optimizer
[2020-07-05 14:19:39.458] [jointLog] [info] writing output 

