[2019-04-23 13:34:04.059] [jointLog] [info] Fragment incompatibility prior below threshold.  Incompatible fragments will be ignored.
[2019-04-23 13:34:04.059] [jointLog] [info] Usage of --validateMappings implies use of minScoreFraction. Since not explicitly specified, it is being set to 0.65
[2019-04-23 13:34:04.059] [jointLog] [info] Usage of --validateMappings, without --hardFilter implies use of range factorization. rangeFactorizationBins is being set to 4
[2019-04-23 13:34:04.059] [jointLog] [info] Usage of --validateMappings implies a default consensus slack of 0.2. Setting consensusSlack to 0.2.
[2019-04-23 13:34:04.059] [jointLog] [info] parsing read library format
[2019-04-23 13:34:04.059] [jointLog] [info] There is 1 library.
[2019-04-23 13:34:04.127] [jointLog] [info] Loading Quasi index
[2019-04-23 13:34:04.139] [jointLog] [info] Loading 32-bit quasi index
[2019-04-23 13:34:29.751] [jointLog] [info] done
[2019-04-23 13:34:29.751] [jointLog] [info] Index contained 116,248 targets
[2019-04-23 14:25:12.359] [jointLog] [info] Fragment incompatibility prior below threshold.  Incompatible fragments will be ignored.
[2019-04-23 14:25:12.359] [jointLog] [info] Usage of --validateMappings implies use of minScoreFraction. Since not explicitly specified, it is being set to 0.65
[2019-04-23 14:25:12.359] [jointLog] [info] Usage of --validateMappings, without --hardFilter implies use of range factorization. rangeFactorizationBins is being set to 4
[2019-04-23 14:25:12.360] [jointLog] [info] Usage of --validateMappings implies a default consensus slack of 0.2. Setting consensusSlack to 0.2.
[2019-04-23 14:25:12.360] [jointLog] [info] parsing read library format
[2019-04-23 14:25:12.360] [jointLog] [info] There is 1 library.
[2019-04-23 14:25:13.042] [jointLog] [info] Loading Quasi index
[2019-04-23 14:25:13.052] [jointLog] [info] Loading 32-bit quasi index
[2019-04-23 14:25:59.167] [jointLog] [info] done
[2019-04-23 14:25:59.167] [jointLog] [info] Index contained 116,248 targets
[2019-04-23 14:25:59.867] [jointLog] [info] Automatically detected most likely library type as IU
[2019-04-23 14:27:54.063] [fileLog] [info] 
At end of round 0
==================
Observed 24409715 total fragments (24409715 in most recent round)

[2019-04-23 14:27:54.062] [jointLog] [info] Computed 380,327 rich equivalence classes for further processing
[2019-04-23 14:27:54.062] [jointLog] [info] Counted 20,030,912 total reads in the equivalence classes 
[2019-04-23 14:27:54.124] [jointLog] [info] Number of mappings discarded because of alignment score : 3,556,164
[2019-04-23 14:27:54.124] [jointLog] [info] Number of fragments entirely discarded because of alignment score : 725,453
[2019-04-23 14:27:54.124] [jointLog] [info] Number of fragments discarded because they have only dovetail (discordant) mappings : 160,928
[2019-04-23 14:27:54.124] [jointLog] [info] Mapping rate = 82.0612%

[2019-04-23 14:27:54.124] [jointLog] [info] finished quantifyLibrary()
[2019-04-23 14:27:54.194] [jointLog] [info] Starting optimizer
[2019-04-23 14:27:54.381] [jointLog] [info] Marked 0 weighted equivalence classes as degenerate
[2019-04-23 14:27:54.400] [jointLog] [info] iteration = 0 | max rel diff. = 10208.3
[2019-04-23 14:27:56.292] [jointLog] [info] iteration = 100 | max rel diff. = 10.0989
[2019-04-23 14:27:58.180] [jointLog] [info] iteration = 200 | max rel diff. = 6.2767
[2019-04-23 14:28:00.068] [jointLog] [info] iteration = 300 | max rel diff. = 1.62972
[2019-04-23 14:28:01.955] [jointLog] [info] iteration = 400 | max rel diff. = 0.697305
[2019-04-23 14:28:03.842] [jointLog] [info] iteration = 500 | max rel diff. = 1.487
[2019-04-23 14:28:05.728] [jointLog] [info] iteration = 600 | max rel diff. = 0.171135
[2019-04-23 14:28:07.614] [jointLog] [info] iteration = 700 | max rel diff. = 0.2482
[2019-04-23 14:28:09.500] [jointLog] [info] iteration = 800 | max rel diff. = 0.0475792
[2019-04-23 14:28:11.386] [jointLog] [info] iteration = 900 | max rel diff. = 0.0266167
[2019-04-23 14:28:13.272] [jointLog] [info] iteration = 1,000 | max rel diff. = 0.185819
[2019-04-23 14:28:15.157] [jointLog] [info] iteration = 1,100 | max rel diff. = 0.0514955
[2019-04-23 14:28:15.497] [jointLog] [info] iteration = 1,119 | max rel diff. = 0.00972038
[2019-04-23 14:28:15.500] [jointLog] [info] Finished optimizer
[2019-04-23 14:28:15.500] [jointLog] [info] writing output 

