[2020-07-05 15:46:38.237] [jointLog] [info] Fragment incompatibility prior below threshold.  Incompatible fragments will be ignored.
[2020-07-05 15:46:38.237] [jointLog] [info] Usage of --validateMappings implies use of minScoreFraction. Since not explicitly specified, it is being set to 0.65
[2020-07-05 15:46:38.237] [jointLog] [info] Usage of --validateMappings, without --hardFilter implies use of range factorization. rangeFactorizationBins is being set to 4
[2020-07-05 15:46:38.237] [jointLog] [info] Usage of --validateMappings implies a default consensus slack of 0.2. Setting consensusSlack to 0.2.
[2020-07-05 15:46:38.237] [jointLog] [info] parsing read library format
[2020-07-05 15:46:38.237] [jointLog] [info] There is 1 library.
[2020-07-05 15:46:38.291] [jointLog] [info] Loading Quasi index
[2020-07-05 15:46:38.291] [jointLog] [info] Loading 32-bit quasi index
[2020-07-05 15:46:45.333] [jointLog] [info] done
[2020-07-05 15:46:45.333] [jointLog] [info] Index contained 178,517 targets
[2020-07-05 15:46:46.023] [jointLog] [info] Automatically detected most likely library type as IU
[2020-07-05 15:49:10.585] [jointLog] [info] Computed 639,301 rich equivalence classes for further processing
[2020-07-05 15:49:10.585] [jointLog] [info] Counted 16,859,479 total reads in the equivalence classes 
[2020-07-05 15:49:10.611] [jointLog] [info] Number of mappings discarded because of alignment score : 7,980,972
[2020-07-05 15:49:10.611] [jointLog] [info] Number of fragments entirely discarded because of alignment score : 1,741,829
[2020-07-05 15:49:10.611] [jointLog] [info] Number of fragments discarded because they are best-mapped to decoys : 0
[2020-07-05 15:49:10.611] [jointLog] [info] Number of fragments discarded because they have only dovetail (discordant) mappings : 1,298,462
[2020-07-05 15:49:10.611] [jointLog] [info] Mapping rate = 67.6542%

[2020-07-05 15:49:10.611] [jointLog] [info] finished quantifyLibrary()
[2020-07-05 15:49:10.612] [jointLog] [info] Starting optimizer
[2020-07-05 15:49:10.771] [jointLog] [info] Marked 0 weighted equivalence classes as degenerate
[2020-07-05 15:49:10.795] [jointLog] [info] iteration = 0 | max rel diff. = 6145.38
[2020-07-05 15:49:10.586] [fileLog] [info] 
At end of round 0
==================
Observed 24920064 total fragments (24920064 in most recent round)

[2020-07-05 15:49:13.134] [jointLog] [info] iteration = 100 | max rel diff. = 13.6942
[2020-07-05 15:49:15.475] [jointLog] [info] iteration = 200 | max rel diff. = 13.8959
[2020-07-05 15:49:17.818] [jointLog] [info] iteration = 300 | max rel diff. = 1.9729
[2020-07-05 15:49:20.161] [jointLog] [info] iteration = 400 | max rel diff. = 3.02589
[2020-07-05 15:49:22.504] [jointLog] [info] iteration = 500 | max rel diff. = 4.13365
[2020-07-05 15:49:24.848] [jointLog] [info] iteration = 600 | max rel diff. = 2.50897
[2020-07-05 15:49:27.190] [jointLog] [info] iteration = 700 | max rel diff. = 0.0468441
[2020-07-05 15:49:29.534] [jointLog] [info] iteration = 800 | max rel diff. = 0.117596
[2020-07-05 15:49:31.878] [jointLog] [info] iteration = 900 | max rel diff. = 0.400708
[2020-07-05 15:49:34.220] [jointLog] [info] iteration = 1,000 | max rel diff. = 0.0899764
[2020-07-05 15:49:36.564] [jointLog] [info] iteration = 1,100 | max rel diff. = 0.0555293
[2020-07-05 15:49:38.907] [jointLog] [info] iteration = 1,200 | max rel diff. = 0.0471322
[2020-07-05 15:49:41.250] [jointLog] [info] iteration = 1,300 | max rel diff. = 0.0426919
[2020-07-05 15:49:43.594] [jointLog] [info] iteration = 1,400 | max rel diff. = 0.0383066
[2020-07-05 15:49:45.937] [jointLog] [info] iteration = 1,500 | max rel diff. = 0.0367159
[2020-07-05 15:49:46.756] [jointLog] [info] iteration = 1,536 | max rel diff. = 0.00602502
[2020-07-05 15:49:46.760] [jointLog] [info] Finished optimizer
[2020-07-05 15:49:46.761] [jointLog] [info] writing output 

