[2020-07-05 15:00:13.152] [jointLog] [info] Fragment incompatibility prior below threshold.  Incompatible fragments will be ignored.
[2020-07-05 15:00:13.152] [jointLog] [info] Usage of --validateMappings implies use of minScoreFraction. Since not explicitly specified, it is being set to 0.65
[2020-07-05 15:00:13.152] [jointLog] [info] Usage of --validateMappings, without --hardFilter implies use of range factorization. rangeFactorizationBins is being set to 4
[2020-07-05 15:00:13.152] [jointLog] [info] Usage of --validateMappings implies a default consensus slack of 0.2. Setting consensusSlack to 0.2.
[2020-07-05 15:00:13.152] [jointLog] [info] parsing read library format
[2020-07-05 15:00:13.152] [jointLog] [info] There is 1 library.
[2020-07-05 15:00:13.199] [jointLog] [info] Loading Quasi index
[2020-07-05 15:00:13.200] [jointLog] [info] Loading 32-bit quasi index
[2020-07-05 15:00:20.185] [jointLog] [info] done
[2020-07-05 15:00:20.185] [jointLog] [info] Index contained 178,517 targets
[2020-07-05 15:00:20.695] [jointLog] [info] Automatically detected most likely library type as U
[2020-07-05 15:01:58.318] [jointLog] [info] Computed 538,691 rich equivalence classes for further processing
[2020-07-05 15:01:58.318] [jointLog] [info] Counted 19,830,686 total reads in the equivalence classes 
[2020-07-05 15:01:58.346] [jointLog] [info] Number of mappings discarded because of alignment score : 7,885,571
[2020-07-05 15:01:58.346] [jointLog] [info] Number of fragments entirely discarded because of alignment score : 8,472,086
[2020-07-05 15:01:58.346] [jointLog] [info] Number of fragments discarded because they are best-mapped to decoys : 0
[2020-07-05 15:01:58.346] [jointLog] [info] Number of fragments discarded because they have only dovetail (discordant) mappings : 0
[2020-07-05 15:01:58.346] [jointLog] [info] Mapping rate = 70.0662%

[2020-07-05 15:01:58.346] [jointLog] [info] finished quantifyLibrary()
[2020-07-05 15:01:58.347] [jointLog] [info] Starting optimizer
[2020-07-05 15:01:58.319] [fileLog] [info] 
At end of round 0
==================
Observed 28302772 total fragments (28302772 in most recent round)

[2020-07-05 15:02:02.475] [jointLog] [info] Marked 0 weighted equivalence classes as degenerate
[2020-07-05 15:02:02.502] [jointLog] [info] iteration = 0 | max rel diff. = 6683.17
[2020-07-05 15:02:05.186] [jointLog] [info] iteration = 100 | max rel diff. = 18.2939
[2020-07-05 15:02:07.875] [jointLog] [info] iteration = 200 | max rel diff. = 16.1156
[2020-07-05 15:02:10.566] [jointLog] [info] iteration = 300 | max rel diff. = 4.80965
[2020-07-05 15:02:13.257] [jointLog] [info] iteration = 400 | max rel diff. = 0.744956
[2020-07-05 15:02:15.948] [jointLog] [info] iteration = 500 | max rel diff. = 3.1628
[2020-07-05 15:02:18.640] [jointLog] [info] iteration = 600 | max rel diff. = 0.173176
[2020-07-05 15:02:21.333] [jointLog] [info] iteration = 700 | max rel diff. = 6.02677
[2020-07-05 15:02:24.026] [jointLog] [info] iteration = 800 | max rel diff. = 1.47996
[2020-07-05 15:02:26.719] [jointLog] [info] iteration = 900 | max rel diff. = 0.341275
[2020-07-05 15:02:29.411] [jointLog] [info] iteration = 1,000 | max rel diff. = 0.101918
[2020-07-05 15:02:32.104] [jointLog] [info] iteration = 1,100 | max rel diff. = 0.627116
[2020-07-05 15:02:34.796] [jointLog] [info] iteration = 1,200 | max rel diff. = 1.66461
[2020-07-05 15:02:37.488] [jointLog] [info] iteration = 1,300 | max rel diff. = 2.35286
[2020-07-05 15:02:40.182] [jointLog] [info] iteration = 1,400 | max rel diff. = 0.214659
[2020-07-05 15:02:42.875] [jointLog] [info] iteration = 1,500 | max rel diff. = 0.1267
[2020-07-05 15:02:45.567] [jointLog] [info] iteration = 1,600 | max rel diff. = 0.236369
[2020-07-05 15:02:46.644] [jointLog] [info] iteration = 1,641 | max rel diff. = 0.00936865
[2020-07-05 15:02:46.649] [jointLog] [info] Finished optimizer
[2020-07-05 15:02:46.649] [jointLog] [info] writing output 

