[2019-04-23 13:35:12.290] [jointLog] [info] Fragment incompatibility prior below threshold.  Incompatible fragments will be ignored.
[2019-04-23 13:35:12.290] [jointLog] [info] Usage of --validateMappings implies use of minScoreFraction. Since not explicitly specified, it is being set to 0.65
[2019-04-23 13:35:12.290] [jointLog] [info] Usage of --validateMappings, without --hardFilter implies use of range factorization. rangeFactorizationBins is being set to 4
[2019-04-23 13:35:12.290] [jointLog] [info] Usage of --validateMappings implies a default consensus slack of 0.2. Setting consensusSlack to 0.2.
[2019-04-23 13:35:12.290] [jointLog] [info] parsing read library format
[2019-04-23 13:35:12.290] [jointLog] [info] There is 1 library.
[2019-04-23 13:35:12.369] [jointLog] [info] Loading Quasi index
[2019-04-23 13:35:12.378] [jointLog] [info] Loading 32-bit quasi index
[2019-04-23 13:35:38.456] [jointLog] [info] done
[2019-04-23 13:35:38.456] [jointLog] [info] Index contained 116,248 targets
[2019-04-23 14:25:12.379] [jointLog] [info] Fragment incompatibility prior below threshold.  Incompatible fragments will be ignored.
[2019-04-23 14:25:12.379] [jointLog] [info] Usage of --validateMappings implies use of minScoreFraction. Since not explicitly specified, it is being set to 0.65
[2019-04-23 14:25:12.379] [jointLog] [info] Usage of --validateMappings, without --hardFilter implies use of range factorization. rangeFactorizationBins is being set to 4
[2019-04-23 14:25:12.379] [jointLog] [info] Usage of --validateMappings implies a default consensus slack of 0.2. Setting consensusSlack to 0.2.
[2019-04-23 14:25:12.379] [jointLog] [info] parsing read library format
[2019-04-23 14:25:12.379] [jointLog] [info] There is 1 library.
[2019-04-23 14:25:12.694] [jointLog] [info] Loading Quasi index
[2019-04-23 14:25:12.704] [jointLog] [info] Loading 32-bit quasi index
[2019-04-23 14:25:53.237] [jointLog] [info] done
[2019-04-23 14:25:53.237] [jointLog] [info] Index contained 116,248 targets
[2019-04-23 14:25:54.422] [jointLog] [info] Automatically detected most likely library type as IU
[2019-04-23 14:28:02.477] [fileLog] [info] 
At end of round 0
==================
Observed 28269981 total fragments (28269981 in most recent round)

[2019-04-23 14:28:02.477] [jointLog] [info] Computed 367,951 rich equivalence classes for further processing
[2019-04-23 14:28:02.477] [jointLog] [info] Counted 24,856,208 total reads in the equivalence classes 
[2019-04-23 14:28:02.517] [jointLog] [info] Number of mappings discarded because of alignment score : 2,659,899
[2019-04-23 14:28:02.517] [jointLog] [info] Number of fragments entirely discarded because of alignment score : 588,526
[2019-04-23 14:28:02.517] [jointLog] [info] Number of fragments discarded because they have only dovetail (discordant) mappings : 106,823
[2019-04-23 14:28:02.517] [jointLog] [info] Mapping rate = 87.9244%

[2019-04-23 14:28:02.517] [jointLog] [info] finished quantifyLibrary()
[2019-04-23 14:28:02.553] [jointLog] [info] Starting optimizer
[2019-04-23 14:28:02.683] [jointLog] [info] Marked 0 weighted equivalence classes as degenerate
[2019-04-23 14:28:02.701] [jointLog] [info] iteration = 0 | max rel diff. = 10323.2
[2019-04-23 14:28:04.299] [jointLog] [info] iteration = 100 | max rel diff. = 13.5231
[2019-04-23 14:28:05.890] [jointLog] [info] iteration = 200 | max rel diff. = 2.01155
[2019-04-23 14:28:07.481] [jointLog] [info] iteration = 300 | max rel diff. = 1.34106
[2019-04-23 14:28:09.071] [jointLog] [info] iteration = 400 | max rel diff. = 0.410318
[2019-04-23 14:28:10.665] [jointLog] [info] iteration = 500 | max rel diff. = 0.62409
[2019-04-23 14:28:12.256] [jointLog] [info] iteration = 600 | max rel diff. = 9.45117
[2019-04-23 14:28:13.854] [jointLog] [info] iteration = 700 | max rel diff. = 0.0473131
[2019-04-23 14:28:15.444] [jointLog] [info] iteration = 800 | max rel diff. = 0.0901964
[2019-04-23 14:28:17.034] [jointLog] [info] iteration = 900 | max rel diff. = 0.0730662
[2019-04-23 14:28:18.625] [jointLog] [info] iteration = 1,000 | max rel diff. = 0.480839
[2019-04-23 14:28:19.628] [jointLog] [info] iteration = 1,064 | max rel diff. = 0.00658606
[2019-04-23 14:28:19.631] [jointLog] [info] Finished optimizer
[2019-04-23 14:28:19.631] [jointLog] [info] writing output 

