[2020-07-05 14:09:34.772] [jointLog] [info] Fragment incompatibility prior below threshold.  Incompatible fragments will be ignored.
[2020-07-05 14:09:34.772] [jointLog] [info] Usage of --validateMappings implies use of minScoreFraction. Since not explicitly specified, it is being set to 0.65
[2020-07-05 14:09:34.772] [jointLog] [info] Usage of --validateMappings, without --hardFilter implies use of range factorization. rangeFactorizationBins is being set to 4
[2020-07-05 14:09:34.772] [jointLog] [info] Usage of --validateMappings implies a default consensus slack of 0.2. Setting consensusSlack to 0.2.
[2020-07-05 14:09:34.772] [jointLog] [info] parsing read library format
[2020-07-05 14:09:34.772] [jointLog] [info] There is 1 library.
[2020-07-05 14:09:34.822] [jointLog] [info] Loading Quasi index
[2020-07-05 14:09:34.822] [jointLog] [info] Loading 32-bit quasi index
[2020-07-05 14:09:41.212] [jointLog] [info] done
[2020-07-05 14:09:41.212] [jointLog] [info] Index contained 117,135 targets
[2020-07-05 14:09:41.729] [jointLog] [info] Automatically detected most likely library type as IU
[2020-07-05 14:09:50.026] [jointLog] [info] Computed 219,486 rich equivalence classes for further processing
[2020-07-05 14:09:50.026] [jointLog] [info] Counted 2,146,931 total reads in the equivalence classes 
[2020-07-05 14:09:50.047] [jointLog] [info] Number of mappings discarded because of alignment score : 334,908
[2020-07-05 14:09:50.047] [jointLog] [info] Number of fragments entirely discarded because of alignment score : 98,336
[2020-07-05 14:09:50.047] [jointLog] [info] Number of fragments discarded because they are best-mapped to decoys : 0
[2020-07-05 14:09:50.047] [jointLog] [info] Number of fragments discarded because they have only dovetail (discordant) mappings : 72,991
[2020-07-05 14:09:50.056] [jointLog] [warning] Only 2146931 fragments were mapped, but the number of burn-in fragments was set to 5000000.
The effective lengths have been computed using the observed mappings.

[2020-07-05 14:09:50.056] [jointLog] [info] Mapping rate = 59.3108%

[2020-07-05 14:09:50.056] [jointLog] [info] finished quantifyLibrary()
[2020-07-05 14:09:50.057] [jointLog] [info] Starting optimizer
[2020-07-05 14:09:50.026] [fileLog] [info] 
At end of round 0
==================
Observed 3619797 total fragments (3619797 in most recent round)

[2020-07-05 14:09:51.940] [jointLog] [info] Marked 0 weighted equivalence classes as degenerate
[2020-07-05 14:09:51.950] [jointLog] [info] iteration = 0 | max rel diff. = 1657.86
[2020-07-05 14:09:52.954] [jointLog] [info] iteration = 100 | max rel diff. = 12.4768
[2020-07-05 14:09:53.958] [jointLog] [info] iteration = 200 | max rel diff. = 8.74264
[2020-07-05 14:09:54.959] [jointLog] [info] iteration = 300 | max rel diff. = 15.3874
[2020-07-05 14:09:55.961] [jointLog] [info] iteration = 400 | max rel diff. = 0.189888
[2020-07-05 14:09:56.964] [jointLog] [info] iteration = 500 | max rel diff. = 0.541985
[2020-07-05 14:09:57.965] [jointLog] [info] iteration = 600 | max rel diff. = 0.374926
[2020-07-05 14:09:58.966] [jointLog] [info] iteration = 700 | max rel diff. = 0.187073
[2020-07-05 14:09:59.968] [jointLog] [info] iteration = 800 | max rel diff. = 0.0393923
[2020-07-05 14:10:00.758] [jointLog] [info] iteration = 880 | max rel diff. = 0.00688803
[2020-07-05 14:10:00.761] [jointLog] [info] Finished optimizer
[2020-07-05 14:10:00.761] [jointLog] [info] writing output 

