[2020-07-05 14:11:44.173] [jointLog] [info] Fragment incompatibility prior below threshold.  Incompatible fragments will be ignored.
[2020-07-05 14:11:44.173] [jointLog] [info] Usage of --validateMappings implies use of minScoreFraction. Since not explicitly specified, it is being set to 0.65
[2020-07-05 14:11:44.173] [jointLog] [info] Usage of --validateMappings, without --hardFilter implies use of range factorization. rangeFactorizationBins is being set to 4
[2020-07-05 14:11:44.173] [jointLog] [info] Usage of --validateMappings implies a default consensus slack of 0.2. Setting consensusSlack to 0.2.
[2020-07-05 14:11:44.173] [jointLog] [info] parsing read library format
[2020-07-05 14:11:44.173] [jointLog] [info] There is 1 library.
[2020-07-05 14:11:44.225] [jointLog] [info] Loading Quasi index
[2020-07-05 14:11:44.225] [jointLog] [info] Loading 32-bit quasi index
[2020-07-05 14:11:50.610] [jointLog] [info] done
[2020-07-05 14:11:50.610] [jointLog] [info] Index contained 117,135 targets
[2020-07-05 14:11:51.047] [jointLog] [info] Automatically detected most likely library type as IU
[2020-07-05 14:11:53.235] [jointLog] [info] Computed 120,004 rich equivalence classes for further processing
[2020-07-05 14:11:53.235] [jointLog] [info] Counted 509,118 total reads in the equivalence classes 
[2020-07-05 14:11:53.252] [jointLog] [info] Number of mappings discarded because of alignment score : 168,194
[2020-07-05 14:11:53.252] [jointLog] [info] Number of fragments entirely discarded because of alignment score : 34,057
[2020-07-05 14:11:53.252] [jointLog] [info] Number of fragments discarded because they are best-mapped to decoys : 0
[2020-07-05 14:11:53.252] [jointLog] [info] Number of fragments discarded because they have only dovetail (discordant) mappings : 14,574
[2020-07-05 14:11:53.261] [jointLog] [warning] Only 509118 fragments were mapped, but the number of burn-in fragments was set to 5000000.
The effective lengths have been computed using the observed mappings.

[2020-07-05 14:11:53.261] [jointLog] [info] Mapping rate = 42.4945%

[2020-07-05 14:11:53.261] [jointLog] [info] finished quantifyLibrary()
[2020-07-05 14:11:53.262] [jointLog] [info] Starting optimizer
[2020-07-05 14:11:53.317] [jointLog] [info] Marked 0 weighted equivalence classes as degenerate
[2020-07-05 14:11:53.324] [jointLog] [info] iteration = 0 | max rel diff. = 428.882
[2020-07-05 14:11:53.236] [fileLog] [info] 
At end of round 0
==================
Observed 1198080 total fragments (1198080 in most recent round)

[2020-07-05 14:11:53.965] [jointLog] [info] iteration = 100 | max rel diff. = 4.15495
[2020-07-05 14:11:54.598] [jointLog] [info] iteration = 200 | max rel diff. = 6.6643
[2020-07-05 14:11:55.233] [jointLog] [info] iteration = 300 | max rel diff. = 0.687904
[2020-07-05 14:11:55.866] [jointLog] [info] iteration = 400 | max rel diff. = 0.0217341
[2020-07-05 14:11:56.252] [jointLog] [info] iteration = 462 | max rel diff. = 0.00598923
[2020-07-05 14:11:56.254] [jointLog] [info] Finished optimizer
[2020-07-05 14:11:56.254] [jointLog] [info] writing output 

