[2020-07-05 14:10:05.746] [jointLog] [info] Fragment incompatibility prior below threshold.  Incompatible fragments will be ignored.
[2020-07-05 14:10:05.746] [jointLog] [info] Usage of --validateMappings implies use of minScoreFraction. Since not explicitly specified, it is being set to 0.65
[2020-07-05 14:10:05.746] [jointLog] [info] Usage of --validateMappings, without --hardFilter implies use of range factorization. rangeFactorizationBins is being set to 4
[2020-07-05 14:10:05.746] [jointLog] [info] Usage of --validateMappings implies a default consensus slack of 0.2. Setting consensusSlack to 0.2.
[2020-07-05 14:10:05.746] [jointLog] [info] parsing read library format
[2020-07-05 14:10:05.746] [jointLog] [info] There is 1 library.
[2020-07-05 14:10:05.789] [jointLog] [info] Loading Quasi index
[2020-07-05 14:10:05.789] [jointLog] [info] Loading 32-bit quasi index
[2020-07-05 14:10:12.181] [jointLog] [info] done
[2020-07-05 14:10:12.181] [jointLog] [info] Index contained 117,135 targets
[2020-07-05 14:10:12.675] [jointLog] [info] Automatically detected most likely library type as U
[2020-07-05 14:10:23.095] [jointLog] [info] Computed 198,988 rich equivalence classes for further processing
[2020-07-05 14:10:23.095] [jointLog] [info] Counted 1,335,509 total reads in the equivalence classes 
[2020-07-05 14:10:23.108] [jointLog] [info] Number of mappings discarded because of alignment score : 1,009,173
[2020-07-05 14:10:23.108] [jointLog] [info] Number of fragments entirely discarded because of alignment score : 8,691,499
[2020-07-05 14:10:23.108] [jointLog] [info] Number of fragments discarded because they are best-mapped to decoys : 0
[2020-07-05 14:10:23.108] [jointLog] [info] Number of fragments discarded because they have only dovetail (discordant) mappings : 0
[2020-07-05 14:10:23.118] [jointLog] [warning] Only 1335509 fragments were mapped, but the number of burn-in fragments was set to 5000000.
The effective lengths have been computed using the observed mappings.

[2020-07-05 14:10:23.118] [jointLog] [info] Mapping rate = 13.3191%

[2020-07-05 14:10:23.118] [jointLog] [info] finished quantifyLibrary()
[2020-07-05 14:10:23.118] [jointLog] [info] Starting optimizer
[2020-07-05 14:10:23.199] [jointLog] [info] Marked 0 weighted equivalence classes as degenerate
[2020-07-05 14:10:23.213] [jointLog] [info] iteration = 0 | max rel diff. = 1099.31
[2020-07-05 14:10:23.095] [fileLog] [info] 
At end of round 0
==================
Observed 10027008 total fragments (10027008 in most recent round)

[2020-07-05 14:10:24.604] [jointLog] [info] iteration = 100 | max rel diff. = 17.8317
[2020-07-05 14:10:25.993] [jointLog] [info] iteration = 200 | max rel diff. = 1.30628
[2020-07-05 14:10:27.381] [jointLog] [info] iteration = 300 | max rel diff. = 1.76856
[2020-07-05 14:10:28.770] [jointLog] [info] iteration = 400 | max rel diff. = 0.307577
[2020-07-05 14:10:30.159] [jointLog] [info] iteration = 500 | max rel diff. = 0.0164057
[2020-07-05 14:10:30.853] [jointLog] [info] iteration = 551 | max rel diff. = 0.009198
[2020-07-05 14:10:30.855] [jointLog] [info] Finished optimizer
[2020-07-05 14:10:30.855] [jointLog] [info] writing output 

