[2020-07-05 14:15:21.930] [jointLog] [info] Fragment incompatibility prior below threshold.  Incompatible fragments will be ignored.
[2020-07-05 14:15:21.930] [jointLog] [info] Usage of --validateMappings implies use of minScoreFraction. Since not explicitly specified, it is being set to 0.65
[2020-07-05 14:15:21.930] [jointLog] [info] Usage of --validateMappings, without --hardFilter implies use of range factorization. rangeFactorizationBins is being set to 4
[2020-07-05 14:15:21.930] [jointLog] [info] Usage of --validateMappings implies a default consensus slack of 0.2. Setting consensusSlack to 0.2.
[2020-07-05 14:15:21.930] [jointLog] [info] parsing read library format
[2020-07-05 14:15:21.930] [jointLog] [info] There is 1 library.
[2020-07-05 14:15:21.981] [jointLog] [info] Loading Quasi index
[2020-07-05 14:15:21.981] [jointLog] [info] Loading 32-bit quasi index
[2020-07-05 14:15:28.312] [jointLog] [info] done
[2020-07-05 14:15:28.312] [jointLog] [info] Index contained 117,135 targets
[2020-07-05 14:15:29.509] [jointLog] [info] Automatically detected most likely library type as IU
[2020-07-05 14:15:29.873] [jointLog] [info] Computed 21,236 rich equivalence classes for further processing
[2020-07-05 14:15:29.873] [jointLog] [info] Counted 31,676 total reads in the equivalence classes 
[2020-07-05 14:15:29.882] [jointLog] [info] Number of mappings discarded because of alignment score : 58,231
[2020-07-05 14:15:29.882] [jointLog] [info] Number of fragments entirely discarded because of alignment score : 21,312
[2020-07-05 14:15:29.882] [jointLog] [info] Number of fragments discarded because they are best-mapped to decoys : 0
[2020-07-05 14:15:29.882] [jointLog] [info] Number of fragments discarded because they have only dovetail (discordant) mappings : 7,244
[2020-07-05 14:15:29.893] [jointLog] [warning] Only 31676 fragments were mapped, but the number of burn-in fragments was set to 5000000.
The effective lengths have been computed using the observed mappings.

[2020-07-05 14:15:29.893] [jointLog] [info] Mapping rate = 11.6731%

[2020-07-05 14:15:29.893] [jointLog] [info] finished quantifyLibrary()
[2020-07-05 14:15:29.894] [jointLog] [info] Starting optimizer
[2020-07-05 14:15:29.927] [jointLog] [info] Marked 0 weighted equivalence classes as degenerate
[2020-07-05 14:15:29.930] [jointLog] [info] iteration = 0 | max rel diff. = 25.6124
[2020-07-05 14:15:29.874] [fileLog] [info] 
At end of round 0
==================
Observed 271360 total fragments (271360 in most recent round)

[2020-07-05 14:15:30.213] [jointLog] [info] iteration = 100 | max rel diff. = 1.66747
[2020-07-05 14:15:30.271] [jointLog] [info] iteration = 122 | max rel diff. = 0.00507627
[2020-07-05 14:15:30.274] [jointLog] [info] Finished optimizer
[2020-07-05 14:15:30.274] [jointLog] [info] writing output 

