[2020-07-05 14:09:32.664] [jointLog] [info] Fragment incompatibility prior below threshold.  Incompatible fragments will be ignored.
[2020-07-05 14:09:32.664] [jointLog] [info] Usage of --validateMappings implies use of minScoreFraction. Since not explicitly specified, it is being set to 0.65
[2020-07-05 14:09:32.664] [jointLog] [info] Usage of --validateMappings, without --hardFilter implies use of range factorization. rangeFactorizationBins is being set to 4
[2020-07-05 14:09:32.664] [jointLog] [info] Usage of --validateMappings implies a default consensus slack of 0.2. Setting consensusSlack to 0.2.
[2020-07-05 14:09:32.664] [jointLog] [info] parsing read library format
[2020-07-05 14:09:32.664] [jointLog] [info] There is 1 library.
[2020-07-05 14:09:32.715] [jointLog] [info] Loading Quasi index
[2020-07-05 14:09:32.715] [jointLog] [info] Loading 32-bit quasi index
[2020-07-05 14:09:39.118] [jointLog] [info] done
[2020-07-05 14:09:39.118] [jointLog] [info] Index contained 117,135 targets
[2020-07-05 14:09:39.678] [jointLog] [info] Automatically detected most likely library type as IU
[2020-07-05 14:09:53.450] [jointLog] [info] Computed 224,781 rich equivalence classes for further processing
[2020-07-05 14:09:53.450] [jointLog] [info] Counted 3,676,854 total reads in the equivalence classes 
[2020-07-05 14:09:53.472] [jointLog] [info] Number of mappings discarded because of alignment score : 458,198
[2020-07-05 14:09:53.472] [jointLog] [info] Number of fragments entirely discarded because of alignment score : 198,235
[2020-07-05 14:09:53.472] [jointLog] [info] Number of fragments discarded because they are best-mapped to decoys : 0
[2020-07-05 14:09:53.472] [jointLog] [info] Number of fragments discarded because they have only dovetail (discordant) mappings : 247,147
[2020-07-05 14:09:53.481] [jointLog] [warning] Only 3676854 fragments were mapped, but the number of burn-in fragments was set to 5000000.
The effective lengths have been computed using the observed mappings.

[2020-07-05 14:09:53.481] [jointLog] [info] Mapping rate = 69.8246%

[2020-07-05 14:09:53.481] [jointLog] [info] finished quantifyLibrary()
[2020-07-05 14:09:53.482] [jointLog] [info] Starting optimizer
[2020-07-05 14:09:53.555] [jointLog] [info] Marked 0 weighted equivalence classes as degenerate
[2020-07-05 14:09:53.564] [jointLog] [info] iteration = 0 | max rel diff. = 2776.05
[2020-07-05 14:09:53.451] [fileLog] [info] 
At end of round 0
==================
Observed 5265845 total fragments (5265845 in most recent round)

[2020-07-05 14:09:54.547] [jointLog] [info] iteration = 100 | max rel diff. = 12.0538
[2020-07-05 14:09:55.530] [jointLog] [info] iteration = 200 | max rel diff. = 4.19948
[2020-07-05 14:09:56.513] [jointLog] [info] iteration = 300 | max rel diff. = 6.90909
[2020-07-05 14:09:57.495] [jointLog] [info] iteration = 400 | max rel diff. = 0.936796
[2020-07-05 14:09:58.476] [jointLog] [info] iteration = 500 | max rel diff. = 0.357626
[2020-07-05 14:09:59.458] [jointLog] [info] iteration = 600 | max rel diff. = 0.21209
[2020-07-05 14:10:00.440] [jointLog] [info] iteration = 700 | max rel diff. = 0.0740934
[2020-07-05 14:10:01.421] [jointLog] [info] iteration = 800 | max rel diff. = 0.0860003
[2020-07-05 14:10:02.402] [jointLog] [info] iteration = 900 | max rel diff. = 1.78841
[2020-07-05 14:10:02.922] [jointLog] [info] iteration = 954 | max rel diff. = 0.00878769
[2020-07-05 14:10:02.924] [jointLog] [info] Finished optimizer
[2020-07-05 14:10:02.924] [jointLog] [info] writing output 

