[2020-07-05 14:15:43.795] [jointLog] [info] Fragment incompatibility prior below threshold.  Incompatible fragments will be ignored.
[2020-07-05 14:15:43.795] [jointLog] [info] Usage of --validateMappings implies use of minScoreFraction. Since not explicitly specified, it is being set to 0.65
[2020-07-05 14:15:43.795] [jointLog] [info] Usage of --validateMappings, without --hardFilter implies use of range factorization. rangeFactorizationBins is being set to 4
[2020-07-05 14:15:43.795] [jointLog] [info] Usage of --validateMappings implies a default consensus slack of 0.2. Setting consensusSlack to 0.2.
[2020-07-05 14:15:43.795] [jointLog] [info] parsing read library format
[2020-07-05 14:15:43.795] [jointLog] [info] There is 1 library.
[2020-07-05 14:15:43.847] [jointLog] [info] Loading Quasi index
[2020-07-05 14:15:43.847] [jointLog] [info] Loading 32-bit quasi index
[2020-07-05 14:15:50.263] [jointLog] [info] done
[2020-07-05 14:15:50.263] [jointLog] [info] Index contained 117,135 targets
[2020-07-05 14:15:51.127] [jointLog] [info] Automatically detected most likely library type as IU
[2020-07-05 14:15:55.551] [jointLog] [info] Computed 124,638 rich equivalence classes for further processing
[2020-07-05 14:15:55.551] [jointLog] [info] Counted 798,385 total reads in the equivalence classes 
[2020-07-05 14:15:55.569] [jointLog] [info] Number of mappings discarded because of alignment score : 127,418
[2020-07-05 14:15:55.569] [jointLog] [info] Number of fragments entirely discarded because of alignment score : 66,939
[2020-07-05 14:15:55.569] [jointLog] [info] Number of fragments discarded because they are best-mapped to decoys : 0
[2020-07-05 14:15:55.569] [jointLog] [info] Number of fragments discarded because they have only dovetail (discordant) mappings : 86,869
[2020-07-05 14:15:55.579] [jointLog] [warning] Only 798385 fragments were mapped, but the number of burn-in fragments was set to 5000000.
The effective lengths have been computed using the observed mappings.

[2020-07-05 14:15:55.579] [jointLog] [info] Mapping rate = 54.3705%

[2020-07-05 14:15:55.579] [jointLog] [info] finished quantifyLibrary()
[2020-07-05 14:15:55.580] [jointLog] [info] Starting optimizer
[2020-07-05 14:15:55.640] [jointLog] [info] Marked 0 weighted equivalence classes as degenerate
[2020-07-05 14:15:55.646] [jointLog] [info] iteration = 0 | max rel diff. = 652.519
[2020-07-05 14:15:55.551] [fileLog] [info] 
At end of round 0
==================
Observed 1468416 total fragments (1468416 in most recent round)

[2020-07-05 14:15:56.207] [jointLog] [info] iteration = 100 | max rel diff. = 6.22039
[2020-07-05 14:15:56.764] [jointLog] [info] iteration = 200 | max rel diff. = 0.166244
[2020-07-05 14:15:57.319] [jointLog] [info] iteration = 300 | max rel diff. = 18.6652
[2020-07-05 14:15:57.876] [jointLog] [info] iteration = 400 | max rel diff. = 0.271954
[2020-07-05 14:15:58.288] [jointLog] [info] iteration = 475 | max rel diff. = 0.00444878
[2020-07-05 14:15:58.291] [jointLog] [info] Finished optimizer
[2020-07-05 14:15:58.291] [jointLog] [info] writing output 

