[2020-09-28 16:30:09.629] [jointLog] [info] Fragment incompatibility prior below threshold.  Incompatible fragments will be ignored.
[2020-09-28 16:30:09.630] [jointLog] [info] Usage of --validateMappings implies use of minScoreFraction. Since not explicitly specified, it is being set to 0.65
[2020-09-28 16:30:09.630] [jointLog] [info] Usage of --validateMappings, without --hardFilter implies use of range factorization. rangeFactorizationBins is being set to 4
[2020-09-28 16:30:09.630] [jointLog] [info] Usage of --validateMappings implies a default consensus slack of 0.2. Setting consensusSlack to 0.2.
[2020-09-28 16:30:09.630] [jointLog] [info] parsing read library format
[2020-09-28 16:30:09.630] [jointLog] [info] There is 1 library.
[2020-09-28 16:30:09.685] [jointLog] [info] Loading Quasi index
[2020-09-28 16:30:09.686] [jointLog] [info] Loading 32-bit quasi index
[2020-09-28 16:30:36.282] [jointLog] [info] done
[2020-09-28 16:30:36.282] [jointLog] [info] Index contained 117,135 targets
[2020-09-28 16:30:39.137] [jointLog] [info] Automatically detected most likely library type as IU
[2020-09-28 16:32:14.644] [jointLog] [info] Computed 266,808 rich equivalence classes for further processing
[2020-09-28 16:32:14.644] [jointLog] [info] Counted 23,540,249 total reads in the equivalence classes 
[2020-09-28 16:32:14.674] [jointLog] [info] Number of mappings discarded because of alignment score : 923,935
[2020-09-28 16:32:14.674] [jointLog] [info] Number of fragments entirely discarded because of alignment score : 91,407
[2020-09-28 16:32:14.674] [jointLog] [info] Number of fragments discarded because they are best-mapped to decoys : 0
[2020-09-28 16:32:14.674] [jointLog] [info] Number of fragments discarded because they have only dovetail (discordant) mappings : 105,063
[2020-09-28 16:32:14.674] [jointLog] [info] Mapping rate = 88.8106%

[2020-09-28 16:32:14.674] [jointLog] [info] finished quantifyLibrary()
[2020-09-28 16:32:14.684] [jointLog] [info] Starting optimizer
[2020-09-28 16:32:14.645] [fileLog] [info] 
At end of round 0
==================
Observed 26506124 total fragments (26506124 in most recent round)

[2020-09-28 16:32:16.578] [jointLog] [info] Marked 0 weighted equivalence classes as degenerate
[2020-09-28 16:32:16.590] [jointLog] [info] iteration = 0 | max rel diff. = 10621.9
[2020-09-28 16:32:17.753] [jointLog] [info] iteration = 100 | max rel diff. = 10.3148
[2020-09-28 16:32:18.913] [jointLog] [info] iteration = 200 | max rel diff. = 8.49662
[2020-09-28 16:32:20.072] [jointLog] [info] iteration = 300 | max rel diff. = 9.0666
[2020-09-28 16:32:21.231] [jointLog] [info] iteration = 400 | max rel diff. = 9.10675
[2020-09-28 16:32:22.389] [jointLog] [info] iteration = 500 | max rel diff. = 0.329011
[2020-09-28 16:32:23.548] [jointLog] [info] iteration = 600 | max rel diff. = 7.2647
[2020-09-28 16:32:24.705] [jointLog] [info] iteration = 700 | max rel diff. = 0.285122
[2020-09-28 16:32:25.874] [jointLog] [info] iteration = 800 | max rel diff. = 0.0870348
[2020-09-28 16:32:27.031] [jointLog] [info] iteration = 900 | max rel diff. = 0.0585804
[2020-09-28 16:32:28.190] [jointLog] [info] iteration = 1,000 | max rel diff. = 0.113333
[2020-09-28 16:32:29.347] [jointLog] [info] iteration = 1,100 | max rel diff. = 0.103844
[2020-09-28 16:32:30.505] [jointLog] [info] iteration = 1,200 | max rel diff. = 0.0631887
[2020-09-28 16:32:31.664] [jointLog] [info] iteration = 1,300 | max rel diff. = 0.536874
[2020-09-28 16:32:32.821] [jointLog] [info] iteration = 1,400 | max rel diff. = 0.0785131
[2020-09-28 16:32:33.981] [jointLog] [info] iteration = 1,500 | max rel diff. = 0.0258159
[2020-09-28 16:32:35.138] [jointLog] [info] iteration = 1,600 | max rel diff. = 0.199886
[2020-09-28 16:32:35.324] [jointLog] [info] iteration = 1,617 | max rel diff. = 0.00679219
[2020-09-28 16:32:35.326] [jointLog] [info] Finished optimizer
[2020-09-28 16:32:35.326] [jointLog] [info] writing output 

