[2019-04-23 13:35:14.964] [jointLog] [info] Fragment incompatibility prior below threshold.  Incompatible fragments will be ignored.
[2019-04-23 13:35:14.964] [jointLog] [info] Usage of --validateMappings implies use of minScoreFraction. Since not explicitly specified, it is being set to 0.65
[2019-04-23 13:35:14.964] [jointLog] [info] Usage of --validateMappings, without --hardFilter implies use of range factorization. rangeFactorizationBins is being set to 4
[2019-04-23 13:35:14.964] [jointLog] [info] Usage of --validateMappings implies a default consensus slack of 0.2. Setting consensusSlack to 0.2.
[2019-04-23 13:35:14.964] [jointLog] [info] parsing read library format
[2019-04-23 13:35:14.965] [jointLog] [info] There is 1 library.
[2019-04-23 13:35:15.069] [jointLog] [info] Loading Quasi index
[2019-04-23 13:35:15.072] [jointLog] [info] Loading 32-bit quasi index
[2019-04-23 13:35:39.995] [jointLog] [info] done
[2019-04-23 13:35:39.995] [jointLog] [info] Index contained 116,248 targets
[2019-04-23 14:25:28.649] [jointLog] [info] Fragment incompatibility prior below threshold.  Incompatible fragments will be ignored.
[2019-04-23 14:25:28.649] [jointLog] [info] Usage of --validateMappings implies use of minScoreFraction. Since not explicitly specified, it is being set to 0.65
[2019-04-23 14:25:28.649] [jointLog] [info] Usage of --validateMappings, without --hardFilter implies use of range factorization. rangeFactorizationBins is being set to 4
[2019-04-23 14:25:28.649] [jointLog] [info] Usage of --validateMappings implies a default consensus slack of 0.2. Setting consensusSlack to 0.2.
[2019-04-23 14:25:28.649] [jointLog] [info] parsing read library format
[2019-04-23 14:25:28.649] [jointLog] [info] There is 1 library.
[2019-04-23 14:25:28.804] [jointLog] [info] Loading Quasi index
[2019-04-23 14:25:29.253] [jointLog] [info] Loading 32-bit quasi index
[2019-04-23 14:26:16.234] [jointLog] [info] done
[2019-04-23 14:26:16.234] [jointLog] [info] Index contained 116,248 targets
[2019-04-23 14:26:17.277] [jointLog] [info] Automatically detected most likely library type as IU
[2019-04-23 14:28:06.290] [fileLog] [info] 
At end of round 0
==================
Observed 26981096 total fragments (26981096 in most recent round)

[2019-04-23 14:28:06.289] [jointLog] [info] Computed 413,382 rich equivalence classes for further processing
[2019-04-23 14:28:06.289] [jointLog] [info] Counted 23,210,036 total reads in the equivalence classes 
[2019-04-23 14:28:06.329] [jointLog] [info] Number of mappings discarded because of alignment score : 2,876,186
[2019-04-23 14:28:06.329] [jointLog] [info] Number of fragments entirely discarded because of alignment score : 618,597
[2019-04-23 14:28:06.329] [jointLog] [info] Number of fragments discarded because they have only dovetail (discordant) mappings : 196,446
[2019-04-23 14:28:06.329] [jointLog] [info] Mapping rate = 86.0233%

[2019-04-23 14:28:06.329] [jointLog] [info] finished quantifyLibrary()
[2019-04-23 14:28:06.359] [jointLog] [info] Starting optimizer
[2019-04-23 14:28:06.501] [jointLog] [info] Marked 0 weighted equivalence classes as degenerate
[2019-04-23 14:28:06.523] [jointLog] [info] iteration = 0 | max rel diff. = 10658.2
[2019-04-23 14:28:08.456] [jointLog] [info] iteration = 100 | max rel diff. = 12.1924
[2019-04-23 14:28:10.381] [jointLog] [info] iteration = 200 | max rel diff. = 12.6471
[2019-04-23 14:28:12.305] [jointLog] [info] iteration = 300 | max rel diff. = 2.12698
[2019-04-23 14:28:14.229] [jointLog] [info] iteration = 400 | max rel diff. = 0.24364
[2019-04-23 14:28:16.153] [jointLog] [info] iteration = 500 | max rel diff. = 0.27568
[2019-04-23 14:28:18.078] [jointLog] [info] iteration = 600 | max rel diff. = 9.54362
[2019-04-23 14:28:20.001] [jointLog] [info] iteration = 700 | max rel diff. = 0.341774
[2019-04-23 14:28:21.925] [jointLog] [info] iteration = 800 | max rel diff. = 4.22579
[2019-04-23 14:28:23.849] [jointLog] [info] iteration = 900 | max rel diff. = 0.0361932
[2019-04-23 14:28:25.773] [jointLog] [info] iteration = 1,000 | max rel diff. = 0.120733
[2019-04-23 14:28:27.695] [jointLog] [info] iteration = 1,100 | max rel diff. = 2.83011
[2019-04-23 14:28:29.386] [jointLog] [info] iteration = 1,189 | max rel diff. = 0.00835272
[2019-04-23 14:28:29.389] [jointLog] [info] Finished optimizer
[2019-04-23 14:28:29.389] [jointLog] [info] writing output 

