[2020-07-05 14:25:42.835] [jointLog] [info] Fragment incompatibility prior below threshold.  Incompatible fragments will be ignored.
[2020-07-05 14:25:42.835] [jointLog] [info] Usage of --validateMappings implies use of minScoreFraction. Since not explicitly specified, it is being set to 0.65
[2020-07-05 14:25:42.835] [jointLog] [info] Usage of --validateMappings, without --hardFilter implies use of range factorization. rangeFactorizationBins is being set to 4
[2020-07-05 14:25:42.835] [jointLog] [info] Usage of --validateMappings implies a default consensus slack of 0.2. Setting consensusSlack to 0.2.
[2020-07-05 14:25:42.835] [jointLog] [info] parsing read library format
[2020-07-05 14:25:42.835] [jointLog] [info] There is 1 library.
[2020-07-05 14:25:42.877] [jointLog] [info] Loading Quasi index
[2020-07-05 14:25:42.877] [jointLog] [info] Loading 32-bit quasi index
[2020-07-05 14:25:50.050] [jointLog] [info] done
[2020-07-05 14:25:50.050] [jointLog] [info] Index contained 178,517 targets
[2020-07-05 14:25:50.436] [jointLog] [info] Automatically detected most likely library type as SR
[2020-07-05 14:26:28.661] [jointLog] [info] Thread saw mini-batch with a maximum of 2.00% zero probability fragments
[2020-07-05 14:26:28.662] [jointLog] [info] Thread saw mini-batch with a maximum of 2.12% zero probability fragments
[2020-07-05 14:26:28.670] [jointLog] [info] Thread saw mini-batch with a maximum of 2.12% zero probability fragments
[2020-07-05 14:26:28.710] [jointLog] [info] Thread saw mini-batch with a maximum of 2.08% zero probability fragments
[2020-07-05 14:26:28.724] [jointLog] [info] Thread saw mini-batch with a maximum of 2.04% zero probability fragments
[2020-07-05 14:26:28.736] [jointLog] [info] Thread saw mini-batch with a maximum of 2.20% zero probability fragments
[2020-07-05 14:26:28.742] [jointLog] [info] Thread saw mini-batch with a maximum of 2.18% zero probability fragments
[2020-07-05 14:26:28.746] [jointLog] [info] Thread saw mini-batch with a maximum of 2.10% zero probability fragments
[2020-07-05 14:26:28.751] [jointLog] [info] Thread saw mini-batch with a maximum of 2.02% zero probability fragments
[2020-07-05 14:26:28.763] [jointLog] [info] Thread saw mini-batch with a maximum of 2.02% zero probability fragments
[2020-07-05 14:26:28.769] [jointLog] [info] Thread saw mini-batch with a maximum of 2.02% zero probability fragments
[2020-07-05 14:26:28.772] [jointLog] [info] Thread saw mini-batch with a maximum of 1.98% zero probability fragments
[2020-07-05 14:26:28.973] [jointLog] [info] Computed 146,096 rich equivalence classes for further processing
[2020-07-05 14:26:28.973] [jointLog] [info] Counted 14,849,936 total reads in the equivalence classes 
[2020-07-05 14:26:29.005] [jointLog] [info] Number of mappings discarded because of alignment score : 4,252,224
[2020-07-05 14:26:29.005] [jointLog] [info] Number of fragments entirely discarded because of alignment score : 2,343,852
[2020-07-05 14:26:29.005] [jointLog] [info] Number of fragments discarded because they are best-mapped to decoys : 0
[2020-07-05 14:26:29.005] [jointLog] [info] Number of fragments discarded because they have only dovetail (discordant) mappings : 0
[2020-07-05 14:26:29.005] [jointLog] [info] Mapping rate = 85.0331%

[2020-07-05 14:26:29.005] [jointLog] [info] finished quantifyLibrary()
[2020-07-05 14:26:29.005] [jointLog] [info] Starting optimizer
[2020-07-05 14:26:28.974] [fileLog] [info] 
At end of round 0
==================
Observed 17463711 total fragments (17463711 in most recent round)

[2020-07-05 14:26:31.814] [jointLog] [info] Marked 0 weighted equivalence classes as degenerate
[2020-07-05 14:26:31.824] [jointLog] [info] iteration = 0 | max rel diff. = 5802.23
[2020-07-05 14:26:32.728] [jointLog] [info] iteration = 100 | max rel diff. = 20.0664
[2020-07-05 14:26:33.618] [jointLog] [info] iteration = 200 | max rel diff. = 14.4669
[2020-07-05 14:26:34.497] [jointLog] [info] iteration = 300 | max rel diff. = 11.4759
[2020-07-05 14:26:35.391] [jointLog] [info] iteration = 400 | max rel diff. = 3.83029
[2020-07-05 14:26:36.273] [jointLog] [info] iteration = 500 | max rel diff. = 2.79952
[2020-07-05 14:26:37.157] [jointLog] [info] iteration = 600 | max rel diff. = 0.451715
[2020-07-05 14:26:38.055] [jointLog] [info] iteration = 700 | max rel diff. = 0.499806
[2020-07-05 14:26:38.953] [jointLog] [info] iteration = 800 | max rel diff. = 1.91474
[2020-07-05 14:26:39.841] [jointLog] [info] iteration = 900 | max rel diff. = 1.69341
[2020-07-05 14:26:40.713] [jointLog] [info] iteration = 1,000 | max rel diff. = 0.943636
[2020-07-05 14:26:41.606] [jointLog] [info] iteration = 1,100 | max rel diff. = 0.147706
[2020-07-05 14:26:42.478] [jointLog] [info] iteration = 1,200 | max rel diff. = 0.0606398
[2020-07-05 14:26:43.377] [jointLog] [info] iteration = 1,300 | max rel diff. = 0.196021
[2020-07-05 14:26:44.155] [jointLog] [info] iteration = 1,390 | max rel diff. = 0.00746841
[2020-07-05 14:26:44.159] [jointLog] [info] Finished optimizer
[2020-07-05 14:26:44.159] [jointLog] [info] writing output 

