[2019-04-23 13:37:00.689] [jointLog] [info] Fragment incompatibility prior below threshold.  Incompatible fragments will be ignored.
[2019-04-23 13:37:00.689] [jointLog] [info] Usage of --validateMappings implies use of minScoreFraction. Since not explicitly specified, it is being set to 0.65
[2019-04-23 13:37:00.689] [jointLog] [info] Usage of --validateMappings, without --hardFilter implies use of range factorization. rangeFactorizationBins is being set to 4
[2019-04-23 13:37:00.689] [jointLog] [info] Usage of --validateMappings implies a default consensus slack of 0.2. Setting consensusSlack to 0.2.
[2019-04-23 13:37:00.689] [jointLog] [info] parsing read library format
[2019-04-23 13:37:00.689] [jointLog] [info] There is 1 library.
[2019-04-23 13:37:00.759] [jointLog] [info] Loading Quasi index
[2019-04-23 13:37:00.764] [jointLog] [info] Loading 32-bit quasi index
[2019-04-23 13:37:25.036] [jointLog] [info] done
[2019-04-23 13:37:25.036] [jointLog] [info] Index contained 116,248 targets
[2019-04-23 14:25:28.647] [jointLog] [info] Fragment incompatibility prior below threshold.  Incompatible fragments will be ignored.
[2019-04-23 14:25:28.647] [jointLog] [info] Usage of --validateMappings implies use of minScoreFraction. Since not explicitly specified, it is being set to 0.65
[2019-04-23 14:25:28.647] [jointLog] [info] Usage of --validateMappings, without --hardFilter implies use of range factorization. rangeFactorizationBins is being set to 4
[2019-04-23 14:25:28.647] [jointLog] [info] Usage of --validateMappings implies a default consensus slack of 0.2. Setting consensusSlack to 0.2.
[2019-04-23 14:25:28.647] [jointLog] [info] parsing read library format
[2019-04-23 14:25:28.647] [jointLog] [info] There is 1 library.
[2019-04-23 14:25:28.806] [jointLog] [info] Loading Quasi index
[2019-04-23 14:25:29.253] [jointLog] [info] Loading 32-bit quasi index
[2019-04-23 14:26:13.350] [jointLog] [info] done
[2019-04-23 14:26:13.350] [jointLog] [info] Index contained 116,248 targets
[2019-04-23 14:26:15.121] [jointLog] [info] Automatically detected most likely library type as IU
[2019-04-23 14:28:13.876] [jointLog] [info] Computed 405,939 rich equivalence classes for further processing
[2019-04-23 14:28:13.876] [jointLog] [info] Counted 24,808,926 total reads in the equivalence classes 
[2019-04-23 14:28:13.915] [jointLog] [info] Number of mappings discarded because of alignment score : 2,934,339
[2019-04-23 14:28:13.915] [jointLog] [info] Number of fragments entirely discarded because of alignment score : 625,246
[2019-04-23 14:28:13.915] [jointLog] [info] Number of fragments discarded because they have only dovetail (discordant) mappings : 130,168
[2019-04-23 14:28:13.915] [jointLog] [info] Mapping rate = 86.7275%

[2019-04-23 14:28:13.915] [jointLog] [info] finished quantifyLibrary()
[2019-04-23 14:28:13.983] [jointLog] [info] Starting optimizer
[2019-04-23 14:28:14.129] [jointLog] [info] Marked 0 weighted equivalence classes as degenerate
[2019-04-23 14:28:14.149] [jointLog] [info] iteration = 0 | max rel diff. = 10711.1
[2019-04-23 14:28:13.877] [fileLog] [info] 
At end of round 0
==================
Observed 28605603 total fragments (28605603 in most recent round)

[2019-04-23 14:28:15.975] [jointLog] [info] iteration = 100 | max rel diff. = 9.39874
[2019-04-23 14:28:17.793] [jointLog] [info] iteration = 200 | max rel diff. = 8.98853
[2019-04-23 14:28:19.615] [jointLog] [info] iteration = 300 | max rel diff. = 1.63473
[2019-04-23 14:28:21.436] [jointLog] [info] iteration = 400 | max rel diff. = 11.1287
[2019-04-23 14:28:23.256] [jointLog] [info] iteration = 500 | max rel diff. = 1.17326
[2019-04-23 14:28:25.077] [jointLog] [info] iteration = 600 | max rel diff. = 1.83574
[2019-04-23 14:28:26.897] [jointLog] [info] iteration = 700 | max rel diff. = 16.8634
[2019-04-23 14:28:28.717] [jointLog] [info] iteration = 800 | max rel diff. = 0.0840689
[2019-04-23 14:28:29.573] [jointLog] [info] iteration = 848 | max rel diff. = 0.00842777
[2019-04-23 14:28:29.576] [jointLog] [info] Finished optimizer
[2019-04-23 14:28:29.576] [jointLog] [info] writing output 

