[2020-07-05 14:13:21.729] [jointLog] [info] Fragment incompatibility prior below threshold.  Incompatible fragments will be ignored.
[2020-07-05 14:13:21.729] [jointLog] [info] Usage of --validateMappings implies use of minScoreFraction. Since not explicitly specified, it is being set to 0.65
[2020-07-05 14:13:21.729] [jointLog] [info] Usage of --validateMappings, without --hardFilter implies use of range factorization. rangeFactorizationBins is being set to 4
[2020-07-05 14:13:21.729] [jointLog] [info] Usage of --validateMappings implies a default consensus slack of 0.2. Setting consensusSlack to 0.2.
[2020-07-05 14:13:21.729] [jointLog] [info] parsing read library format
[2020-07-05 14:13:21.729] [jointLog] [info] There is 1 library.
[2020-07-05 14:13:21.782] [jointLog] [info] Loading Quasi index
[2020-07-05 14:13:21.782] [jointLog] [info] Loading 32-bit quasi index
[2020-07-05 14:13:28.185] [jointLog] [info] done
[2020-07-05 14:13:28.185] [jointLog] [info] Index contained 117,135 targets
[2020-07-05 14:13:28.975] [jointLog] [info] Automatically detected most likely library type as IU
[2020-07-05 14:13:33.692] [jointLog] [info] Computed 183,806 rich equivalence classes for further processing
[2020-07-05 14:13:33.692] [jointLog] [info] Counted 1,057,153 total reads in the equivalence classes 
[2020-07-05 14:13:33.711] [jointLog] [info] Number of mappings discarded because of alignment score : 376,959
[2020-07-05 14:13:33.712] [jointLog] [info] Number of fragments entirely discarded because of alignment score : 72,689
[2020-07-05 14:13:33.712] [jointLog] [info] Number of fragments discarded because they are best-mapped to decoys : 0
[2020-07-05 14:13:33.712] [jointLog] [info] Number of fragments discarded because they have only dovetail (discordant) mappings : 28,987
[2020-07-05 14:13:33.721] [jointLog] [warning] Only 1057153 fragments were mapped, but the number of burn-in fragments was set to 5000000.
The effective lengths have been computed using the observed mappings.

[2020-07-05 14:13:33.721] [jointLog] [info] Mapping rate = 40.7247%

[2020-07-05 14:13:33.721] [jointLog] [info] finished quantifyLibrary()
[2020-07-05 14:13:33.722] [jointLog] [info] Starting optimizer
[2020-07-05 14:13:33.791] [jointLog] [info] Marked 0 weighted equivalence classes as degenerate
[2020-07-05 14:13:33.801] [jointLog] [info] iteration = 0 | max rel diff. = 879.847
[2020-07-05 14:13:33.693] [fileLog] [info] 
At end of round 0
==================
Observed 2595853 total fragments (2595853 in most recent round)

[2020-07-05 14:13:34.772] [jointLog] [info] iteration = 100 | max rel diff. = 18.6087
[2020-07-05 14:13:35.739] [jointLog] [info] iteration = 200 | max rel diff. = 12.7244
[2020-07-05 14:13:36.704] [jointLog] [info] iteration = 300 | max rel diff. = 1.23431
[2020-07-05 14:13:37.670] [jointLog] [info] iteration = 400 | max rel diff. = 3.56232
[2020-07-05 14:13:38.635] [jointLog] [info] iteration = 500 | max rel diff. = 0.0628872
[2020-07-05 14:13:39.601] [jointLog] [info] iteration = 600 | max rel diff. = 0.0680229
[2020-07-05 14:13:40.567] [jointLog] [info] iteration = 700 | max rel diff. = 0.0589326
[2020-07-05 14:13:41.138] [jointLog] [info] iteration = 760 | max rel diff. = 0.00478359
[2020-07-05 14:13:41.141] [jointLog] [info] Finished optimizer
[2020-07-05 14:13:41.141] [jointLog] [info] writing output 

