[2020-07-05 16:19:54.249] [jointLog] [info] Fragment incompatibility prior below threshold.  Incompatible fragments will be ignored.
[2020-07-05 16:19:54.249] [jointLog] [info] Usage of --validateMappings implies use of minScoreFraction. Since not explicitly specified, it is being set to 0.65
[2020-07-05 16:19:54.249] [jointLog] [info] Usage of --validateMappings, without --hardFilter implies use of range factorization. rangeFactorizationBins is being set to 4
[2020-07-05 16:19:54.249] [jointLog] [info] Usage of --validateMappings implies a default consensus slack of 0.2. Setting consensusSlack to 0.2.
[2020-07-05 16:19:54.249] [jointLog] [info] parsing read library format
[2020-07-05 16:19:54.249] [jointLog] [info] There is 1 library.
[2020-07-05 16:19:54.305] [jointLog] [info] Loading Quasi index
[2020-07-05 16:19:54.305] [jointLog] [info] Loading 32-bit quasi index
[2020-07-05 16:20:01.343] [jointLog] [info] done
[2020-07-05 16:20:01.343] [jointLog] [info] Index contained 178,517 targets
[2020-07-05 16:20:02.045] [jointLog] [info] Automatically detected most likely library type as IU
[2020-07-05 16:23:44.104] [jointLog] [info] Computed 766,502 rich equivalence classes for further processing
[2020-07-05 16:23:44.104] [jointLog] [info] Counted 25,741,756 total reads in the equivalence classes 
[2020-07-05 16:23:44.129] [jointLog] [info] Number of mappings discarded because of alignment score : 12,412,264
[2020-07-05 16:23:44.129] [jointLog] [info] Number of fragments entirely discarded because of alignment score : 2,810,711
[2020-07-05 16:23:44.129] [jointLog] [info] Number of fragments discarded because they are best-mapped to decoys : 0
[2020-07-05 16:23:44.129] [jointLog] [info] Number of fragments discarded because they have only dovetail (discordant) mappings : 1,382,462
[2020-07-05 16:23:44.129] [jointLog] [info] Mapping rate = 68.0005%

[2020-07-05 16:23:44.129] [jointLog] [info] finished quantifyLibrary()
[2020-07-05 16:23:44.130] [jointLog] [info] Starting optimizer
[2020-07-05 16:23:44.306] [jointLog] [info] Marked 0 weighted equivalence classes as degenerate
[2020-07-05 16:23:44.335] [jointLog] [info] iteration = 0 | max rel diff. = 6889.65
[2020-07-05 16:23:44.105] [fileLog] [info] 
At end of round 0
==================
Observed 37855232 total fragments (37855232 in most recent round)

[2020-07-05 16:23:47.256] [jointLog] [info] iteration = 100 | max rel diff. = 6.68731
[2020-07-05 16:23:50.181] [jointLog] [info] iteration = 200 | max rel diff. = 6.2445
[2020-07-05 16:23:53.107] [jointLog] [info] iteration = 300 | max rel diff. = 6.26765
[2020-07-05 16:23:56.033] [jointLog] [info] iteration = 400 | max rel diff. = 9.77435
[2020-07-05 16:23:58.958] [jointLog] [info] iteration = 500 | max rel diff. = 6.81696
[2020-07-05 16:24:01.884] [jointLog] [info] iteration = 600 | max rel diff. = 0.279594
[2020-07-05 16:24:04.810] [jointLog] [info] iteration = 700 | max rel diff. = 3.05905
[2020-07-05 16:24:07.736] [jointLog] [info] iteration = 800 | max rel diff. = 0.112637
[2020-07-05 16:24:10.661] [jointLog] [info] iteration = 900 | max rel diff. = 0.501579
[2020-07-05 16:24:13.588] [jointLog] [info] iteration = 1,000 | max rel diff. = 0.148253
[2020-07-05 16:24:16.514] [jointLog] [info] iteration = 1,100 | max rel diff. = 0.371153
[2020-07-05 16:24:19.440] [jointLog] [info] iteration = 1,200 | max rel diff. = 0.11762
[2020-07-05 16:24:22.366] [jointLog] [info] iteration = 1,300 | max rel diff. = 0.0471391
[2020-07-05 16:24:25.291] [jointLog] [info] iteration = 1,400 | max rel diff. = 1.52459
[2020-07-05 16:24:28.216] [jointLog] [info] iteration = 1,500 | max rel diff. = 0.0800763
[2020-07-05 16:24:31.141] [jointLog] [info] iteration = 1,600 | max rel diff. = 0.204321
[2020-07-05 16:24:34.067] [jointLog] [info] iteration = 1,700 | max rel diff. = 0.222482
[2020-07-05 16:24:36.989] [jointLog] [info] iteration = 1,800 | max rel diff. = 0.180861
[2020-07-05 16:24:39.911] [jointLog] [info] iteration = 1,900 | max rel diff. = 0.476836
[2020-07-05 16:24:42.367] [jointLog] [info] iteration = 1,985 | max rel diff. = 0.00448485
[2020-07-05 16:24:42.371] [jointLog] [info] Finished optimizer
[2020-07-05 16:24:42.371] [jointLog] [info] writing output 

