[2020-07-05 14:15:59.620] [jointLog] [info] Fragment incompatibility prior below threshold.  Incompatible fragments will be ignored.
[2020-07-05 14:15:59.620] [jointLog] [info] Usage of --validateMappings implies use of minScoreFraction. Since not explicitly specified, it is being set to 0.65
[2020-07-05 14:15:59.620] [jointLog] [info] Usage of --validateMappings, without --hardFilter implies use of range factorization. rangeFactorizationBins is being set to 4
[2020-07-05 14:15:59.620] [jointLog] [info] Usage of --validateMappings implies a default consensus slack of 0.2. Setting consensusSlack to 0.2.
[2020-07-05 14:15:59.620] [jointLog] [info] parsing read library format
[2020-07-05 14:15:59.620] [jointLog] [info] There is 1 library.
[2020-07-05 14:15:59.670] [jointLog] [info] Loading Quasi index
[2020-07-05 14:15:59.670] [jointLog] [info] Loading 32-bit quasi index
[2020-07-05 14:16:06.059] [jointLog] [info] done
[2020-07-05 14:16:06.059] [jointLog] [info] Index contained 117,135 targets
[2020-07-05 14:16:06.637] [jointLog] [info] Automatically detected most likely library type as IU
[2020-07-05 14:16:38.728] [jointLog] [info] Computed 328,759 rich equivalence classes for further processing
[2020-07-05 14:16:38.728] [jointLog] [info] Counted 6,252,208 total reads in the equivalence classes 
[2020-07-05 14:16:38.749] [jointLog] [info] Number of mappings discarded because of alignment score : 815,182
[2020-07-05 14:16:38.749] [jointLog] [info] Number of fragments entirely discarded because of alignment score : 636,335
[2020-07-05 14:16:38.749] [jointLog] [info] Number of fragments discarded because they are best-mapped to decoys : 0
[2020-07-05 14:16:38.749] [jointLog] [info] Number of fragments discarded because they have only dovetail (discordant) mappings : 653,807
[2020-07-05 14:16:38.749] [jointLog] [info] Mapping rate = 57.355%

[2020-07-05 14:16:38.749] [jointLog] [info] finished quantifyLibrary()
[2020-07-05 14:16:38.749] [jointLog] [info] Starting optimizer
[2020-07-05 14:16:38.729] [fileLog] [info] 
At end of round 0
==================
Observed 10900886 total fragments (10900886 in most recent round)

[2020-07-05 14:16:38.852] [jointLog] [info] Marked 0 weighted equivalence classes as degenerate
[2020-07-05 14:16:38.866] [jointLog] [info] iteration = 0 | max rel diff. = 4620.02
[2020-07-05 14:16:40.269] [jointLog] [info] iteration = 100 | max rel diff. = 12.1735
[2020-07-05 14:16:41.679] [jointLog] [info] iteration = 200 | max rel diff. = 2.79427
[2020-07-05 14:16:43.089] [jointLog] [info] iteration = 300 | max rel diff. = 0.508903
[2020-07-05 14:16:44.498] [jointLog] [info] iteration = 400 | max rel diff. = 0.351627
[2020-07-05 14:16:45.908] [jointLog] [info] iteration = 500 | max rel diff. = 0.215984
[2020-07-05 14:16:47.319] [jointLog] [info] iteration = 600 | max rel diff. = 0.206181
[2020-07-05 14:16:48.729] [jointLog] [info] iteration = 700 | max rel diff. = 0.152194
[2020-07-05 14:16:50.139] [jointLog] [info] iteration = 800 | max rel diff. = 0.0926025
[2020-07-05 14:16:51.548] [jointLog] [info] iteration = 900 | max rel diff. = 0.0681137
[2020-07-05 14:16:52.957] [jointLog] [info] iteration = 1,000 | max rel diff. = 0.0549652
[2020-07-05 14:16:54.367] [jointLog] [info] iteration = 1,100 | max rel diff. = 0.0441464
[2020-07-05 14:16:55.778] [jointLog] [info] iteration = 1,200 | max rel diff. = 0.264921
[2020-07-05 14:16:55.849] [jointLog] [info] iteration = 1,206 | max rel diff. = 0.00367237
[2020-07-05 14:16:55.852] [jointLog] [info] Finished optimizer
[2020-07-05 14:16:55.852] [jointLog] [info] writing output 

