[2020-07-05 14:08:59.492] [jointLog] [info] Fragment incompatibility prior below threshold.  Incompatible fragments will be ignored.
[2020-07-05 14:08:59.493] [jointLog] [info] Usage of --validateMappings implies use of minScoreFraction. Since not explicitly specified, it is being set to 0.65
[2020-07-05 14:08:59.493] [jointLog] [info] Usage of --validateMappings, without --hardFilter implies use of range factorization. rangeFactorizationBins is being set to 4
[2020-07-05 14:08:59.493] [jointLog] [info] Usage of --validateMappings implies a default consensus slack of 0.2. Setting consensusSlack to 0.2.
[2020-07-05 14:08:59.493] [jointLog] [info] parsing read library format
[2020-07-05 14:08:59.493] [jointLog] [info] There is 1 library.
[2020-07-05 14:08:59.567] [jointLog] [info] Loading Quasi index
[2020-07-05 14:08:59.568] [jointLog] [info] Loading 32-bit quasi index
[2020-07-05 14:09:06.124] [jointLog] [info] done
[2020-07-05 14:09:06.124] [jointLog] [info] Index contained 117,135 targets
[2020-07-05 14:09:07.978] [jointLog] [info] Automatically detected most likely library type as IU
[2020-07-05 14:09:22.584] [jointLog] [info] Computed 225,110 rich equivalence classes for further processing
[2020-07-05 14:09:22.584] [jointLog] [info] Counted 3,665,738 total reads in the equivalence classes 
[2020-07-05 14:09:22.607] [jointLog] [info] Number of mappings discarded because of alignment score : 460,357
[2020-07-05 14:09:22.607] [jointLog] [info] Number of fragments entirely discarded because of alignment score : 198,827
[2020-07-05 14:09:22.607] [jointLog] [info] Number of fragments discarded because they are best-mapped to decoys : 0
[2020-07-05 14:09:22.607] [jointLog] [info] Number of fragments discarded because they have only dovetail (discordant) mappings : 253,959
[2020-07-05 14:09:22.617] [jointLog] [warning] Only 3665738 fragments were mapped, but the number of burn-in fragments was set to 5000000.
The effective lengths have been computed using the observed mappings.

[2020-07-05 14:09:22.617] [jointLog] [info] Mapping rate = 69.642%

[2020-07-05 14:09:22.617] [jointLog] [info] finished quantifyLibrary()
[2020-07-05 14:09:22.618] [jointLog] [info] Starting optimizer
[2020-07-05 14:09:22.585] [fileLog] [info] 
At end of round 0
==================
Observed 5263691 total fragments (5263691 in most recent round)

[2020-07-05 14:09:24.056] [jointLog] [info] Marked 0 weighted equivalence classes as degenerate
[2020-07-05 14:09:24.066] [jointLog] [info] iteration = 0 | max rel diff. = 2873.57
[2020-07-05 14:09:25.054] [jointLog] [info] iteration = 100 | max rel diff. = 4.86263
[2020-07-05 14:09:26.039] [jointLog] [info] iteration = 200 | max rel diff. = 5.47086
[2020-07-05 14:09:27.024] [jointLog] [info] iteration = 300 | max rel diff. = 0.469819
[2020-07-05 14:09:28.009] [jointLog] [info] iteration = 400 | max rel diff. = 1.39822
[2020-07-05 14:09:28.995] [jointLog] [info] iteration = 500 | max rel diff. = 0.0871766
[2020-07-05 14:09:29.981] [jointLog] [info] iteration = 600 | max rel diff. = 0.15201
[2020-07-05 14:09:30.966] [jointLog] [info] iteration = 700 | max rel diff. = 10.6711
[2020-07-05 14:09:31.252] [jointLog] [info] iteration = 730 | max rel diff. = 0.00899998
[2020-07-05 14:09:31.255] [jointLog] [info] Finished optimizer
[2020-07-05 14:09:31.255] [jointLog] [info] writing output 

