[2020-07-05 14:17:03.114] [jointLog] [info] Fragment incompatibility prior below threshold.  Incompatible fragments will be ignored.
[2020-07-05 14:17:03.114] [jointLog] [info] Usage of --validateMappings implies use of minScoreFraction. Since not explicitly specified, it is being set to 0.65
[2020-07-05 14:17:03.114] [jointLog] [info] Usage of --validateMappings, without --hardFilter implies use of range factorization. rangeFactorizationBins is being set to 4
[2020-07-05 14:17:03.114] [jointLog] [info] Usage of --validateMappings implies a default consensus slack of 0.2. Setting consensusSlack to 0.2.
[2020-07-05 14:17:03.114] [jointLog] [info] parsing read library format
[2020-07-05 14:17:03.114] [jointLog] [info] There is 1 library.
[2020-07-05 14:17:03.167] [jointLog] [info] Loading Quasi index
[2020-07-05 14:17:03.167] [jointLog] [info] Loading 32-bit quasi index
[2020-07-05 14:17:09.522] [jointLog] [info] done
[2020-07-05 14:17:09.522] [jointLog] [info] Index contained 117,135 targets
[2020-07-05 14:17:10.151] [jointLog] [info] Automatically detected most likely library type as IU
[2020-07-05 14:17:44.558] [jointLog] [info] Computed 381,391 rich equivalence classes for further processing
[2020-07-05 14:17:44.558] [jointLog] [info] Counted 4,046,102 total reads in the equivalence classes 
[2020-07-05 14:17:44.576] [jointLog] [info] Number of mappings discarded because of alignment score : 1,405,486
[2020-07-05 14:17:44.576] [jointLog] [info] Number of fragments entirely discarded because of alignment score : 499,995
[2020-07-05 14:17:44.576] [jointLog] [info] Number of fragments discarded because they are best-mapped to decoys : 0
[2020-07-05 14:17:44.576] [jointLog] [info] Number of fragments discarded because they have only dovetail (discordant) mappings : 433,421
[2020-07-05 14:17:44.586] [jointLog] [warning] Only 4046102 fragments were mapped, but the number of burn-in fragments was set to 5000000.
The effective lengths have been computed using the observed mappings.

[2020-07-05 14:17:44.586] [jointLog] [info] Mapping rate = 37.9996%

[2020-07-05 14:17:44.586] [jointLog] [info] finished quantifyLibrary()
[2020-07-05 14:17:44.587] [jointLog] [info] Starting optimizer
[2020-07-05 14:17:44.699] [jointLog] [info] Marked 0 weighted equivalence classes as degenerate
[2020-07-05 14:17:44.719] [jointLog] [info] iteration = 0 | max rel diff. = 3134.36
[2020-07-05 14:17:44.559] [fileLog] [info] 
At end of round 0
==================
Observed 10647761 total fragments (10647761 in most recent round)

[2020-07-05 14:17:46.761] [jointLog] [info] iteration = 100 | max rel diff. = 14.0229
[2020-07-05 14:17:48.804] [jointLog] [info] iteration = 200 | max rel diff. = 1.30698
[2020-07-05 14:17:50.850] [jointLog] [info] iteration = 300 | max rel diff. = 3.86858
[2020-07-05 14:17:52.894] [jointLog] [info] iteration = 400 | max rel diff. = 0.980819
[2020-07-05 14:17:54.939] [jointLog] [info] iteration = 500 | max rel diff. = 0.423627
[2020-07-05 14:17:56.982] [jointLog] [info] iteration = 600 | max rel diff. = 0.110837
[2020-07-05 14:17:59.027] [jointLog] [info] iteration = 700 | max rel diff. = 0.039347
[2020-07-05 14:18:01.072] [jointLog] [info] iteration = 800 | max rel diff. = 0.314055
[2020-07-05 14:18:03.117] [jointLog] [info] iteration = 900 | max rel diff. = 3.76346
[2020-07-05 14:18:03.137] [jointLog] [info] iteration = 902 | max rel diff. = 0.00625537
[2020-07-05 14:18:03.140] [jointLog] [info] Finished optimizer
[2020-07-05 14:18:03.140] [jointLog] [info] writing output 

