[2020-07-05 14:12:11.476] [jointLog] [info] Fragment incompatibility prior below threshold.  Incompatible fragments will be ignored.
[2020-07-05 14:12:11.476] [jointLog] [info] Usage of --validateMappings implies use of minScoreFraction. Since not explicitly specified, it is being set to 0.65
[2020-07-05 14:12:11.476] [jointLog] [info] Usage of --validateMappings, without --hardFilter implies use of range factorization. rangeFactorizationBins is being set to 4
[2020-07-05 14:12:11.476] [jointLog] [info] Usage of --validateMappings implies a default consensus slack of 0.2. Setting consensusSlack to 0.2.
[2020-07-05 14:12:11.476] [jointLog] [info] parsing read library format
[2020-07-05 14:12:11.476] [jointLog] [info] There is 1 library.
[2020-07-05 14:12:11.529] [jointLog] [info] Loading Quasi index
[2020-07-05 14:12:11.529] [jointLog] [info] Loading 32-bit quasi index
[2020-07-05 14:12:17.857] [jointLog] [info] done
[2020-07-05 14:12:17.857] [jointLog] [info] Index contained 117,135 targets
[2020-07-05 14:12:18.597] [jointLog] [info] Automatically detected most likely library type as IU
[2020-07-05 14:12:26.523] [jointLog] [info] Computed 169,860 rich equivalence classes for further processing
[2020-07-05 14:12:26.523] [jointLog] [info] Counted 1,721,748 total reads in the equivalence classes 
[2020-07-05 14:12:26.543] [jointLog] [info] Number of mappings discarded because of alignment score : 191,962
[2020-07-05 14:12:26.543] [jointLog] [info] Number of fragments entirely discarded because of alignment score : 119,366
[2020-07-05 14:12:26.543] [jointLog] [info] Number of fragments discarded because they are best-mapped to decoys : 0
[2020-07-05 14:12:26.543] [jointLog] [info] Number of fragments discarded because they have only dovetail (discordant) mappings : 211,383
[2020-07-05 14:12:26.553] [jointLog] [warning] Only 1721748 fragments were mapped, but the number of burn-in fragments was set to 5000000.
The effective lengths have been computed using the observed mappings.

[2020-07-05 14:12:26.553] [jointLog] [info] Mapping rate = 61.7026%

[2020-07-05 14:12:26.553] [jointLog] [info] finished quantifyLibrary()
[2020-07-05 14:12:26.554] [jointLog] [info] Starting optimizer
[2020-07-05 14:12:26.612] [jointLog] [info] Marked 0 weighted equivalence classes as degenerate
[2020-07-05 14:12:26.619] [jointLog] [info] iteration = 0 | max rel diff. = 1382.51
[2020-07-05 14:12:26.524] [fileLog] [info] 
At end of round 0
==================
Observed 2790400 total fragments (2790400 in most recent round)

[2020-07-05 14:12:27.321] [jointLog] [info] iteration = 100 | max rel diff. = 10.519
[2020-07-05 14:12:28.018] [jointLog] [info] iteration = 200 | max rel diff. = 1.44538
[2020-07-05 14:12:28.715] [jointLog] [info] iteration = 300 | max rel diff. = 0.76532
[2020-07-05 14:12:29.413] [jointLog] [info] iteration = 400 | max rel diff. = 4.6052
[2020-07-05 14:12:30.109] [jointLog] [info] iteration = 500 | max rel diff. = 0.0750484
[2020-07-05 14:12:30.805] [jointLog] [info] iteration = 600 | max rel diff. = 1.38031
[2020-07-05 14:12:31.238] [jointLog] [info] iteration = 663 | max rel diff. = 0.00937963
[2020-07-05 14:12:31.241] [jointLog] [info] Finished optimizer
[2020-07-05 14:12:31.241] [jointLog] [info] writing output 

