[2020-07-05 14:35:01.161] [jointLog] [info] Fragment incompatibility prior below threshold.  Incompatible fragments will be ignored.
[2020-07-05 14:35:01.161] [jointLog] [info] Usage of --validateMappings implies use of minScoreFraction. Since not explicitly specified, it is being set to 0.65
[2020-07-05 14:35:01.161] [jointLog] [info] Usage of --validateMappings, without --hardFilter implies use of range factorization. rangeFactorizationBins is being set to 4
[2020-07-05 14:35:01.161] [jointLog] [info] Usage of --validateMappings implies a default consensus slack of 0.2. Setting consensusSlack to 0.2.
[2020-07-05 14:35:01.161] [jointLog] [info] parsing read library format
[2020-07-05 14:35:01.161] [jointLog] [info] There is 1 library.
[2020-07-05 14:35:01.204] [jointLog] [info] Loading Quasi index
[2020-07-05 14:35:01.204] [jointLog] [info] Loading 32-bit quasi index
[2020-07-05 14:35:08.348] [jointLog] [info] done
[2020-07-05 14:35:08.348] [jointLog] [info] Index contained 178,517 targets
[2020-07-05 14:35:09.150] [jointLog] [info] Automatically detected most likely library type as IU
[2020-07-05 14:38:16.396] [jointLog] [info] Computed 388,725 rich equivalence classes for further processing
[2020-07-05 14:38:16.396] [jointLog] [info] Counted 11,092,840 total reads in the equivalence classes 
[2020-07-05 14:38:16.416] [jointLog] [info] Number of mappings discarded because of alignment score : 5,659,968
[2020-07-05 14:38:16.416] [jointLog] [info] Number of fragments entirely discarded because of alignment score : 3,512,853
[2020-07-05 14:38:16.416] [jointLog] [info] Number of fragments discarded because they are best-mapped to decoys : 0
[2020-07-05 14:38:16.416] [jointLog] [info] Number of fragments discarded because they have only dovetail (discordant) mappings : 3,375,407
[2020-07-05 14:38:16.416] [jointLog] [info] Mapping rate = 38.5508%

[2020-07-05 14:38:16.416] [jointLog] [info] finished quantifyLibrary()
[2020-07-05 14:38:16.417] [jointLog] [info] Starting optimizer
[2020-07-05 14:38:16.539] [jointLog] [info] Marked 0 weighted equivalence classes as degenerate
[2020-07-05 14:38:16.555] [jointLog] [info] iteration = 0 | max rel diff. = 4823.78
[2020-07-05 14:38:16.397] [fileLog] [info] 
At end of round 0
==================
Observed 28774607 total fragments (28774607 in most recent round)

[2020-07-05 14:38:18.142] [jointLog] [info] iteration = 100 | max rel diff. = 12.3126
[2020-07-05 14:38:19.731] [jointLog] [info] iteration = 200 | max rel diff. = 12.5755
[2020-07-05 14:38:21.313] [jointLog] [info] iteration = 300 | max rel diff. = 1.47121
[2020-07-05 14:38:22.881] [jointLog] [info] iteration = 400 | max rel diff. = 5.78713
[2020-07-05 14:38:24.449] [jointLog] [info] iteration = 500 | max rel diff. = 3.90127
[2020-07-05 14:38:26.016] [jointLog] [info] iteration = 600 | max rel diff. = 5.61686
[2020-07-05 14:38:27.583] [jointLog] [info] iteration = 700 | max rel diff. = 0.0555451
[2020-07-05 14:38:29.151] [jointLog] [info] iteration = 800 | max rel diff. = 2.55613
[2020-07-05 14:38:30.718] [jointLog] [info] iteration = 900 | max rel diff. = 0.149451
[2020-07-05 14:38:32.286] [jointLog] [info] iteration = 1,000 | max rel diff. = 0.11124
[2020-07-05 14:38:32.615] [jointLog] [info] iteration = 1,022 | max rel diff. = 0.00793711
[2020-07-05 14:38:32.619] [jointLog] [info] Finished optimizer
[2020-07-05 14:38:32.619] [jointLog] [info] writing output 

