[2020-07-05 14:19:28.303] [jointLog] [info] Fragment incompatibility prior below threshold.  Incompatible fragments will be ignored.
[2020-07-05 14:19:28.303] [jointLog] [info] Usage of --validateMappings implies use of minScoreFraction. Since not explicitly specified, it is being set to 0.65
[2020-07-05 14:19:28.303] [jointLog] [info] Usage of --validateMappings, without --hardFilter implies use of range factorization. rangeFactorizationBins is being set to 4
[2020-07-05 14:19:28.303] [jointLog] [info] Usage of --validateMappings implies a default consensus slack of 0.2. Setting consensusSlack to 0.2.
[2020-07-05 14:19:28.303] [jointLog] [info] parsing read library format
[2020-07-05 14:19:28.303] [jointLog] [info] There is 1 library.
[2020-07-05 14:19:28.345] [jointLog] [info] Loading Quasi index
[2020-07-05 14:19:28.345] [jointLog] [info] Loading 32-bit quasi index
[2020-07-05 14:19:35.413] [jointLog] [info] done
[2020-07-05 14:19:35.413] [jointLog] [info] Index contained 178,517 targets
[2020-07-05 14:19:35.876] [jointLog] [info] Automatically detected most likely library type as SR
[2020-07-05 14:20:14.185] [jointLog] [info] Thread saw mini-batch with a maximum of 2.02% zero probability fragments
[2020-07-05 14:20:14.190] [jointLog] [info] Thread saw mini-batch with a maximum of 1.90% zero probability fragments
[2020-07-05 14:20:14.193] [jointLog] [info] Thread saw mini-batch with a maximum of 1.96% zero probability fragments
[2020-07-05 14:20:14.205] [jointLog] [info] Thread saw mini-batch with a maximum of 2.00% zero probability fragments
[2020-07-05 14:20:14.223] [jointLog] [info] Thread saw mini-batch with a maximum of 1.96% zero probability fragments
[2020-07-05 14:20:14.227] [jointLog] [info] Thread saw mini-batch with a maximum of 1.90% zero probability fragments
[2020-07-05 14:20:14.227] [jointLog] [info] Thread saw mini-batch with a maximum of 1.90% zero probability fragments
[2020-07-05 14:20:14.235] [jointLog] [info] Thread saw mini-batch with a maximum of 1.96% zero probability fragments
[2020-07-05 14:20:14.251] [jointLog] [info] Thread saw mini-batch with a maximum of 2.06% zero probability fragments
[2020-07-05 14:20:14.269] [jointLog] [info] Thread saw mini-batch with a maximum of 1.98% zero probability fragments
[2020-07-05 14:20:14.289] [jointLog] [info] Thread saw mini-batch with a maximum of 1.94% zero probability fragments
[2020-07-05 14:20:14.305] [jointLog] [info] Thread saw mini-batch with a maximum of 2.02% zero probability fragments
[2020-07-05 14:20:14.499] [jointLog] [info] Computed 131,229 rich equivalence classes for further processing
[2020-07-05 14:20:14.499] [jointLog] [info] Counted 13,827,306 total reads in the equivalence classes 
[2020-07-05 14:20:14.500] [fileLog] [info] 
At end of round 0
==================
Observed 16613734 total fragments (16613734 in most recent round)

[2020-07-05 14:20:14.531] [jointLog] [info] Number of mappings discarded because of alignment score : 4,565,085
[2020-07-05 14:20:14.531] [jointLog] [info] Number of fragments entirely discarded because of alignment score : 2,541,420
[2020-07-05 14:20:14.531] [jointLog] [info] Number of fragments discarded because they are best-mapped to decoys : 0
[2020-07-05 14:20:14.531] [jointLog] [info] Number of fragments discarded because they have only dovetail (discordant) mappings : 0
[2020-07-05 14:20:14.531] [jointLog] [info] Mapping rate = 83.2282%

[2020-07-05 14:20:14.531] [jointLog] [info] finished quantifyLibrary()
[2020-07-05 14:20:14.531] [jointLog] [info] Starting optimizer
[2020-07-05 14:20:14.619] [jointLog] [info] Marked 0 weighted equivalence classes as degenerate
[2020-07-05 14:20:14.628] [jointLog] [info] iteration = 0 | max rel diff. = 5590.26
[2020-07-05 14:20:15.501] [jointLog] [info] iteration = 100 | max rel diff. = 15.2466
[2020-07-05 14:20:16.346] [jointLog] [info] iteration = 200 | max rel diff. = 14.0166
[2020-07-05 14:20:17.178] [jointLog] [info] iteration = 300 | max rel diff. = 13.0523
[2020-07-05 14:20:18.022] [jointLog] [info] iteration = 400 | max rel diff. = 1.16673
[2020-07-05 14:20:18.854] [jointLog] [info] iteration = 500 | max rel diff. = 2.10771
[2020-07-05 14:20:19.688] [jointLog] [info] iteration = 600 | max rel diff. = 3.48496
[2020-07-05 14:20:20.528] [jointLog] [info] iteration = 700 | max rel diff. = 4.68147
[2020-07-05 14:20:21.355] [jointLog] [info] iteration = 800 | max rel diff. = 7.03934
[2020-07-05 14:20:22.194] [jointLog] [info] iteration = 900 | max rel diff. = 0.285212
[2020-07-05 14:20:23.018] [jointLog] [info] iteration = 1,000 | max rel diff. = 0.0266093
[2020-07-05 14:20:23.859] [jointLog] [info] iteration = 1,100 | max rel diff. = 0.333933
[2020-07-05 14:20:24.688] [jointLog] [info] iteration = 1,200 | max rel diff. = 0.194118
[2020-07-05 14:20:25.532] [jointLog] [info] iteration = 1,300 | max rel diff. = 0.0309633
[2020-07-05 14:20:26.356] [jointLog] [info] iteration = 1,400 | max rel diff. = 0.12793
[2020-07-05 14:20:27.204] [jointLog] [info] iteration = 1,500 | max rel diff. = 0.107924
[2020-07-05 14:20:28.038] [jointLog] [info] iteration = 1,600 | max rel diff. = 0.0636479
[2020-07-05 14:20:28.917] [jointLog] [info] iteration = 1,700 | max rel diff. = 0.0609579
[2020-07-05 14:20:29.749] [jointLog] [info] iteration = 1,800 | max rel diff. = 0.0302524
[2020-07-05 14:20:30.581] [jointLog] [info] iteration = 1,900 | max rel diff. = 0.331875
[2020-07-05 14:20:31.322] [jointLog] [info] iteration = 1,988 | max rel diff. = 0.00681325
[2020-07-05 14:20:31.326] [jointLog] [info] Finished optimizer
[2020-07-05 14:20:31.326] [jointLog] [info] writing output 

