[2020-07-05 16:02:39.020] [jointLog] [info] Fragment incompatibility prior below threshold.  Incompatible fragments will be ignored.
[2020-07-05 16:02:39.020] [jointLog] [info] Usage of --validateMappings implies use of minScoreFraction. Since not explicitly specified, it is being set to 0.65
[2020-07-05 16:02:39.020] [jointLog] [info] Usage of --validateMappings, without --hardFilter implies use of range factorization. rangeFactorizationBins is being set to 4
[2020-07-05 16:02:39.020] [jointLog] [info] Usage of --validateMappings implies a default consensus slack of 0.2. Setting consensusSlack to 0.2.
[2020-07-05 16:02:39.020] [jointLog] [info] parsing read library format
[2020-07-05 16:02:39.020] [jointLog] [info] There is 1 library.
[2020-07-05 16:02:39.068] [jointLog] [info] Loading Quasi index
[2020-07-05 16:02:39.068] [jointLog] [info] Loading 32-bit quasi index
[2020-07-05 16:02:46.107] [jointLog] [info] done
[2020-07-05 16:02:46.107] [jointLog] [info] Index contained 178,517 targets
[2020-07-05 16:02:46.819] [jointLog] [info] Automatically detected most likely library type as IU
[2020-07-05 16:08:01.030] [jointLog] [info] Computed 870,739 rich equivalence classes for further processing
[2020-07-05 16:08:01.030] [jointLog] [info] Counted 33,877,601 total reads in the equivalence classes 
[2020-07-05 16:08:01.057] [jointLog] [info] Number of mappings discarded because of alignment score : 16,890,113
[2020-07-05 16:08:01.057] [jointLog] [info] Number of fragments entirely discarded because of alignment score : 4,351,247
[2020-07-05 16:08:01.057] [jointLog] [info] Number of fragments discarded because they are best-mapped to decoys : 0
[2020-07-05 16:08:01.057] [jointLog] [info] Number of fragments discarded because they have only dovetail (discordant) mappings : 2,308,025
[2020-07-05 16:08:01.057] [jointLog] [info] Mapping rate = 65.2565%

[2020-07-05 16:08:01.057] [jointLog] [info] finished quantifyLibrary()
[2020-07-05 16:08:01.058] [jointLog] [info] Starting optimizer
[2020-07-05 16:08:01.031] [fileLog] [info] 
At end of round 0
==================
Observed 51914539 total fragments (51914539 in most recent round)

[2020-07-05 16:08:01.261] [jointLog] [info] Marked 0 weighted equivalence classes as degenerate
[2020-07-05 16:08:01.296] [jointLog] [info] iteration = 0 | max rel diff. = 6101.59
[2020-07-05 16:08:04.794] [jointLog] [info] iteration = 100 | max rel diff. = 13.7937
[2020-07-05 16:08:08.293] [jointLog] [info] iteration = 200 | max rel diff. = 2.10032
[2020-07-05 16:08:11.794] [jointLog] [info] iteration = 300 | max rel diff. = 5.75527
[2020-07-05 16:08:15.293] [jointLog] [info] iteration = 400 | max rel diff. = 2.1663
[2020-07-05 16:08:18.793] [jointLog] [info] iteration = 500 | max rel diff. = 0.759678
[2020-07-05 16:08:22.293] [jointLog] [info] iteration = 600 | max rel diff. = 0.261395
[2020-07-05 16:08:25.795] [jointLog] [info] iteration = 700 | max rel diff. = 0.130443
[2020-07-05 16:08:29.296] [jointLog] [info] iteration = 800 | max rel diff. = 0.178989
[2020-07-05 16:08:32.798] [jointLog] [info] iteration = 900 | max rel diff. = 0.0614538
[2020-07-05 16:08:36.300] [jointLog] [info] iteration = 1,000 | max rel diff. = 0.0739727
[2020-07-05 16:08:39.800] [jointLog] [info] iteration = 1,100 | max rel diff. = 0.0358749
[2020-07-05 16:08:43.301] [jointLog] [info] iteration = 1,200 | max rel diff. = 0.0302934
[2020-07-05 16:08:46.804] [jointLog] [info] iteration = 1,300 | max rel diff. = 0.0174856
[2020-07-05 16:08:50.306] [jointLog] [info] iteration = 1,400 | max rel diff. = 0.0237231
[2020-07-05 16:08:53.808] [jointLog] [info] iteration = 1,500 | max rel diff. = 0.0341655
[2020-07-05 16:08:57.310] [jointLog] [info] iteration = 1,600 | max rel diff. = 0.0171255
[2020-07-05 16:09:00.810] [jointLog] [info] iteration = 1,700 | max rel diff. = 0.117316
[2020-07-05 16:09:04.311] [jointLog] [info] iteration = 1,800 | max rel diff. = 0.0383784
[2020-07-05 16:09:07.812] [jointLog] [info] iteration = 1,900 | max rel diff. = 0.0271808
[2020-07-05 16:09:10.963] [jointLog] [info] iteration = 1,991 | max rel diff. = 0.00850715
[2020-07-05 16:09:10.967] [jointLog] [info] Finished optimizer
[2020-07-05 16:09:10.967] [jointLog] [info] writing output 

