[2020-07-05 14:09:04.934] [jointLog] [info] Fragment incompatibility prior below threshold.  Incompatible fragments will be ignored.
[2020-07-05 14:09:04.935] [jointLog] [info] Usage of --validateMappings implies use of minScoreFraction. Since not explicitly specified, it is being set to 0.65
[2020-07-05 14:09:04.935] [jointLog] [info] Usage of --validateMappings, without --hardFilter implies use of range factorization. rangeFactorizationBins is being set to 4
[2020-07-05 14:09:04.936] [jointLog] [info] Usage of --validateMappings implies a default consensus slack of 0.2. Setting consensusSlack to 0.2.
[2020-07-05 14:09:04.936] [jointLog] [info] parsing read library format
[2020-07-05 14:09:04.936] [jointLog] [info] There is 1 library.
[2020-07-05 14:09:05.009] [jointLog] [info] Loading Quasi index
[2020-07-05 14:09:05.010] [jointLog] [info] Loading 32-bit quasi index
[2020-07-05 14:09:14.930] [jointLog] [info] done
[2020-07-05 14:09:14.930] [jointLog] [info] Index contained 117,135 targets
[2020-07-05 14:09:17.065] [jointLog] [info] Automatically detected most likely library type as IU
[2020-07-05 14:09:40.070] [jointLog] [info] Computed 299,532 rich equivalence classes for further processing
[2020-07-05 14:09:40.070] [jointLog] [info] Counted 2,148,570 total reads in the equivalence classes 
[2020-07-05 14:09:40.088] [jointLog] [info] Number of mappings discarded because of alignment score : 962,798
[2020-07-05 14:09:40.088] [jointLog] [info] Number of fragments entirely discarded because of alignment score : 346,177
[2020-07-05 14:09:40.088] [jointLog] [info] Number of fragments discarded because they are best-mapped to decoys : 0
[2020-07-05 14:09:40.088] [jointLog] [info] Number of fragments discarded because they have only dovetail (discordant) mappings : 262,379
[2020-07-05 14:09:40.098] [jointLog] [warning] Only 2148570 fragments were mapped, but the number of burn-in fragments was set to 5000000.
The effective lengths have been computed using the observed mappings.

[2020-07-05 14:09:40.098] [jointLog] [info] Mapping rate = 31.4622%

[2020-07-05 14:09:40.098] [jointLog] [info] finished quantifyLibrary()
[2020-07-05 14:09:40.099] [jointLog] [info] Starting optimizer
[2020-07-05 14:09:40.071] [fileLog] [info] 
At end of round 0
==================
Observed 6829056 total fragments (6829056 in most recent round)

[2020-07-05 14:09:41.812] [jointLog] [info] Marked 0 weighted equivalence classes as degenerate
[2020-07-05 14:09:41.828] [jointLog] [info] iteration = 0 | max rel diff. = 1747.82
[2020-07-05 14:09:43.443] [jointLog] [info] iteration = 100 | max rel diff. = 17.3374
[2020-07-05 14:09:45.056] [jointLog] [info] iteration = 200 | max rel diff. = 2.96347
[2020-07-05 14:09:46.670] [jointLog] [info] iteration = 300 | max rel diff. = 1.66244
[2020-07-05 14:09:48.283] [jointLog] [info] iteration = 400 | max rel diff. = 0.239699
[2020-07-05 14:09:49.896] [jointLog] [info] iteration = 500 | max rel diff. = 1.71687
[2020-07-05 14:09:51.510] [jointLog] [info] iteration = 600 | max rel diff. = 0.133624
[2020-07-05 14:09:53.123] [jointLog] [info] iteration = 700 | max rel diff. = 0.081835
[2020-07-05 14:09:54.268] [jointLog] [info] iteration = 772 | max rel diff. = 0.00470456
[2020-07-05 14:09:54.271] [jointLog] [info] Finished optimizer
[2020-07-05 14:09:54.271] [jointLog] [info] writing output 

