[2020-07-05 14:54:47.165] [jointLog] [info] Fragment incompatibility prior below threshold.  Incompatible fragments will be ignored.
[2020-07-05 14:54:47.165] [jointLog] [info] Usage of --validateMappings implies use of minScoreFraction. Since not explicitly specified, it is being set to 0.65
[2020-07-05 14:54:47.165] [jointLog] [info] Usage of --validateMappings, without --hardFilter implies use of range factorization. rangeFactorizationBins is being set to 4
[2020-07-05 14:54:47.165] [jointLog] [info] Usage of --validateMappings implies a default consensus slack of 0.2. Setting consensusSlack to 0.2.
[2020-07-05 14:54:47.165] [jointLog] [info] parsing read library format
[2020-07-05 14:54:47.165] [jointLog] [info] There is 1 library.
[2020-07-05 14:54:47.217] [jointLog] [info] Loading Quasi index
[2020-07-05 14:54:47.217] [jointLog] [info] Loading 32-bit quasi index
[2020-07-05 14:54:54.189] [jointLog] [info] done
[2020-07-05 14:54:54.189] [jointLog] [info] Index contained 178,517 targets
[2020-07-05 14:54:54.702] [jointLog] [info] Automatically detected most likely library type as U
[2020-07-05 14:56:50.613] [jointLog] [info] Computed 621,372 rich equivalence classes for further processing
[2020-07-05 14:56:50.613] [jointLog] [info] Counted 21,962,691 total reads in the equivalence classes 
[2020-07-05 14:56:50.640] [jointLog] [info] Number of mappings discarded because of alignment score : 10,775,380
[2020-07-05 14:56:50.640] [jointLog] [info] Number of fragments entirely discarded because of alignment score : 10,443,528
[2020-07-05 14:56:50.640] [jointLog] [info] Number of fragments discarded because they are best-mapped to decoys : 0
[2020-07-05 14:56:50.640] [jointLog] [info] Number of fragments discarded because they have only dovetail (discordant) mappings : 0
[2020-07-05 14:56:50.640] [jointLog] [info] Mapping rate = 67.7731%

[2020-07-05 14:56:50.640] [jointLog] [info] finished quantifyLibrary()
[2020-07-05 14:56:50.641] [jointLog] [info] Starting optimizer
[2020-07-05 14:56:50.819] [jointLog] [info] Marked 0 weighted equivalence classes as degenerate
[2020-07-05 14:56:50.852] [jointLog] [info] iteration = 0 | max rel diff. = 6799.54
[2020-07-05 14:56:50.614] [fileLog] [info] 
At end of round 0
==================
Observed 32406219 total fragments (32406219 in most recent round)

[2020-07-05 14:56:54.119] [jointLog] [info] iteration = 100 | max rel diff. = 15.1753
[2020-07-05 14:56:57.391] [jointLog] [info] iteration = 200 | max rel diff. = 6.67373
[2020-07-05 14:57:00.665] [jointLog] [info] iteration = 300 | max rel diff. = 5.29164
[2020-07-05 14:57:03.939] [jointLog] [info] iteration = 400 | max rel diff. = 12.7603
[2020-07-05 14:57:07.213] [jointLog] [info] iteration = 500 | max rel diff. = 1.85453
[2020-07-05 14:57:10.487] [jointLog] [info] iteration = 600 | max rel diff. = 0.423928
[2020-07-05 14:57:13.762] [jointLog] [info] iteration = 700 | max rel diff. = 4.03411
[2020-07-05 14:57:17.037] [jointLog] [info] iteration = 800 | max rel diff. = 0.784308
[2020-07-05 14:57:20.311] [jointLog] [info] iteration = 900 | max rel diff. = 0.107414
[2020-07-05 14:57:23.587] [jointLog] [info] iteration = 1,000 | max rel diff. = 0.821377
[2020-07-05 14:57:26.863] [jointLog] [info] iteration = 1,100 | max rel diff. = 1.02246
[2020-07-05 14:57:30.139] [jointLog] [info] iteration = 1,200 | max rel diff. = 0.0495078
[2020-07-05 14:57:33.414] [jointLog] [info] iteration = 1,300 | max rel diff. = 0.146004
[2020-07-05 14:57:36.691] [jointLog] [info] iteration = 1,400 | max rel diff. = 0.366222
[2020-07-05 14:57:39.967] [jointLog] [info] iteration = 1,500 | max rel diff. = 1.83433
[2020-07-05 14:57:43.243] [jointLog] [info] iteration = 1,600 | max rel diff. = 0.634533
[2020-07-05 14:57:46.517] [jointLog] [info] iteration = 1,700 | max rel diff. = 0.950617
[2020-07-05 14:57:49.793] [jointLog] [info] iteration = 1,800 | max rel diff. = 2.89031
[2020-07-05 14:57:53.070] [jointLog] [info] iteration = 1,900 | max rel diff. = 0.0764241
[2020-07-05 14:57:56.346] [jointLog] [info] iteration = 2,000 | max rel diff. = 0.126079
[2020-07-05 14:57:56.641] [jointLog] [info] iteration = 2,010 | max rel diff. = 0.00711956
[2020-07-05 14:57:56.645] [jointLog] [info] Finished optimizer
[2020-07-05 14:57:56.645] [jointLog] [info] writing output 

