[2020-07-05 14:15:36.614] [jointLog] [info] Fragment incompatibility prior below threshold.  Incompatible fragments will be ignored.
[2020-07-05 14:15:36.614] [jointLog] [info] Usage of --validateMappings implies use of minScoreFraction. Since not explicitly specified, it is being set to 0.65
[2020-07-05 14:15:36.614] [jointLog] [info] Usage of --validateMappings, without --hardFilter implies use of range factorization. rangeFactorizationBins is being set to 4
[2020-07-05 14:15:36.614] [jointLog] [info] Usage of --validateMappings implies a default consensus slack of 0.2. Setting consensusSlack to 0.2.
[2020-07-05 14:15:36.614] [jointLog] [info] parsing read library format
[2020-07-05 14:15:36.614] [jointLog] [info] There is 1 library.
[2020-07-05 14:15:36.658] [jointLog] [info] Loading Quasi index
[2020-07-05 14:15:36.658] [jointLog] [info] Loading 32-bit quasi index
[2020-07-05 14:15:43.204] [jointLog] [info] done
[2020-07-05 14:15:43.204] [jointLog] [info] Index contained 117,135 targets
[2020-07-05 14:15:43.574] [jointLog] [info] Automatically detected most likely library type as U
[2020-07-05 14:16:11.002] [jointLog] [info] Computed 399,600 rich equivalence classes for further processing
[2020-07-05 14:16:11.002] [jointLog] [info] Counted 3,555,506 total reads in the equivalence classes 
[2020-07-05 14:16:11.016] [jointLog] [info] Number of mappings discarded because of alignment score : 2,543,469
[2020-07-05 14:16:11.016] [jointLog] [info] Number of fragments entirely discarded because of alignment score : 19,867,558
[2020-07-05 14:16:11.016] [jointLog] [info] Number of fragments discarded because they are best-mapped to decoys : 0
[2020-07-05 14:16:11.016] [jointLog] [info] Number of fragments discarded because they have only dovetail (discordant) mappings : 0
[2020-07-05 14:16:11.026] [jointLog] [warning] Only 3555506 fragments were mapped, but the number of burn-in fragments was set to 5000000.
The effective lengths have been computed using the observed mappings.

[2020-07-05 14:16:11.026] [jointLog] [info] Mapping rate = 15.1795%

[2020-07-05 14:16:11.026] [jointLog] [info] finished quantifyLibrary()
[2020-07-05 14:16:11.027] [jointLog] [info] Starting optimizer
[2020-07-05 14:16:11.201] [jointLog] [info] Marked 0 weighted equivalence classes as degenerate
[2020-07-05 14:16:11.229] [jointLog] [info] iteration = 0 | max rel diff. = 2739.2
[2020-07-05 14:16:11.002] [fileLog] [info] 
At end of round 0
==================
Observed 23423064 total fragments (23423064 in most recent round)

[2020-07-05 14:16:14.194] [jointLog] [info] iteration = 100 | max rel diff. = 13.1407
[2020-07-05 14:16:17.194] [jointLog] [info] iteration = 200 | max rel diff. = 13.5543
[2020-07-05 14:16:20.187] [jointLog] [info] iteration = 300 | max rel diff. = 4.56381
[2020-07-05 14:16:23.357] [jointLog] [info] iteration = 400 | max rel diff. = 0.621879
[2020-07-05 14:16:26.341] [jointLog] [info] iteration = 500 | max rel diff. = 1.96363
[2020-07-05 14:16:29.397] [jointLog] [info] iteration = 600 | max rel diff. = 0.150015
[2020-07-05 14:16:32.388] [jointLog] [info] iteration = 700 | max rel diff. = 0.0307259
[2020-07-05 14:16:35.369] [jointLog] [info] iteration = 800 | max rel diff. = 7.04371
[2020-07-05 14:16:35.401] [jointLog] [info] iteration = 802 | max rel diff. = 0.00581423
[2020-07-05 14:16:35.404] [jointLog] [info] Finished optimizer
[2020-07-05 14:16:35.404] [jointLog] [info] writing output 

