[2020-07-05 14:12:13.008] [jointLog] [info] Fragment incompatibility prior below threshold.  Incompatible fragments will be ignored.
[2020-07-05 14:12:13.008] [jointLog] [info] Usage of --validateMappings implies use of minScoreFraction. Since not explicitly specified, it is being set to 0.65
[2020-07-05 14:12:13.008] [jointLog] [info] Usage of --validateMappings, without --hardFilter implies use of range factorization. rangeFactorizationBins is being set to 4
[2020-07-05 14:12:13.008] [jointLog] [info] Usage of --validateMappings implies a default consensus slack of 0.2. Setting consensusSlack to 0.2.
[2020-07-05 14:12:13.008] [jointLog] [info] parsing read library format
[2020-07-05 14:12:13.009] [jointLog] [info] There is 1 library.
[2020-07-05 14:12:13.060] [jointLog] [info] Loading Quasi index
[2020-07-05 14:12:13.060] [jointLog] [info] Loading 32-bit quasi index
[2020-07-05 14:12:19.406] [jointLog] [info] done
[2020-07-05 14:12:19.406] [jointLog] [info] Index contained 117,135 targets
[2020-07-05 14:12:20.109] [jointLog] [info] Automatically detected most likely library type as IU
[2020-07-05 14:12:34.382] [jointLog] [info] Computed 234,395 rich equivalence classes for further processing
[2020-07-05 14:12:34.382] [jointLog] [info] Counted 3,429,858 total reads in the equivalence classes 
[2020-07-05 14:12:34.404] [jointLog] [info] Number of mappings discarded because of alignment score : 517,285
[2020-07-05 14:12:34.404] [jointLog] [info] Number of fragments entirely discarded because of alignment score : 206,120
[2020-07-05 14:12:34.404] [jointLog] [info] Number of fragments discarded because they are best-mapped to decoys : 0
[2020-07-05 14:12:34.404] [jointLog] [info] Number of fragments discarded because they have only dovetail (discordant) mappings : 211,958
[2020-07-05 14:12:34.414] [jointLog] [warning] Only 3429858 fragments were mapped, but the number of burn-in fragments was set to 5000000.
The effective lengths have been computed using the observed mappings.

[2020-07-05 14:12:34.414] [jointLog] [info] Mapping rate = 65.606%

[2020-07-05 14:12:34.414] [jointLog] [info] finished quantifyLibrary()
[2020-07-05 14:12:34.414] [jointLog] [info] Starting optimizer
[2020-07-05 14:12:34.489] [jointLog] [info] Marked 0 weighted equivalence classes as degenerate
[2020-07-05 14:12:34.500] [jointLog] [info] iteration = 0 | max rel diff. = 2683.48
[2020-07-05 14:12:34.383] [fileLog] [info] 
At end of round 0
==================
Observed 5227962 total fragments (5227962 in most recent round)

[2020-07-05 14:12:35.572] [jointLog] [info] iteration = 100 | max rel diff. = 16.7519
[2020-07-05 14:12:36.641] [jointLog] [info] iteration = 200 | max rel diff. = 0.802419
[2020-07-05 14:12:37.711] [jointLog] [info] iteration = 300 | max rel diff. = 1.10606
[2020-07-05 14:12:38.782] [jointLog] [info] iteration = 400 | max rel diff. = 1.66881
[2020-07-05 14:12:39.851] [jointLog] [info] iteration = 500 | max rel diff. = 0.153391
[2020-07-05 14:12:40.920] [jointLog] [info] iteration = 600 | max rel diff. = 0.0476952
[2020-07-05 14:12:41.991] [jointLog] [info] iteration = 700 | max rel diff. = 0.0735244
[2020-07-05 14:12:43.060] [jointLog] [info] iteration = 800 | max rel diff. = 0.0225227
[2020-07-05 14:12:44.131] [jointLog] [info] iteration = 900 | max rel diff. = 0.544399
[2020-07-05 14:12:44.720] [jointLog] [info] iteration = 956 | max rel diff. = 0.00491229
[2020-07-05 14:12:44.723] [jointLog] [info] Finished optimizer
[2020-07-05 14:12:44.723] [jointLog] [info] writing output 

