[2020-07-05 14:12:10.667] [jointLog] [info] Fragment incompatibility prior below threshold.  Incompatible fragments will be ignored.
[2020-07-05 14:12:10.667] [jointLog] [info] Usage of --validateMappings implies use of minScoreFraction. Since not explicitly specified, it is being set to 0.65
[2020-07-05 14:12:10.667] [jointLog] [info] Usage of --validateMappings, without --hardFilter implies use of range factorization. rangeFactorizationBins is being set to 4
[2020-07-05 14:12:10.667] [jointLog] [info] Usage of --validateMappings implies a default consensus slack of 0.2. Setting consensusSlack to 0.2.
[2020-07-05 14:12:10.667] [jointLog] [info] parsing read library format
[2020-07-05 14:12:10.667] [jointLog] [info] There is 1 library.
[2020-07-05 14:12:10.710] [jointLog] [info] Loading Quasi index
[2020-07-05 14:12:10.710] [jointLog] [info] Loading 32-bit quasi index
[2020-07-05 14:12:17.106] [jointLog] [info] done
[2020-07-05 14:12:17.106] [jointLog] [info] Index contained 117,135 targets
[2020-07-05 14:12:17.565] [jointLog] [info] Automatically detected most likely library type as IU
[2020-07-05 14:12:21.177] [jointLog] [info] Computed 160,320 rich equivalence classes for further processing
[2020-07-05 14:12:21.177] [jointLog] [info] Counted 898,111 total reads in the equivalence classes 
[2020-07-05 14:12:21.195] [jointLog] [info] Number of mappings discarded because of alignment score : 269,316
[2020-07-05 14:12:21.195] [jointLog] [info] Number of fragments entirely discarded because of alignment score : 54,750
[2020-07-05 14:12:21.195] [jointLog] [info] Number of fragments discarded because they are best-mapped to decoys : 0
[2020-07-05 14:12:21.195] [jointLog] [info] Number of fragments discarded because they have only dovetail (discordant) mappings : 21,262
[2020-07-05 14:12:21.205] [jointLog] [warning] Only 898111 fragments were mapped, but the number of burn-in fragments was set to 5000000.
The effective lengths have been computed using the observed mappings.

[2020-07-05 14:12:21.205] [jointLog] [info] Mapping rate = 46.1154%

[2020-07-05 14:12:21.205] [jointLog] [info] finished quantifyLibrary()
[2020-07-05 14:12:21.206] [jointLog] [info] Starting optimizer
[2020-07-05 14:12:21.271] [jointLog] [info] Marked 0 weighted equivalence classes as degenerate
[2020-07-05 14:12:21.279] [jointLog] [info] iteration = 0 | max rel diff. = 734.652
[2020-07-05 14:12:21.178] [fileLog] [info] 
At end of round 0
==================
Observed 1947531 total fragments (1947531 in most recent round)

[2020-07-05 14:12:22.107] [jointLog] [info] iteration = 100 | max rel diff. = 14.9535
[2020-07-05 14:12:22.929] [jointLog] [info] iteration = 200 | max rel diff. = 11.6342
[2020-07-05 14:12:23.751] [jointLog] [info] iteration = 300 | max rel diff. = 0.474864
[2020-07-05 14:12:24.573] [jointLog] [info] iteration = 400 | max rel diff. = 0.0923634
[2020-07-05 14:12:25.395] [jointLog] [info] iteration = 500 | max rel diff. = 0.232908
[2020-07-05 14:12:25.666] [jointLog] [info] iteration = 534 | max rel diff. = 0.00218888
[2020-07-05 14:12:25.669] [jointLog] [info] Finished optimizer
[2020-07-05 14:12:25.669] [jointLog] [info] writing output 

