[2019-04-23 12:34:05.916] [jointLog] [info] Fragment incompatibility prior below threshold.  Incompatible fragments will be ignored.
[2019-04-23 12:34:05.917] [jointLog] [info] Usage of --validateMappings implies use of minScoreFraction. Since not explicitly specified, it is being set to 0.65
[2019-04-23 12:34:05.917] [jointLog] [info] Usage of --validateMappings, without --hardFilter implies use of range factorization. rangeFactorizationBins is being set to 4
[2019-04-23 12:34:05.917] [jointLog] [info] Usage of --validateMappings implies a default consensus slack of 0.2. Setting consensusSlack to 0.2.
[2019-04-23 12:34:05.917] [jointLog] [info] parsing read library format
[2019-04-23 12:34:05.917] [jointLog] [info] There is 1 library.
[2019-04-23 12:34:05.966] [jointLog] [info] Loading Quasi index
[2019-04-23 13:29:43.088] [jointLog] [info] Fragment incompatibility prior below threshold.  Incompatible fragments will be ignored.
[2019-04-23 13:29:43.088] [jointLog] [info] Usage of --validateMappings implies use of minScoreFraction. Since not explicitly specified, it is being set to 0.65
[2019-04-23 13:29:43.088] [jointLog] [info] Usage of --validateMappings, without --hardFilter implies use of range factorization. rangeFactorizationBins is being set to 4
[2019-04-23 13:29:43.089] [jointLog] [info] Usage of --validateMappings implies a default consensus slack of 0.2. Setting consensusSlack to 0.2.
[2019-04-23 13:29:43.089] [jointLog] [info] parsing read library format
[2019-04-23 13:29:43.089] [jointLog] [info] There is 1 library.
[2019-04-23 13:29:43.182] [jointLog] [info] Loading Quasi index
[2019-04-23 13:29:43.191] [jointLog] [info] Loading 32-bit quasi index
[2019-04-23 13:30:06.495] [jointLog] [info] done
[2019-04-23 13:30:06.495] [jointLog] [info] Index contained 116,248 targets
[2019-04-23 14:24:49.529] [jointLog] [info] Fragment incompatibility prior below threshold.  Incompatible fragments will be ignored.
[2019-04-23 14:24:49.529] [jointLog] [info] Usage of --validateMappings implies use of minScoreFraction. Since not explicitly specified, it is being set to 0.65
[2019-04-23 14:24:49.529] [jointLog] [info] Usage of --validateMappings, without --hardFilter implies use of range factorization. rangeFactorizationBins is being set to 4
[2019-04-23 14:24:49.530] [jointLog] [info] Usage of --validateMappings implies a default consensus slack of 0.2. Setting consensusSlack to 0.2.
[2019-04-23 14:24:49.530] [jointLog] [info] parsing read library format
[2019-04-23 14:24:49.530] [jointLog] [info] There is 1 library.
[2019-04-23 14:24:49.620] [jointLog] [info] Loading Quasi index
[2019-04-23 14:24:49.622] [jointLog] [info] Loading 32-bit quasi index
[2019-04-23 14:25:13.554] [jointLog] [info] done
[2019-04-23 14:25:13.554] [jointLog] [info] Index contained 116,248 targets
[2019-04-23 14:25:14.595] [jointLog] [info] Automatically detected most likely library type as IU
[2019-04-23 14:28:21.407] [fileLog] [info] 
At end of round 0
==================
Observed 47532510 total fragments (47532510 in most recent round)

[2019-04-23 14:28:21.406] [jointLog] [info] Computed 471,946 rich equivalence classes for further processing
[2019-04-23 14:28:21.406] [jointLog] [info] Counted 37,238,996 total reads in the equivalence classes 
[2019-04-23 14:28:21.457] [jointLog] [info] Number of mappings discarded because of alignment score : 12,722,530
[2019-04-23 14:28:21.457] [jointLog] [info] Number of fragments entirely discarded because of alignment score : 2,295,261
[2019-04-23 14:28:21.457] [jointLog] [info] Number of fragments discarded because they have only dovetail (discordant) mappings : 281,409
[2019-04-23 14:28:21.457] [jointLog] [info] Mapping rate = 78.3443%

[2019-04-23 14:28:21.458] [jointLog] [info] finished quantifyLibrary()
[2019-04-23 14:28:21.493] [jointLog] [info] Starting optimizer
[2019-04-23 14:28:21.725] [jointLog] [info] Marked 0 weighted equivalence classes as degenerate
[2019-04-23 14:28:21.759] [jointLog] [info] iteration = 0 | max rel diff. = 8161.44
[2019-04-23 14:28:25.066] [jointLog] [info] iteration = 100 | max rel diff. = 6.42884
[2019-04-23 14:28:28.369] [jointLog] [info] iteration = 200 | max rel diff. = 1.40495
[2019-04-23 14:28:31.670] [jointLog] [info] iteration = 300 | max rel diff. = 16.5057
[2019-04-23 14:28:34.970] [jointLog] [info] iteration = 400 | max rel diff. = 0.199283
[2019-04-23 14:28:38.269] [jointLog] [info] iteration = 500 | max rel diff. = 1.03044
[2019-04-23 14:28:41.567] [jointLog] [info] iteration = 600 | max rel diff. = 2.55815
[2019-04-23 14:28:44.866] [jointLog] [info] iteration = 700 | max rel diff. = 0.209024
[2019-04-23 14:28:48.164] [jointLog] [info] iteration = 800 | max rel diff. = 0.987691
[2019-04-23 14:28:51.463] [jointLog] [info] iteration = 900 | max rel diff. = 0.264136
[2019-04-23 14:28:54.762] [jointLog] [info] iteration = 1,000 | max rel diff. = 0.0974618
[2019-04-23 14:28:55.223] [jointLog] [info] iteration = 1,015 | max rel diff. = 0.00969818
[2019-04-23 14:28:55.228] [jointLog] [info] Finished optimizer
[2019-04-23 14:28:55.228] [jointLog] [info] writing output 

