[2020-07-05 14:10:03.912] [jointLog] [info] Fragment incompatibility prior below threshold.  Incompatible fragments will be ignored.
[2020-07-05 14:10:03.912] [jointLog] [info] Usage of --validateMappings implies use of minScoreFraction. Since not explicitly specified, it is being set to 0.65
[2020-07-05 14:10:03.912] [jointLog] [info] Usage of --validateMappings, without --hardFilter implies use of range factorization. rangeFactorizationBins is being set to 4
[2020-07-05 14:10:03.912] [jointLog] [info] Usage of --validateMappings implies a default consensus slack of 0.2. Setting consensusSlack to 0.2.
[2020-07-05 14:10:03.912] [jointLog] [info] parsing read library format
[2020-07-05 14:10:03.912] [jointLog] [info] There is 1 library.
[2020-07-05 14:10:03.954] [jointLog] [info] Loading Quasi index
[2020-07-05 14:10:03.954] [jointLog] [info] Loading 32-bit quasi index
[2020-07-05 14:10:10.956] [jointLog] [info] done
[2020-07-05 14:10:10.956] [jointLog] [info] Index contained 178,517 targets
[2020-07-05 14:10:11.446] [jointLog] [info] Automatically detected most likely library type as SR
[2020-07-05 14:10:50.028] [jointLog] [info] Thread saw mini-batch with a maximum of 1.84% zero probability fragments
[2020-07-05 14:10:50.033] [jointLog] [info] Thread saw mini-batch with a maximum of 2.02% zero probability fragments
[2020-07-05 14:10:50.044] [jointLog] [info] Thread saw mini-batch with a maximum of 1.94% zero probability fragments
[2020-07-05 14:10:50.046] [jointLog] [info] Thread saw mini-batch with a maximum of 1.96% zero probability fragments
[2020-07-05 14:10:50.056] [jointLog] [info] Thread saw mini-batch with a maximum of 1.86% zero probability fragments
[2020-07-05 14:10:50.072] [jointLog] [info] Thread saw mini-batch with a maximum of 1.94% zero probability fragments
[2020-07-05 14:10:50.076] [jointLog] [info] Thread saw mini-batch with a maximum of 1.96% zero probability fragments
[2020-07-05 14:10:50.077] [jointLog] [info] Thread saw mini-batch with a maximum of 1.90% zero probability fragments
[2020-07-05 14:10:50.077] [jointLog] [info] Thread saw mini-batch with a maximum of 1.96% zero probability fragments
[2020-07-05 14:10:50.079] [jointLog] [info] Thread saw mini-batch with a maximum of 1.90% zero probability fragments
[2020-07-05 14:10:50.104] [jointLog] [info] Thread saw mini-batch with a maximum of 1.88% zero probability fragments
[2020-07-05 14:10:50.138] [jointLog] [info] Thread saw mini-batch with a maximum of 1.98% zero probability fragments
[2020-07-05 14:10:50.330] [jointLog] [info] Computed 140,031 rich equivalence classes for further processing
[2020-07-05 14:10:50.330] [jointLog] [info] Counted 13,538,889 total reads in the equivalence classes 
[2020-07-05 14:10:50.360] [jointLog] [info] Number of mappings discarded because of alignment score : 5,403,928
[2020-07-05 14:10:50.360] [jointLog] [info] Number of fragments entirely discarded because of alignment score : 2,932,312
[2020-07-05 14:10:50.360] [jointLog] [info] Number of fragments discarded because they are best-mapped to decoys : 0
[2020-07-05 14:10:50.360] [jointLog] [info] Number of fragments discarded because they have only dovetail (discordant) mappings : 0
[2020-07-05 14:10:50.360] [jointLog] [info] Mapping rate = 81.0273%

[2020-07-05 14:10:50.360] [jointLog] [info] finished quantifyLibrary()
[2020-07-05 14:10:50.360] [jointLog] [info] Starting optimizer
[2020-07-05 14:10:50.447] [jointLog] [info] Marked 0 weighted equivalence classes as degenerate
[2020-07-05 14:10:50.456] [jointLog] [info] iteration = 0 | max rel diff. = 5524.34
[2020-07-05 14:10:50.330] [fileLog] [info] 
At end of round 0
==================
Observed 16709054 total fragments (16709054 in most recent round)

[2020-07-05 14:10:51.331] [jointLog] [info] iteration = 100 | max rel diff. = 16.9536
[2020-07-05 14:10:52.190] [jointLog] [info] iteration = 200 | max rel diff. = 3.61042
[2020-07-05 14:10:53.049] [jointLog] [info] iteration = 300 | max rel diff. = 15.7547
[2020-07-05 14:10:53.908] [jointLog] [info] iteration = 400 | max rel diff. = 1.76032
[2020-07-05 14:10:54.768] [jointLog] [info] iteration = 500 | max rel diff. = 12.3466
[2020-07-05 14:10:55.627] [jointLog] [info] iteration = 600 | max rel diff. = 0.640205
[2020-07-05 14:10:56.485] [jointLog] [info] iteration = 700 | max rel diff. = 3.5933
[2020-07-05 14:10:57.342] [jointLog] [info] iteration = 800 | max rel diff. = 0.116814
[2020-07-05 14:10:58.199] [jointLog] [info] iteration = 900 | max rel diff. = 0.256137
[2020-07-05 14:10:59.055] [jointLog] [info] iteration = 1,000 | max rel diff. = 0.255512
[2020-07-05 14:10:59.911] [jointLog] [info] iteration = 1,100 | max rel diff. = 0.0957012
[2020-07-05 14:11:00.766] [jointLog] [info] iteration = 1,200 | max rel diff. = 0.170219
[2020-07-05 14:11:01.624] [jointLog] [info] iteration = 1,300 | max rel diff. = 0.739165
[2020-07-05 14:11:02.478] [jointLog] [info] iteration = 1,400 | max rel diff. = 0.0400743
[2020-07-05 14:11:02.937] [jointLog] [info] iteration = 1,455 | max rel diff. = 0.00854715
[2020-07-05 14:11:02.940] [jointLog] [info] Finished optimizer
[2020-07-05 14:11:02.940] [jointLog] [info] writing output 

