[2020-07-05 14:15:28.286] [jointLog] [info] Fragment incompatibility prior below threshold.  Incompatible fragments will be ignored.
[2020-07-05 14:15:28.286] [jointLog] [info] Usage of --validateMappings implies use of minScoreFraction. Since not explicitly specified, it is being set to 0.65
[2020-07-05 14:15:28.286] [jointLog] [info] Usage of --validateMappings, without --hardFilter implies use of range factorization. rangeFactorizationBins is being set to 4
[2020-07-05 14:15:28.286] [jointLog] [info] Usage of --validateMappings implies a default consensus slack of 0.2. Setting consensusSlack to 0.2.
[2020-07-05 14:15:28.286] [jointLog] [info] parsing read library format
[2020-07-05 14:15:28.286] [jointLog] [info] There is 1 library.
[2020-07-05 14:15:28.335] [jointLog] [info] Loading Quasi index
[2020-07-05 14:15:28.335] [jointLog] [info] Loading 32-bit quasi index
[2020-07-05 14:15:34.903] [jointLog] [info] done
[2020-07-05 14:15:34.903] [jointLog] [info] Index contained 117,135 targets
[2020-07-05 14:15:35.416] [jointLog] [info] Automatically detected most likely library type as IU
[2020-07-05 14:15:39.747] [jointLog] [info] Computed 118,883 rich equivalence classes for further processing
[2020-07-05 14:15:39.747] [jointLog] [info] Counted 700,476 total reads in the equivalence classes 
[2020-07-05 14:15:39.765] [jointLog] [info] Number of mappings discarded because of alignment score : 151,433
[2020-07-05 14:15:39.765] [jointLog] [info] Number of fragments entirely discarded because of alignment score : 66,434
[2020-07-05 14:15:39.765] [jointLog] [info] Number of fragments discarded because they are best-mapped to decoys : 0
[2020-07-05 14:15:39.765] [jointLog] [info] Number of fragments discarded because they have only dovetail (discordant) mappings : 70,202
[2020-07-05 14:15:39.775] [jointLog] [warning] Only 700476 fragments were mapped, but the number of burn-in fragments was set to 5000000.
The effective lengths have been computed using the observed mappings.

[2020-07-05 14:15:39.776] [jointLog] [info] Mapping rate = 50.7839%

[2020-07-05 14:15:39.776] [jointLog] [info] finished quantifyLibrary()
[2020-07-05 14:15:39.777] [jointLog] [info] Starting optimizer
[2020-07-05 14:15:39.829] [jointLog] [info] Marked 0 weighted equivalence classes as degenerate
[2020-07-05 14:15:39.835] [jointLog] [info] iteration = 0 | max rel diff. = 574.721
[2020-07-05 14:15:39.748] [fileLog] [info] 
At end of round 0
==================
Observed 1379328 total fragments (1379328 in most recent round)

[2020-07-05 14:15:40.402] [jointLog] [info] iteration = 100 | max rel diff. = 13.5099
[2020-07-05 14:15:40.963] [jointLog] [info] iteration = 200 | max rel diff. = 1.43662
[2020-07-05 14:15:41.523] [jointLog] [info] iteration = 300 | max rel diff. = 0.0421261
[2020-07-05 14:15:42.082] [jointLog] [info] iteration = 400 | max rel diff. = 0.0830981
[2020-07-05 14:15:42.519] [jointLog] [info] iteration = 479 | max rel diff. = 0.00872776
[2020-07-05 14:15:42.522] [jointLog] [info] Finished optimizer
[2020-07-05 14:15:42.522] [jointLog] [info] writing output 

