[2020-07-05 15:38:15.941] [jointLog] [info] Fragment incompatibility prior below threshold.  Incompatible fragments will be ignored.
[2020-07-05 15:38:15.941] [jointLog] [info] Usage of --validateMappings implies use of minScoreFraction. Since not explicitly specified, it is being set to 0.65
[2020-07-05 15:38:15.941] [jointLog] [info] Usage of --validateMappings, without --hardFilter implies use of range factorization. rangeFactorizationBins is being set to 4
[2020-07-05 15:38:15.941] [jointLog] [info] Usage of --validateMappings implies a default consensus slack of 0.2. Setting consensusSlack to 0.2.
[2020-07-05 15:38:15.941] [jointLog] [info] parsing read library format
[2020-07-05 15:38:15.941] [jointLog] [info] There is 1 library.
[2020-07-05 15:38:15.991] [jointLog] [info] Loading Quasi index
[2020-07-05 15:38:15.991] [jointLog] [info] Loading 32-bit quasi index
[2020-07-05 15:38:22.969] [jointLog] [info] done
[2020-07-05 15:38:22.969] [jointLog] [info] Index contained 178,517 targets
[2020-07-05 15:38:23.580] [jointLog] [info] Automatically detected most likely library type as U
[2020-07-05 15:40:16.020] [jointLog] [info] Computed 738,450 rich equivalence classes for further processing
[2020-07-05 15:40:16.020] [jointLog] [info] Counted 8,230,209 total reads in the equivalence classes 
[2020-07-05 15:40:16.041] [jointLog] [info] Number of mappings discarded because of alignment score : 20,713,015
[2020-07-05 15:40:16.041] [jointLog] [info] Number of fragments entirely discarded because of alignment score : 12,746,720
[2020-07-05 15:40:16.041] [jointLog] [info] Number of fragments discarded because they are best-mapped to decoys : 0
[2020-07-05 15:40:16.041] [jointLog] [info] Number of fragments discarded because they have only dovetail (discordant) mappings : 0
[2020-07-05 15:40:16.041] [jointLog] [info] Mapping rate = 39.2346%

[2020-07-05 15:40:16.041] [jointLog] [info] finished quantifyLibrary()
[2020-07-05 15:40:16.043] [jointLog] [info] Starting optimizer
[2020-07-05 15:40:16.021] [fileLog] [info] 
At end of round 0
==================
Observed 20976929 total fragments (20976929 in most recent round)

[2020-07-05 15:40:16.269] [jointLog] [info] Marked 0 weighted equivalence classes as degenerate
[2020-07-05 15:40:16.318] [jointLog] [info] iteration = 0 | max rel diff. = 3799.58
[2020-07-05 15:40:21.176] [jointLog] [info] iteration = 100 | max rel diff. = 18.9175
[2020-07-05 15:40:26.038] [jointLog] [info] iteration = 200 | max rel diff. = 6.61762
[2020-07-05 15:40:30.900] [jointLog] [info] iteration = 300 | max rel diff. = 1.74169
[2020-07-05 15:40:35.763] [jointLog] [info] iteration = 400 | max rel diff. = 18.6714
[2020-07-05 15:40:40.628] [jointLog] [info] iteration = 500 | max rel diff. = 4.30791
[2020-07-05 15:40:45.490] [jointLog] [info] iteration = 600 | max rel diff. = 2.15032
[2020-07-05 15:40:50.354] [jointLog] [info] iteration = 700 | max rel diff. = 0.728635
[2020-07-05 15:40:55.220] [jointLog] [info] iteration = 800 | max rel diff. = 2.20857
[2020-07-05 15:41:00.084] [jointLog] [info] iteration = 900 | max rel diff. = 0.141065
[2020-07-05 15:41:04.950] [jointLog] [info] iteration = 1,000 | max rel diff. = 0.319034
[2020-07-05 15:41:09.814] [jointLog] [info] iteration = 1,100 | max rel diff. = 0.0755137
[2020-07-05 15:41:14.679] [jointLog] [info] iteration = 1,200 | max rel diff. = 0.0353343
[2020-07-05 15:41:19.545] [jointLog] [info] iteration = 1,300 | max rel diff. = 0.0318399
[2020-07-05 15:41:24.410] [jointLog] [info] iteration = 1,400 | max rel diff. = 0.0710088
[2020-07-05 15:41:29.276] [jointLog] [info] iteration = 1,500 | max rel diff. = 0.122633
[2020-07-05 15:41:34.141] [jointLog] [info] iteration = 1,600 | max rel diff. = 0.280108
[2020-07-05 15:41:39.009] [jointLog] [info] iteration = 1,700 | max rel diff. = 10.0723
[2020-07-05 15:41:39.057] [jointLog] [info] iteration = 1,702 | max rel diff. = 0.00483902
[2020-07-05 15:41:39.061] [jointLog] [info] Finished optimizer
[2020-07-05 15:41:39.061] [jointLog] [info] writing output 

