[2020-07-05 16:44:34.401] [jointLog] [info] Fragment incompatibility prior below threshold.  Incompatible fragments will be ignored.
[2020-07-05 16:44:34.401] [jointLog] [info] Usage of --validateMappings implies use of minScoreFraction. Since not explicitly specified, it is being set to 0.65
[2020-07-05 16:44:34.401] [jointLog] [info] Usage of --validateMappings, without --hardFilter implies use of range factorization. rangeFactorizationBins is being set to 4
[2020-07-05 16:44:34.401] [jointLog] [info] Usage of --validateMappings implies a default consensus slack of 0.2. Setting consensusSlack to 0.2.
[2020-07-05 16:44:34.401] [jointLog] [info] parsing read library format
[2020-07-05 16:44:34.401] [jointLog] [info] There is 1 library.
[2020-07-05 16:44:34.454] [jointLog] [info] Loading Quasi index
[2020-07-05 16:44:34.454] [jointLog] [info] Loading 32-bit quasi index
[2020-07-05 16:44:41.581] [jointLog] [info] done
[2020-07-05 16:44:41.581] [jointLog] [info] Index contained 178,517 targets
[2020-07-05 16:44:42.227] [jointLog] [info] Automatically detected most likely library type as IU
[2020-07-05 16:47:55.465] [jointLog] [info] Computed 722,326 rich equivalence classes for further processing
[2020-07-05 16:47:55.465] [jointLog] [info] Counted 25,124,686 total reads in the equivalence classes 
[2020-07-05 16:47:55.490] [jointLog] [info] Number of mappings discarded because of alignment score : 8,908,615
[2020-07-05 16:47:55.490] [jointLog] [info] Number of fragments entirely discarded because of alignment score : 2,244,236
[2020-07-05 16:47:55.490] [jointLog] [info] Number of fragments discarded because they are best-mapped to decoys : 0
[2020-07-05 16:47:55.490] [jointLog] [info] Number of fragments discarded because they have only dovetail (discordant) mappings : 1,266,734
[2020-07-05 16:47:55.490] [jointLog] [info] Mapping rate = 72.5905%

[2020-07-05 16:47:55.490] [jointLog] [info] finished quantifyLibrary()
[2020-07-05 16:47:55.491] [jointLog] [info] Starting optimizer
[2020-07-05 16:47:55.466] [fileLog] [info] 
At end of round 0
==================
Observed 34611516 total fragments (34611516 in most recent round)

[2020-07-05 16:47:55.657] [jointLog] [info] Marked 0 weighted equivalence classes as degenerate
[2020-07-05 16:47:55.684] [jointLog] [info] iteration = 0 | max rel diff. = 6815.99
[2020-07-05 16:47:58.310] [jointLog] [info] iteration = 100 | max rel diff. = 16.0607
[2020-07-05 16:48:00.952] [jointLog] [info] iteration = 200 | max rel diff. = 7.56717
[2020-07-05 16:48:03.594] [jointLog] [info] iteration = 300 | max rel diff. = 4.26816
[2020-07-05 16:48:06.236] [jointLog] [info] iteration = 400 | max rel diff. = 0.607441
[2020-07-05 16:48:08.881] [jointLog] [info] iteration = 500 | max rel diff. = 4.87885
[2020-07-05 16:48:11.523] [jointLog] [info] iteration = 600 | max rel diff. = 0.283105
[2020-07-05 16:48:14.166] [jointLog] [info] iteration = 700 | max rel diff. = 10.483
[2020-07-05 16:48:16.810] [jointLog] [info] iteration = 800 | max rel diff. = 8.70827
[2020-07-05 16:48:19.453] [jointLog] [info] iteration = 900 | max rel diff. = 2.15265
[2020-07-05 16:48:22.097] [jointLog] [info] iteration = 1,000 | max rel diff. = 0.0786151
[2020-07-05 16:48:24.740] [jointLog] [info] iteration = 1,100 | max rel diff. = 0.114413
[2020-07-05 16:48:27.383] [jointLog] [info] iteration = 1,200 | max rel diff. = 0.0231521
[2020-07-05 16:48:30.026] [jointLog] [info] iteration = 1,300 | max rel diff. = 0.109531
[2020-07-05 16:48:32.669] [jointLog] [info] iteration = 1,400 | max rel diff. = 0.084613
[2020-07-05 16:48:35.311] [jointLog] [info] iteration = 1,500 | max rel diff. = 0.269148
[2020-07-05 16:48:37.955] [jointLog] [info] iteration = 1,600 | max rel diff. = 0.0161866
[2020-07-05 16:48:40.599] [jointLog] [info] iteration = 1,700 | max rel diff. = 0.103343
[2020-07-05 16:48:43.241] [jointLog] [info] iteration = 1,800 | max rel diff. = 0.0458649
[2020-07-05 16:48:45.885] [jointLog] [info] iteration = 1,900 | max rel diff. = 0.0249638
[2020-07-05 16:48:46.969] [jointLog] [info] iteration = 1,942 | max rel diff. = 0.00919565
[2020-07-05 16:48:46.974] [jointLog] [info] Finished optimizer
[2020-07-05 16:48:46.974] [jointLog] [info] writing output 

