[2020-07-05 14:14:28.619] [jointLog] [info] Fragment incompatibility prior below threshold.  Incompatible fragments will be ignored.
[2020-07-05 14:14:28.619] [jointLog] [info] Usage of --validateMappings implies use of minScoreFraction. Since not explicitly specified, it is being set to 0.65
[2020-07-05 14:14:28.619] [jointLog] [info] Usage of --validateMappings, without --hardFilter implies use of range factorization. rangeFactorizationBins is being set to 4
[2020-07-05 14:14:28.619] [jointLog] [info] Usage of --validateMappings implies a default consensus slack of 0.2. Setting consensusSlack to 0.2.
[2020-07-05 14:14:28.619] [jointLog] [info] parsing read library format
[2020-07-05 14:14:28.619] [jointLog] [info] There is 1 library.
[2020-07-05 14:14:28.673] [jointLog] [info] Loading Quasi index
[2020-07-05 14:14:28.673] [jointLog] [info] Loading 32-bit quasi index
[2020-07-05 14:14:35.171] [jointLog] [info] done
[2020-07-05 14:14:35.171] [jointLog] [info] Index contained 117,135 targets
[2020-07-05 14:14:35.885] [jointLog] [info] Automatically detected most likely library type as IU
[2020-07-05 14:14:41.894] [jointLog] [info] Computed 211,880 rich equivalence classes for further processing
[2020-07-05 14:14:41.894] [jointLog] [info] Counted 963,718 total reads in the equivalence classes 
[2020-07-05 14:14:41.911] [jointLog] [info] Number of mappings discarded because of alignment score : 610,252
[2020-07-05 14:14:41.911] [jointLog] [info] Number of fragments entirely discarded because of alignment score : 94,999
[2020-07-05 14:14:41.911] [jointLog] [info] Number of fragments discarded because they are best-mapped to decoys : 0
[2020-07-05 14:14:41.911] [jointLog] [info] Number of fragments discarded because they have only dovetail (discordant) mappings : 22,808
[2020-07-05 14:14:41.921] [jointLog] [warning] Only 963718 fragments were mapped, but the number of burn-in fragments was set to 5000000.
The effective lengths have been computed using the observed mappings.

[2020-07-05 14:14:41.921] [jointLog] [info] Mapping rate = 31.132%

[2020-07-05 14:14:41.921] [jointLog] [info] finished quantifyLibrary()
[2020-07-05 14:14:41.922] [jointLog] [info] Starting optimizer
[2020-07-05 14:14:42.000] [jointLog] [info] Marked 0 weighted equivalence classes as degenerate
[2020-07-05 14:14:42.012] [jointLog] [info] iteration = 0 | max rel diff. = 777.181
[2020-07-05 14:14:41.895] [fileLog] [info] 
At end of round 0
==================
Observed 3095587 total fragments (3095587 in most recent round)

[2020-07-05 14:14:43.251] [jointLog] [info] iteration = 100 | max rel diff. = 6.10902
[2020-07-05 14:14:44.484] [jointLog] [info] iteration = 200 | max rel diff. = 1.01585
[2020-07-05 14:14:45.719] [jointLog] [info] iteration = 300 | max rel diff. = 0.670089
[2020-07-05 14:14:46.953] [jointLog] [info] iteration = 400 | max rel diff. = 3.96236
[2020-07-05 14:14:48.187] [jointLog] [info] iteration = 500 | max rel diff. = 0.0424169
[2020-07-05 14:14:48.594] [jointLog] [info] iteration = 534 | max rel diff. = 0.00306614
[2020-07-05 14:14:48.597] [jointLog] [info] Finished optimizer
[2020-07-05 14:14:48.597] [jointLog] [info] writing output 

