[2020-07-05 14:10:38.589] [jointLog] [info] Fragment incompatibility prior below threshold.  Incompatible fragments will be ignored.
[2020-07-05 14:10:38.589] [jointLog] [info] Usage of --validateMappings implies use of minScoreFraction. Since not explicitly specified, it is being set to 0.65
[2020-07-05 14:10:38.589] [jointLog] [info] Usage of --validateMappings, without --hardFilter implies use of range factorization. rangeFactorizationBins is being set to 4
[2020-07-05 14:10:38.589] [jointLog] [info] Usage of --validateMappings implies a default consensus slack of 0.2. Setting consensusSlack to 0.2.
[2020-07-05 14:10:38.589] [jointLog] [info] parsing read library format
[2020-07-05 14:10:38.589] [jointLog] [info] There is 1 library.
[2020-07-05 14:10:38.642] [jointLog] [info] Loading Quasi index
[2020-07-05 14:10:38.642] [jointLog] [info] Loading 32-bit quasi index
[2020-07-05 14:10:45.063] [jointLog] [info] done
[2020-07-05 14:10:45.063] [jointLog] [info] Index contained 117,135 targets
[2020-07-05 14:10:45.576] [jointLog] [info] Automatically detected most likely library type as IU
[2020-07-05 14:10:47.042] [jointLog] [info] Computed 97,109 rich equivalence classes for further processing
[2020-07-05 14:10:47.042] [jointLog] [info] Counted 369,922 total reads in the equivalence classes 
[2020-07-05 14:10:47.058] [jointLog] [info] Number of mappings discarded because of alignment score : 108,466
[2020-07-05 14:10:47.058] [jointLog] [info] Number of fragments entirely discarded because of alignment score : 21,202
[2020-07-05 14:10:47.058] [jointLog] [info] Number of fragments discarded because they are best-mapped to decoys : 0
[2020-07-05 14:10:47.058] [jointLog] [info] Number of fragments discarded because they have only dovetail (discordant) mappings : 10,586
[2020-07-05 14:10:47.068] [jointLog] [warning] Only 369922 fragments were mapped, but the number of burn-in fragments was set to 5000000.
The effective lengths have been computed using the observed mappings.

[2020-07-05 14:10:47.068] [jointLog] [info] Mapping rate = 46.7338%

[2020-07-05 14:10:47.068] [jointLog] [info] finished quantifyLibrary()
[2020-07-05 14:10:47.068] [jointLog] [info] Starting optimizer
[2020-07-05 14:10:47.043] [fileLog] [info] 
At end of round 0
==================
Observed 791552 total fragments (791552 in most recent round)

[2020-07-05 14:10:48.383] [jointLog] [info] Marked 0 weighted equivalence classes as degenerate
[2020-07-05 14:10:48.389] [jointLog] [info] iteration = 0 | max rel diff. = 306.447
[2020-07-05 14:10:48.912] [jointLog] [info] iteration = 100 | max rel diff. = 10.4234
[2020-07-05 14:10:49.428] [jointLog] [info] iteration = 200 | max rel diff. = 0.163
[2020-07-05 14:10:49.943] [jointLog] [info] iteration = 300 | max rel diff. = 0.357708
[2020-07-05 14:10:50.459] [jointLog] [info] iteration = 400 | max rel diff. = 9.36349
[2020-07-05 14:10:50.973] [jointLog] [info] iteration = 500 | max rel diff. = 0.0301566
[2020-07-05 14:10:51.267] [jointLog] [info] iteration = 558 | max rel diff. = 0.00685066
[2020-07-05 14:10:51.270] [jointLog] [info] Finished optimizer
[2020-07-05 14:10:51.270] [jointLog] [info] writing output 

