[2020-07-05 16:48:49.393] [jointLog] [info] Fragment incompatibility prior below threshold.  Incompatible fragments will be ignored.
[2020-07-05 16:48:49.393] [jointLog] [info] Usage of --validateMappings implies use of minScoreFraction. Since not explicitly specified, it is being set to 0.65
[2020-07-05 16:48:49.393] [jointLog] [info] Usage of --validateMappings, without --hardFilter implies use of range factorization. rangeFactorizationBins is being set to 4
[2020-07-05 16:48:49.393] [jointLog] [info] Usage of --validateMappings implies a default consensus slack of 0.2. Setting consensusSlack to 0.2.
[2020-07-05 16:48:49.393] [jointLog] [info] parsing read library format
[2020-07-05 16:48:49.393] [jointLog] [info] There is 1 library.
[2020-07-05 16:48:49.449] [jointLog] [info] Loading Quasi index
[2020-07-05 16:48:49.449] [jointLog] [info] Loading 32-bit quasi index
[2020-07-05 16:48:56.513] [jointLog] [info] done
[2020-07-05 16:48:56.513] [jointLog] [info] Index contained 178,517 targets
[2020-07-05 16:48:57.193] [jointLog] [info] Automatically detected most likely library type as IU
[2020-07-05 16:51:46.477] [jointLog] [info] Computed 684,580 rich equivalence classes for further processing
[2020-07-05 16:51:46.477] [jointLog] [info] Counted 21,131,728 total reads in the equivalence classes 
[2020-07-05 16:51:46.502] [jointLog] [info] Number of mappings discarded because of alignment score : 7,920,986
[2020-07-05 16:51:46.502] [jointLog] [info] Number of fragments entirely discarded because of alignment score : 2,043,860
[2020-07-05 16:51:46.502] [jointLog] [info] Number of fragments discarded because they are best-mapped to decoys : 0
[2020-07-05 16:51:46.502] [jointLog] [info] Number of fragments discarded because they have only dovetail (discordant) mappings : 1,158,469
[2020-07-05 16:51:46.502] [jointLog] [info] Mapping rate = 70.5517%

[2020-07-05 16:51:46.502] [jointLog] [info] finished quantifyLibrary()
[2020-07-05 16:51:46.503] [jointLog] [info] Starting optimizer
[2020-07-05 16:51:46.477] [fileLog] [info] 
At end of round 0
==================
Observed 29952108 total fragments (29952108 in most recent round)

[2020-07-05 16:51:46.679] [jointLog] [info] Marked 0 weighted equivalence classes as degenerate
[2020-07-05 16:51:46.703] [jointLog] [info] iteration = 0 | max rel diff. = 6819.9
[2020-07-05 16:51:49.133] [jointLog] [info] iteration = 100 | max rel diff. = 19.0993
[2020-07-05 16:51:51.566] [jointLog] [info] iteration = 200 | max rel diff. = 2.92411
[2020-07-05 16:51:53.999] [jointLog] [info] iteration = 300 | max rel diff. = 1.80992
[2020-07-05 16:51:56.432] [jointLog] [info] iteration = 400 | max rel diff. = 1.21487
[2020-07-05 16:51:58.864] [jointLog] [info] iteration = 500 | max rel diff. = 0.993434
[2020-07-05 16:52:01.297] [jointLog] [info] iteration = 600 | max rel diff. = 0.338687
[2020-07-05 16:52:03.729] [jointLog] [info] iteration = 700 | max rel diff. = 11.9487
[2020-07-05 16:52:06.161] [jointLog] [info] iteration = 800 | max rel diff. = 0.0786544
[2020-07-05 16:52:08.594] [jointLog] [info] iteration = 900 | max rel diff. = 0.535399
[2020-07-05 16:52:11.026] [jointLog] [info] iteration = 1,000 | max rel diff. = 0.0339349
[2020-07-05 16:52:13.460] [jointLog] [info] iteration = 1,100 | max rel diff. = 4.94585
[2020-07-05 16:52:15.893] [jointLog] [info] iteration = 1,200 | max rel diff. = 0.151669
[2020-07-05 16:52:18.325] [jointLog] [info] iteration = 1,300 | max rel diff. = 0.0269966
[2020-07-05 16:52:20.758] [jointLog] [info] iteration = 1,400 | max rel diff. = 0.024626
[2020-07-05 16:52:23.191] [jointLog] [info] iteration = 1,500 | max rel diff. = 0.153766
[2020-07-05 16:52:25.622] [jointLog] [info] iteration = 1,600 | max rel diff. = 0.0168907
[2020-07-05 16:52:28.055] [jointLog] [info] iteration = 1,700 | max rel diff. = 0.134258
[2020-07-05 16:52:30.486] [jointLog] [info] iteration = 1,800 | max rel diff. = 0.171501
[2020-07-05 16:52:32.919] [jointLog] [info] iteration = 1,900 | max rel diff. = 0.0360642
[2020-07-05 16:52:35.349] [jointLog] [info] iteration = 2,000 | max rel diff. = 0.102532
[2020-07-05 16:52:35.617] [jointLog] [info] iteration = 2,012 | max rel diff. = 0.00667602
[2020-07-05 16:52:35.622] [jointLog] [info] Finished optimizer
[2020-07-05 16:52:35.622] [jointLog] [info] writing output 

