[2020-07-05 14:25:58.603] [jointLog] [info] Fragment incompatibility prior below threshold.  Incompatible fragments will be ignored.
[2020-07-05 14:25:58.603] [jointLog] [info] Usage of --validateMappings implies use of minScoreFraction. Since not explicitly specified, it is being set to 0.65
[2020-07-05 14:25:58.603] [jointLog] [info] Usage of --validateMappings, without --hardFilter implies use of range factorization. rangeFactorizationBins is being set to 4
[2020-07-05 14:25:58.603] [jointLog] [info] Usage of --validateMappings implies a default consensus slack of 0.2. Setting consensusSlack to 0.2.
[2020-07-05 14:25:58.603] [jointLog] [info] parsing read library format
[2020-07-05 14:25:58.603] [jointLog] [info] There is 1 library.
[2020-07-05 14:25:58.646] [jointLog] [info] Loading Quasi index
[2020-07-05 14:25:58.646] [jointLog] [info] Loading 32-bit quasi index
[2020-07-05 14:26:05.719] [jointLog] [info] done
[2020-07-05 14:26:05.719] [jointLog] [info] Index contained 178,517 targets
[2020-07-05 14:26:06.244] [jointLog] [info] Automatically detected most likely library type as U
[2020-07-05 14:28:11.921] [jointLog] [info] Computed 641,349 rich equivalence classes for further processing
[2020-07-05 14:28:11.921] [jointLog] [info] Counted 19,837,892 total reads in the equivalence classes 
[2020-07-05 14:28:11.947] [jointLog] [info] Number of mappings discarded because of alignment score : 12,289,144
[2020-07-05 14:28:11.947] [jointLog] [info] Number of fragments entirely discarded because of alignment score : 12,508,801
[2020-07-05 14:28:11.947] [jointLog] [info] Number of fragments discarded because they are best-mapped to decoys : 0
[2020-07-05 14:28:11.947] [jointLog] [info] Number of fragments discarded because they have only dovetail (discordant) mappings : 0
[2020-07-05 14:28:11.947] [jointLog] [info] Mapping rate = 61.329%

[2020-07-05 14:28:11.947] [jointLog] [info] finished quantifyLibrary()
[2020-07-05 14:28:11.949] [jointLog] [info] Starting optimizer
[2020-07-05 14:28:12.143] [jointLog] [info] Marked 0 weighted equivalence classes as degenerate
[2020-07-05 14:28:12.178] [jointLog] [info] iteration = 0 | max rel diff. = 6693.25
[2020-07-05 14:28:11.921] [fileLog] [info] 
At end of round 0
==================
Observed 32346693 total fragments (32346693 in most recent round)

[2020-07-05 14:28:15.656] [jointLog] [info] iteration = 100 | max rel diff. = 15.5172
[2020-07-05 14:28:19.134] [jointLog] [info] iteration = 200 | max rel diff. = 6.83557
[2020-07-05 14:28:22.626] [jointLog] [info] iteration = 300 | max rel diff. = 6.05529
[2020-07-05 14:28:26.110] [jointLog] [info] iteration = 400 | max rel diff. = 6.68978
[2020-07-05 14:28:29.590] [jointLog] [info] iteration = 500 | max rel diff. = 0.998637
[2020-07-05 14:28:33.090] [jointLog] [info] iteration = 600 | max rel diff. = 0.907102
[2020-07-05 14:28:36.566] [jointLog] [info] iteration = 700 | max rel diff. = 0.248084
[2020-07-05 14:28:40.053] [jointLog] [info] iteration = 800 | max rel diff. = 5.41177
[2020-07-05 14:28:43.546] [jointLog] [info] iteration = 900 | max rel diff. = 0.767263
[2020-07-05 14:28:47.034] [jointLog] [info] iteration = 1,000 | max rel diff. = 0.566424
[2020-07-05 14:28:50.523] [jointLog] [info] iteration = 1,100 | max rel diff. = 0.0665858
[2020-07-05 14:28:54.009] [jointLog] [info] iteration = 1,200 | max rel diff. = 0.642561
[2020-07-05 14:28:57.500] [jointLog] [info] iteration = 1,300 | max rel diff. = 0.159929
[2020-07-05 14:29:00.974] [jointLog] [info] iteration = 1,400 | max rel diff. = 0.0776627
[2020-07-05 14:29:04.478] [jointLog] [info] iteration = 1,500 | max rel diff. = 0.212148
[2020-07-05 14:29:07.966] [jointLog] [info] iteration = 1,600 | max rel diff. = 0.114711
[2020-07-05 14:29:11.467] [jointLog] [info] iteration = 1,700 | max rel diff. = 0.147432
[2020-07-05 14:29:14.938] [jointLog] [info] iteration = 1,800 | max rel diff. = 0.0542774
[2020-07-05 14:29:18.416] [jointLog] [info] iteration = 1,900 | max rel diff. = 0.162352
[2020-07-05 14:29:21.175] [jointLog] [info] iteration = 1,980 | max rel diff. = 0.00389697
[2020-07-05 14:29:21.179] [jointLog] [info] Finished optimizer
[2020-07-05 14:29:21.179] [jointLog] [info] writing output 

