[2020-07-05 14:12:46.331] [jointLog] [info] Fragment incompatibility prior below threshold.  Incompatible fragments will be ignored.
[2020-07-05 14:12:46.331] [jointLog] [info] Usage of --validateMappings implies use of minScoreFraction. Since not explicitly specified, it is being set to 0.65
[2020-07-05 14:12:46.331] [jointLog] [info] Usage of --validateMappings, without --hardFilter implies use of range factorization. rangeFactorizationBins is being set to 4
[2020-07-05 14:12:46.331] [jointLog] [info] Usage of --validateMappings implies a default consensus slack of 0.2. Setting consensusSlack to 0.2.
[2020-07-05 14:12:46.331] [jointLog] [info] parsing read library format
[2020-07-05 14:12:46.331] [jointLog] [info] There is 1 library.
[2020-07-05 14:12:46.379] [jointLog] [info] Loading Quasi index
[2020-07-05 14:12:46.379] [jointLog] [info] Loading 32-bit quasi index
[2020-07-05 14:12:52.749] [jointLog] [info] done
[2020-07-05 14:12:52.749] [jointLog] [info] Index contained 117,135 targets
[2020-07-05 14:12:53.205] [jointLog] [info] Automatically detected most likely library type as IU
[2020-07-05 14:13:06.080] [jointLog] [info] Computed 229,480 rich equivalence classes for further processing
[2020-07-05 14:13:06.080] [jointLog] [info] Counted 2,852,395 total reads in the equivalence classes 
[2020-07-05 14:13:06.102] [jointLog] [info] Number of mappings discarded because of alignment score : 479,460
[2020-07-05 14:13:06.102] [jointLog] [info] Number of fragments entirely discarded because of alignment score : 187,855
[2020-07-05 14:13:06.102] [jointLog] [info] Number of fragments discarded because they are best-mapped to decoys : 0
[2020-07-05 14:13:06.102] [jointLog] [info] Number of fragments discarded because they have only dovetail (discordant) mappings : 209,567
[2020-07-05 14:13:06.111] [jointLog] [warning] Only 2852395 fragments were mapped, but the number of burn-in fragments was set to 5000000.
The effective lengths have been computed using the observed mappings.

[2020-07-05 14:13:06.111] [jointLog] [info] Mapping rate = 62.2561%

[2020-07-05 14:13:06.111] [jointLog] [info] finished quantifyLibrary()
[2020-07-05 14:13:06.112] [jointLog] [info] Starting optimizer
[2020-07-05 14:13:06.184] [jointLog] [info] Marked 0 weighted equivalence classes as degenerate
[2020-07-05 14:13:06.194] [jointLog] [info] iteration = 0 | max rel diff. = 2277.42
[2020-07-05 14:13:06.081] [fileLog] [info] 
At end of round 0
==================
Observed 4581711 total fragments (4581711 in most recent round)

[2020-07-05 14:13:07.232] [jointLog] [info] iteration = 100 | max rel diff. = 10.2995
[2020-07-05 14:13:08.269] [jointLog] [info] iteration = 200 | max rel diff. = 2.54554
[2020-07-05 14:13:09.306] [jointLog] [info] iteration = 300 | max rel diff. = 0.535078
[2020-07-05 14:13:10.342] [jointLog] [info] iteration = 400 | max rel diff. = 4.85289
[2020-07-05 14:13:11.378] [jointLog] [info] iteration = 500 | max rel diff. = 0.368415
[2020-07-05 14:13:12.414] [jointLog] [info] iteration = 600 | max rel diff. = 0.184862
[2020-07-05 14:13:13.449] [jointLog] [info] iteration = 700 | max rel diff. = 0.508405
[2020-07-05 14:13:14.483] [jointLog] [info] iteration = 800 | max rel diff. = 0.0808016
[2020-07-05 14:13:15.362] [jointLog] [info] iteration = 886 | max rel diff. = 0.00390133
[2020-07-05 14:13:15.365] [jointLog] [info] Finished optimizer
[2020-07-05 14:13:15.365] [jointLog] [info] writing output 

