[2019-04-23 13:34:04.653] [jointLog] [info] Fragment incompatibility prior below threshold.  Incompatible fragments will be ignored.
[2019-04-23 13:34:04.653] [jointLog] [info] Usage of --validateMappings implies use of minScoreFraction. Since not explicitly specified, it is being set to 0.65
[2019-04-23 13:34:04.653] [jointLog] [info] Usage of --validateMappings, without --hardFilter implies use of range factorization. rangeFactorizationBins is being set to 4
[2019-04-23 13:34:04.653] [jointLog] [info] Usage of --validateMappings implies a default consensus slack of 0.2. Setting consensusSlack to 0.2.
[2019-04-23 13:34:04.653] [jointLog] [info] parsing read library format
[2019-04-23 13:34:04.653] [jointLog] [info] There is 1 library.
[2019-04-23 13:34:04.699] [jointLog] [info] Loading Quasi index
[2019-04-23 13:34:04.699] [jointLog] [info] Loading 32-bit quasi index
[2019-04-23 13:34:28.764] [jointLog] [info] done
[2019-04-23 13:34:28.764] [jointLog] [info] Index contained 116,248 targets
[2019-04-23 14:25:12.494] [jointLog] [info] Fragment incompatibility prior below threshold.  Incompatible fragments will be ignored.
[2019-04-23 14:25:12.494] [jointLog] [info] Usage of --validateMappings implies use of minScoreFraction. Since not explicitly specified, it is being set to 0.65
[2019-04-23 14:25:12.494] [jointLog] [info] Usage of --validateMappings, without --hardFilter implies use of range factorization. rangeFactorizationBins is being set to 4
[2019-04-23 14:25:12.494] [jointLog] [info] Usage of --validateMappings implies a default consensus slack of 0.2. Setting consensusSlack to 0.2.
[2019-04-23 14:25:12.494] [jointLog] [info] parsing read library format
[2019-04-23 14:25:12.494] [jointLog] [info] There is 1 library.
[2019-04-23 14:25:12.627] [jointLog] [info] Loading Quasi index
[2019-04-23 14:25:12.641] [jointLog] [info] Loading 32-bit quasi index
[2019-04-23 14:26:04.182] [jointLog] [info] done
[2019-04-23 14:26:04.182] [jointLog] [info] Index contained 116,248 targets
[2019-04-23 14:26:05.745] [jointLog] [info] Automatically detected most likely library type as IU
[2019-04-23 14:28:00.594] [fileLog] [info] 
At end of round 0
==================
Observed 24893942 total fragments (24893942 in most recent round)

[2019-04-23 14:28:00.593] [jointLog] [info] Computed 359,825 rich equivalence classes for further processing
[2019-04-23 14:28:00.593] [jointLog] [info] Counted 21,275,507 total reads in the equivalence classes 
[2019-04-23 14:28:00.643] [jointLog] [info] Number of mappings discarded because of alignment score : 2,610,390
[2019-04-23 14:28:00.643] [jointLog] [info] Number of fragments entirely discarded because of alignment score : 583,359
[2019-04-23 14:28:00.643] [jointLog] [info] Number of fragments discarded because they have only dovetail (discordant) mappings : 118,921
[2019-04-23 14:28:00.643] [jointLog] [info] Mapping rate = 85.4646%

[2019-04-23 14:28:00.643] [jointLog] [info] finished quantifyLibrary()
[2019-04-23 14:28:00.686] [jointLog] [info] Starting optimizer
[2019-04-23 14:28:03.936] [jointLog] [info] Marked 0 weighted equivalence classes as degenerate
[2019-04-23 14:28:03.954] [jointLog] [info] iteration = 0 | max rel diff. = 10341
[2019-04-23 14:28:05.815] [jointLog] [info] iteration = 100 | max rel diff. = 10.8359
[2019-04-23 14:28:07.670] [jointLog] [info] iteration = 200 | max rel diff. = 6.3564
[2019-04-23 14:28:09.524] [jointLog] [info] iteration = 300 | max rel diff. = 2.15828
[2019-04-23 14:28:11.378] [jointLog] [info] iteration = 400 | max rel diff. = 2.78821
[2019-04-23 14:28:13.231] [jointLog] [info] iteration = 500 | max rel diff. = 15.4814
[2019-04-23 14:28:15.085] [jointLog] [info] iteration = 600 | max rel diff. = 3.07231
[2019-04-23 14:28:16.937] [jointLog] [info] iteration = 700 | max rel diff. = 0.273475
[2019-04-23 14:28:18.790] [jointLog] [info] iteration = 800 | max rel diff. = 0.0365762
[2019-04-23 14:28:20.642] [jointLog] [info] iteration = 900 | max rel diff. = 0.0170081
[2019-04-23 14:28:22.495] [jointLog] [info] iteration = 1,000 | max rel diff. = 0.0804232
[2019-04-23 14:28:24.351] [jointLog] [info] iteration = 1,100 | max rel diff. = 0.0224432
[2019-04-23 14:28:26.204] [jointLog] [info] iteration = 1,200 | max rel diff. = 12.131
[2019-04-23 14:28:27.796] [jointLog] [info] iteration = 1,287 | max rel diff. = 0.0058253
[2019-04-23 14:28:27.802] [jointLog] [info] Finished optimizer
[2019-04-23 14:28:27.802] [jointLog] [info] writing output 

