[2019-04-23 12:34:03.406] [jointLog] [info] Fragment incompatibility prior below threshold.  Incompatible fragments will be ignored.
[2019-04-23 12:34:03.406] [jointLog] [info] Usage of --validateMappings implies use of minScoreFraction. Since not explicitly specified, it is being set to 0.65
[2019-04-23 12:34:03.406] [jointLog] [info] Usage of --validateMappings, without --hardFilter implies use of range factorization. rangeFactorizationBins is being set to 4
[2019-04-23 12:34:03.407] [jointLog] [info] Usage of --validateMappings implies a default consensus slack of 0.2. Setting consensusSlack to 0.2.
[2019-04-23 12:34:03.407] [jointLog] [info] parsing read library format
[2019-04-23 12:34:03.407] [jointLog] [info] There is 1 library.
[2019-04-23 12:34:03.476] [jointLog] [info] Loading Quasi index
[2019-04-23 13:24:31.870] [jointLog] [info] Fragment incompatibility prior below threshold.  Incompatible fragments will be ignored.
[2019-04-23 13:24:31.870] [jointLog] [info] Usage of --validateMappings implies use of minScoreFraction. Since not explicitly specified, it is being set to 0.65
[2019-04-23 13:24:31.870] [jointLog] [info] Usage of --validateMappings, without --hardFilter implies use of range factorization. rangeFactorizationBins is being set to 4
[2019-04-23 13:24:31.871] [jointLog] [info] Usage of --validateMappings implies a default consensus slack of 0.2. Setting consensusSlack to 0.2.
[2019-04-23 13:24:31.871] [jointLog] [info] parsing read library format
[2019-04-23 13:24:31.871] [jointLog] [info] There is 1 library.
[2019-04-23 13:24:31.986] [jointLog] [info] Loading Quasi index
[2019-04-23 13:24:32.000] [jointLog] [info] Loading 32-bit quasi index
[2019-04-23 13:24:55.303] [jointLog] [info] done
[2019-04-23 13:24:55.303] [jointLog] [info] Index contained 116,248 targets
[2019-04-23 14:11:12.883] [jointLog] [info] Fragment incompatibility prior below threshold.  Incompatible fragments will be ignored.
[2019-04-23 14:11:12.883] [jointLog] [info] Usage of --validateMappings implies use of minScoreFraction. Since not explicitly specified, it is being set to 0.65
[2019-04-23 14:11:12.883] [jointLog] [info] Usage of --validateMappings, without --hardFilter implies use of range factorization. rangeFactorizationBins is being set to 4
[2019-04-23 14:11:12.883] [jointLog] [info] Usage of --validateMappings implies a default consensus slack of 0.2. Setting consensusSlack to 0.2.
[2019-04-23 14:11:12.883] [jointLog] [info] parsing read library format
[2019-04-23 14:11:12.883] [jointLog] [info] There is 1 library.
[2019-04-23 14:11:12.985] [jointLog] [info] Loading Quasi index
[2019-04-23 14:11:12.989] [jointLog] [info] Loading 32-bit quasi index
[2019-04-23 14:11:36.313] [jointLog] [info] done
[2019-04-23 14:11:36.313] [jointLog] [info] Index contained 116,248 targets
[2019-04-23 14:11:36.770] [jointLog] [info] Automatically detected most likely library type as IU
[2019-04-23 14:12:50.879] [jointLog] [info] Computed 364,818 rich equivalence classes for further processing
[2019-04-23 14:12:50.879] [jointLog] [info] Counted 22,161,323 total reads in the equivalence classes 
[2019-04-23 14:12:50.920] [jointLog] [info] Number of mappings discarded because of alignment score : 2,961,443
[2019-04-23 14:12:50.920] [jointLog] [info] Number of fragments entirely discarded because of alignment score : 581,720
[2019-04-23 14:12:50.920] [jointLog] [info] Number of fragments discarded because they have only dovetail (discordant) mappings : 50,132
[2019-04-23 14:12:50.920] [jointLog] [info] Mapping rate = 88.4102%

[2019-04-23 14:12:50.920] [jointLog] [info] finished quantifyLibrary()
[2019-04-23 14:12:50.950] [jointLog] [info] Starting optimizer
[2019-04-23 14:12:50.880] [fileLog] [info] 
At end of round 0
==================
Observed 25066483 total fragments (25066483 in most recent round)

[2019-04-23 14:12:51.082] [jointLog] [info] Marked 0 weighted equivalence classes as degenerate
[2019-04-23 14:12:51.103] [jointLog] [info] iteration = 0 | max rel diff. = 10583.3
[2019-04-23 14:12:52.907] [jointLog] [info] iteration = 100 | max rel diff. = 13.8331
[2019-04-23 14:12:54.697] [jointLog] [info] iteration = 200 | max rel diff. = 17.0156
[2019-04-23 14:12:56.510] [jointLog] [info] iteration = 300 | max rel diff. = 1.10676
[2019-04-23 14:12:58.300] [jointLog] [info] iteration = 400 | max rel diff. = 7.31462
[2019-04-23 14:13:00.092] [jointLog] [info] iteration = 500 | max rel diff. = 0.183543
[2019-04-23 14:13:01.884] [jointLog] [info] iteration = 600 | max rel diff. = 1.84318
[2019-04-23 14:13:03.673] [jointLog] [info] iteration = 700 | max rel diff. = 0.227773
[2019-04-23 14:13:05.463] [jointLog] [info] iteration = 800 | max rel diff. = 0.0463246
[2019-04-23 14:13:07.252] [jointLog] [info] iteration = 900 | max rel diff. = 1.12579
[2019-04-23 14:13:09.041] [jointLog] [info] iteration = 1,000 | max rel diff. = 3.53493
[2019-04-23 14:13:10.830] [jointLog] [info] iteration = 1,100 | max rel diff. = 0.0550024
[2019-04-23 14:13:12.619] [jointLog] [info] iteration = 1,200 | max rel diff. = 0.153134
[2019-04-23 14:13:14.407] [jointLog] [info] iteration = 1,300 | max rel diff. = 0.571457
[2019-04-23 14:13:16.196] [jointLog] [info] iteration = 1,400 | max rel diff. = 0.00412801
[2019-04-23 14:13:16.196] [jointLog] [info] iteration = 1,401 | max rel diff. = 0.00412801
[2019-04-23 14:13:16.199] [jointLog] [info] Finished optimizer
[2019-04-23 14:13:16.199] [jointLog] [info] writing output 

