[2019-04-23 12:34:03.392] [jointLog] [info] Fragment incompatibility prior below threshold.  Incompatible fragments will be ignored.
[2019-04-23 12:34:03.393] [jointLog] [info] Usage of --validateMappings implies use of minScoreFraction. Since not explicitly specified, it is being set to 0.65
[2019-04-23 12:34:03.393] [jointLog] [info] Usage of --validateMappings, without --hardFilter implies use of range factorization. rangeFactorizationBins is being set to 4
[2019-04-23 12:34:03.393] [jointLog] [info] Usage of --validateMappings implies a default consensus slack of 0.2. Setting consensusSlack to 0.2.
[2019-04-23 12:34:03.393] [jointLog] [info] parsing read library format
[2019-04-23 12:34:03.393] [jointLog] [info] There is 1 library.
[2019-04-23 12:34:03.449] [jointLog] [info] Loading Quasi index
[2019-04-23 13:29:30.856] [jointLog] [info] Fragment incompatibility prior below threshold.  Incompatible fragments will be ignored.
[2019-04-23 13:29:30.856] [jointLog] [info] Usage of --validateMappings implies use of minScoreFraction. Since not explicitly specified, it is being set to 0.65
[2019-04-23 13:29:30.856] [jointLog] [info] Usage of --validateMappings, without --hardFilter implies use of range factorization. rangeFactorizationBins is being set to 4
[2019-04-23 13:29:30.857] [jointLog] [info] Usage of --validateMappings implies a default consensus slack of 0.2. Setting consensusSlack to 0.2.
[2019-04-23 13:29:30.857] [jointLog] [info] parsing read library format
[2019-04-23 13:29:30.857] [jointLog] [info] There is 1 library.
[2019-04-23 13:29:30.948] [jointLog] [info] Loading Quasi index
[2019-04-23 13:29:30.957] [jointLog] [info] Loading 32-bit quasi index
[2019-04-23 13:29:54.268] [jointLog] [info] done
[2019-04-23 13:29:54.268] [jointLog] [info] Index contained 116,248 targets
[2019-04-23 14:24:42.195] [jointLog] [info] Fragment incompatibility prior below threshold.  Incompatible fragments will be ignored.
[2019-04-23 14:24:42.195] [jointLog] [info] Usage of --validateMappings implies use of minScoreFraction. Since not explicitly specified, it is being set to 0.65
[2019-04-23 14:24:42.195] [jointLog] [info] Usage of --validateMappings, without --hardFilter implies use of range factorization. rangeFactorizationBins is being set to 4
[2019-04-23 14:24:42.195] [jointLog] [info] Usage of --validateMappings implies a default consensus slack of 0.2. Setting consensusSlack to 0.2.
[2019-04-23 14:24:42.195] [jointLog] [info] parsing read library format
[2019-04-23 14:24:42.195] [jointLog] [info] There is 1 library.
[2019-04-23 14:24:42.287] [jointLog] [info] Loading Quasi index
[2019-04-23 14:24:42.297] [jointLog] [info] Loading 32-bit quasi index
[2019-04-23 14:25:05.892] [jointLog] [info] done
[2019-04-23 14:25:05.892] [jointLog] [info] Index contained 116,248 targets
[2019-04-23 14:25:06.574] [jointLog] [info] Automatically detected most likely library type as IU
[2019-04-23 14:26:51.291] [fileLog] [info] 
At end of round 0
==================
Observed 23936966 total fragments (23936966 in most recent round)

[2019-04-23 14:26:51.290] [jointLog] [info] Computed 352,695 rich equivalence classes for further processing
[2019-04-23 14:26:51.290] [jointLog] [info] Counted 20,906,917 total reads in the equivalence classes 
[2019-04-23 14:26:51.342] [jointLog] [info] Number of mappings discarded because of alignment score : 2,820,881
[2019-04-23 14:26:51.342] [jointLog] [info] Number of fragments entirely discarded because of alignment score : 609,508
[2019-04-23 14:26:51.342] [jointLog] [info] Number of fragments discarded because they have only dovetail (discordant) mappings : 78,165
[2019-04-23 14:26:51.342] [jointLog] [info] Mapping rate = 87.3415%

[2019-04-23 14:26:51.342] [jointLog] [info] finished quantifyLibrary()
[2019-04-23 14:26:51.431] [jointLog] [info] Starting optimizer
[2019-04-23 14:26:51.590] [jointLog] [info] Marked 0 weighted equivalence classes as degenerate
[2019-04-23 14:26:51.609] [jointLog] [info] iteration = 0 | max rel diff. = 10333.6
[2019-04-23 14:26:53.517] [jointLog] [info] iteration = 100 | max rel diff. = 18.9609
[2019-04-23 14:26:55.421] [jointLog] [info] iteration = 200 | max rel diff. = 11.0234
[2019-04-23 14:26:57.322] [jointLog] [info] iteration = 300 | max rel diff. = 0.463719
[2019-04-23 14:26:59.223] [jointLog] [info] iteration = 400 | max rel diff. = 5.40005
[2019-04-23 14:27:01.123] [jointLog] [info] iteration = 500 | max rel diff. = 14.4797
[2019-04-23 14:27:03.023] [jointLog] [info] iteration = 600 | max rel diff. = 0.113287
[2019-04-23 14:27:04.922] [jointLog] [info] iteration = 700 | max rel diff. = 2.26425
[2019-04-23 14:27:06.822] [jointLog] [info] iteration = 800 | max rel diff. = 0.266211
[2019-04-23 14:27:08.722] [jointLog] [info] iteration = 900 | max rel diff. = 3.04717
[2019-04-23 14:27:10.622] [jointLog] [info] iteration = 1,000 | max rel diff. = 0.0473798
[2019-04-23 14:27:12.521] [jointLog] [info] iteration = 1,100 | max rel diff. = 0.0315099
[2019-04-23 14:27:14.421] [jointLog] [info] iteration = 1,200 | max rel diff. = 0.0718587
[2019-04-23 14:27:15.427] [jointLog] [info] iteration = 1,254 | max rel diff. = 0.00613411
[2019-04-23 14:27:15.431] [jointLog] [info] Finished optimizer
[2019-04-23 14:27:15.431] [jointLog] [info] writing output 

