[2020-07-05 14:14:21.814] [jointLog] [info] Fragment incompatibility prior below threshold.  Incompatible fragments will be ignored.
[2020-07-05 14:14:21.814] [jointLog] [info] Usage of --validateMappings implies use of minScoreFraction. Since not explicitly specified, it is being set to 0.65
[2020-07-05 14:14:21.814] [jointLog] [info] Usage of --validateMappings, without --hardFilter implies use of range factorization. rangeFactorizationBins is being set to 4
[2020-07-05 14:14:21.814] [jointLog] [info] Usage of --validateMappings implies a default consensus slack of 0.2. Setting consensusSlack to 0.2.
[2020-07-05 14:14:21.814] [jointLog] [info] parsing read library format
[2020-07-05 14:14:21.815] [jointLog] [info] There is 1 library.
[2020-07-05 14:14:21.859] [jointLog] [info] Loading Quasi index
[2020-07-05 14:14:21.860] [jointLog] [info] Loading 32-bit quasi index
[2020-07-05 14:14:28.290] [jointLog] [info] done
[2020-07-05 14:14:28.290] [jointLog] [info] Index contained 117,135 targets
[2020-07-05 14:14:28.787] [jointLog] [info] Automatically detected most likely library type as IU
[2020-07-05 14:14:39.892] [jointLog] [info] Computed 206,263 rich equivalence classes for further processing
[2020-07-05 14:14:39.892] [jointLog] [info] Counted 2,296,018 total reads in the equivalence classes 
[2020-07-05 14:14:39.915] [jointLog] [info] Number of mappings discarded because of alignment score : 398,676
[2020-07-05 14:14:39.915] [jointLog] [info] Number of fragments entirely discarded because of alignment score : 150,023
[2020-07-05 14:14:39.915] [jointLog] [info] Number of fragments discarded because they are best-mapped to decoys : 0
[2020-07-05 14:14:39.915] [jointLog] [info] Number of fragments discarded because they have only dovetail (discordant) mappings : 161,505
[2020-07-05 14:14:39.925] [jointLog] [warning] Only 2296018 fragments were mapped, but the number of burn-in fragments was set to 5000000.
The effective lengths have been computed using the observed mappings.

[2020-07-05 14:14:39.925] [jointLog] [info] Mapping rate = 62.5615%

[2020-07-05 14:14:39.925] [jointLog] [info] finished quantifyLibrary()
[2020-07-05 14:14:39.926] [jointLog] [info] Starting optimizer
[2020-07-05 14:14:39.893] [fileLog] [info] 
At end of round 0
==================
Observed 3670016 total fragments (3670016 in most recent round)

[2020-07-05 14:14:40.008] [jointLog] [info] Marked 0 weighted equivalence classes as degenerate
[2020-07-05 14:14:40.019] [jointLog] [info] iteration = 0 | max rel diff. = 1857.94
[2020-07-05 14:14:41.050] [jointLog] [info] iteration = 100 | max rel diff. = 14.7318
[2020-07-05 14:14:42.119] [jointLog] [info] iteration = 200 | max rel diff. = 3.33482
[2020-07-05 14:14:43.175] [jointLog] [info] iteration = 300 | max rel diff. = 4.283
[2020-07-05 14:14:44.203] [jointLog] [info] iteration = 400 | max rel diff. = 1.11404
[2020-07-05 14:14:45.248] [jointLog] [info] iteration = 500 | max rel diff. = 0.621163
[2020-07-05 14:14:46.287] [jointLog] [info] iteration = 600 | max rel diff. = 0.640504
[2020-07-05 14:14:47.335] [jointLog] [info] iteration = 700 | max rel diff. = 0.0303087
[2020-07-05 14:14:48.345] [jointLog] [info] iteration = 800 | max rel diff. = 0.249718
[2020-07-05 14:14:49.390] [jointLog] [info] iteration = 900 | max rel diff. = 0.01208
[2020-07-05 14:14:49.794] [jointLog] [info] iteration = 941 | max rel diff. = 0.0090083
[2020-07-05 14:14:49.797] [jointLog] [info] Finished optimizer
[2020-07-05 14:14:49.797] [jointLog] [info] writing output 

