[2020-09-28 16:30:36.289] [jointLog] [info] Fragment incompatibility prior below threshold.  Incompatible fragments will be ignored.
[2020-09-28 16:30:36.289] [jointLog] [info] Usage of --validateMappings implies use of minScoreFraction. Since not explicitly specified, it is being set to 0.65
[2020-09-28 16:30:36.289] [jointLog] [info] Usage of --validateMappings, without --hardFilter implies use of range factorization. rangeFactorizationBins is being set to 4
[2020-09-28 16:30:36.290] [jointLog] [info] Usage of --validateMappings implies a default consensus slack of 0.2. Setting consensusSlack to 0.2.
[2020-09-28 16:30:36.290] [jointLog] [info] parsing read library format
[2020-09-28 16:30:36.290] [jointLog] [info] There is 1 library.
[2020-09-28 16:30:36.341] [jointLog] [info] Loading Quasi index
[2020-09-28 16:30:36.351] [jointLog] [info] Loading 32-bit quasi index
[2020-09-28 16:32:53.314] [jointLog] [info] done
[2020-09-28 16:32:53.314] [jointLog] [info] Index contained 117,135 targets
[2020-09-28 16:32:53.748] [jointLog] [info] Automatically detected most likely library type as IU
[2020-09-28 16:33:53.635] [jointLog] [info] Computed 267,720 rich equivalence classes for further processing
[2020-09-28 16:33:53.635] [jointLog] [info] Counted 20,993,704 total reads in the equivalence classes 
[2020-09-28 16:33:53.669] [jointLog] [info] Number of mappings discarded because of alignment score : 501,556
[2020-09-28 16:33:53.669] [jointLog] [info] Number of fragments entirely discarded because of alignment score : 44,996
[2020-09-28 16:33:53.669] [jointLog] [info] Number of fragments discarded because they are best-mapped to decoys : 0
[2020-09-28 16:33:53.669] [jointLog] [info] Number of fragments discarded because they have only dovetail (discordant) mappings : 66,904
[2020-09-28 16:33:53.669] [jointLog] [info] Mapping rate = 89.1055%

[2020-09-28 16:33:53.669] [jointLog] [info] finished quantifyLibrary()
[2020-09-28 16:33:53.698] [jointLog] [info] Starting optimizer
[2020-09-28 16:33:53.636] [fileLog] [info] 
At end of round 0
==================
Observed 23560500 total fragments (23560500 in most recent round)

[2020-09-28 16:33:55.703] [jointLog] [info] Marked 0 weighted equivalence classes as degenerate
[2020-09-28 16:33:55.714] [jointLog] [info] iteration = 0 | max rel diff. = 10363.3
[2020-09-28 16:33:56.785] [jointLog] [info] iteration = 100 | max rel diff. = 21.2492
[2020-09-28 16:33:57.853] [jointLog] [info] iteration = 200 | max rel diff. = 12.9765
[2020-09-28 16:33:58.922] [jointLog] [info] iteration = 300 | max rel diff. = 4.14445
[2020-09-28 16:33:59.989] [jointLog] [info] iteration = 400 | max rel diff. = 2.32967
[2020-09-28 16:34:01.057] [jointLog] [info] iteration = 500 | max rel diff. = 0.455562
[2020-09-28 16:34:02.124] [jointLog] [info] iteration = 600 | max rel diff. = 4.46761
[2020-09-28 16:34:03.192] [jointLog] [info] iteration = 700 | max rel diff. = 0.0381514
[2020-09-28 16:34:04.259] [jointLog] [info] iteration = 800 | max rel diff. = 0.112426
[2020-09-28 16:34:05.326] [jointLog] [info] iteration = 900 | max rel diff. = 0.0300721
[2020-09-28 16:34:06.394] [jointLog] [info] iteration = 1,000 | max rel diff. = 0.163615
[2020-09-28 16:34:07.461] [jointLog] [info] iteration = 1,100 | max rel diff. = 0.116511
[2020-09-28 16:34:08.528] [jointLog] [info] iteration = 1,200 | max rel diff. = 0.0436901
[2020-09-28 16:34:09.594] [jointLog] [info] iteration = 1,300 | max rel diff. = 0.0137284
[2020-09-28 16:34:10.661] [jointLog] [info] iteration = 1,400 | max rel diff. = 0.0461875
[2020-09-28 16:34:11.727] [jointLog] [info] iteration = 1,500 | max rel diff. = 0.171109
[2020-09-28 16:34:12.796] [jointLog] [info] iteration = 1,600 | max rel diff. = 0.147659
[2020-09-28 16:34:13.863] [jointLog] [info] iteration = 1,700 | max rel diff. = 0.288951
[2020-09-28 16:34:13.916] [jointLog] [info] iteration = 1,706 | max rel diff. = 0.00802889
[2020-09-28 16:34:13.919] [jointLog] [info] Finished optimizer
[2020-09-28 16:34:13.919] [jointLog] [info] writing output 

