[2019-04-23 12:35:14.827] [jointLog] [info] Fragment incompatibility prior below threshold.  Incompatible fragments will be ignored.
[2019-04-23 12:35:14.827] [jointLog] [info] Usage of --validateMappings implies use of minScoreFraction. Since not explicitly specified, it is being set to 0.65
[2019-04-23 12:35:14.827] [jointLog] [info] Usage of --validateMappings, without --hardFilter implies use of range factorization. rangeFactorizationBins is being set to 4
[2019-04-23 12:35:14.827] [jointLog] [info] Usage of --validateMappings implies a default consensus slack of 0.2. Setting consensusSlack to 0.2.
[2019-04-23 12:35:14.827] [jointLog] [info] parsing read library format
[2019-04-23 12:35:14.827] [jointLog] [info] There is 1 library.
[2019-04-23 12:35:14.872] [jointLog] [info] Loading Quasi index
[2019-04-23 13:32:52.940] [jointLog] [info] Fragment incompatibility prior below threshold.  Incompatible fragments will be ignored.
[2019-04-23 13:32:52.940] [jointLog] [info] Usage of --validateMappings implies use of minScoreFraction. Since not explicitly specified, it is being set to 0.65
[2019-04-23 13:32:52.940] [jointLog] [info] Usage of --validateMappings, without --hardFilter implies use of range factorization. rangeFactorizationBins is being set to 4
[2019-04-23 13:32:52.940] [jointLog] [info] Usage of --validateMappings implies a default consensus slack of 0.2. Setting consensusSlack to 0.2.
[2019-04-23 13:32:52.940] [jointLog] [info] parsing read library format
[2019-04-23 13:32:52.940] [jointLog] [info] There is 1 library.
[2019-04-23 13:32:53.003] [jointLog] [info] Loading Quasi index
[2019-04-23 13:32:53.009] [jointLog] [info] Loading 32-bit quasi index
[2019-04-23 13:33:17.908] [jointLog] [info] done
[2019-04-23 13:33:17.908] [jointLog] [info] Index contained 116,248 targets
[2019-04-23 14:25:04.383] [jointLog] [info] Fragment incompatibility prior below threshold.  Incompatible fragments will be ignored.
[2019-04-23 14:25:04.384] [jointLog] [info] Usage of --validateMappings implies use of minScoreFraction. Since not explicitly specified, it is being set to 0.65
[2019-04-23 14:25:04.384] [jointLog] [info] Usage of --validateMappings, without --hardFilter implies use of range factorization. rangeFactorizationBins is being set to 4
[2019-04-23 14:25:04.384] [jointLog] [info] Usage of --validateMappings implies a default consensus slack of 0.2. Setting consensusSlack to 0.2.
[2019-04-23 14:25:04.384] [jointLog] [info] parsing read library format
[2019-04-23 14:25:04.384] [jointLog] [info] There is 1 library.
[2019-04-23 14:25:04.473] [jointLog] [info] Loading Quasi index
[2019-04-23 14:25:04.484] [jointLog] [info] Loading 32-bit quasi index
[2019-04-23 14:25:35.039] [jointLog] [info] done
[2019-04-23 14:25:35.039] [jointLog] [info] Index contained 116,248 targets
[2019-04-23 14:25:35.987] [jointLog] [info] Automatically detected most likely library type as IU
[2019-04-23 14:27:46.601] [jointLog] [info] Computed 346,184 rich equivalence classes for further processing
[2019-04-23 14:27:46.601] [jointLog] [info] Counted 22,901,773 total reads in the equivalence classes 
[2019-04-23 14:27:46.645] [jointLog] [info] Number of mappings discarded because of alignment score : 2,656,007
[2019-04-23 14:27:46.646] [jointLog] [info] Number of fragments entirely discarded because of alignment score : 598,824
[2019-04-23 14:27:46.646] [jointLog] [info] Number of fragments discarded because they have only dovetail (discordant) mappings : 168,280
[2019-04-23 14:27:46.646] [jointLog] [info] Mapping rate = 86.6835%

[2019-04-23 14:27:46.646] [jointLog] [info] finished quantifyLibrary()
[2019-04-23 14:27:46.720] [jointLog] [info] Starting optimizer
[2019-04-23 14:27:46.863] [jointLog] [info] Marked 0 weighted equivalence classes as degenerate
[2019-04-23 14:27:46.879] [jointLog] [info] iteration = 0 | max rel diff. = 10661.5
[2019-04-23 14:27:46.601] [fileLog] [info] 
At end of round 0
==================
Observed 26419993 total fragments (26419993 in most recent round)

[2019-04-23 14:27:48.430] [jointLog] [info] iteration = 100 | max rel diff. = 15.2417
[2019-04-23 14:27:49.977] [jointLog] [info] iteration = 200 | max rel diff. = 1.05821
[2019-04-23 14:27:51.523] [jointLog] [info] iteration = 300 | max rel diff. = 9.65673
[2019-04-23 14:27:53.069] [jointLog] [info] iteration = 400 | max rel diff. = 8.05004
[2019-04-23 14:27:54.615] [jointLog] [info] iteration = 500 | max rel diff. = 0.381809
[2019-04-23 14:27:56.160] [jointLog] [info] iteration = 600 | max rel diff. = 0.106324
[2019-04-23 14:27:57.706] [jointLog] [info] iteration = 700 | max rel diff. = 0.258364
[2019-04-23 14:27:59.251] [jointLog] [info] iteration = 800 | max rel diff. = 1.02675
[2019-04-23 14:28:00.797] [jointLog] [info] iteration = 900 | max rel diff. = 0.508125
[2019-04-23 14:28:02.341] [jointLog] [info] iteration = 1,000 | max rel diff. = 0.169696
[2019-04-23 14:28:03.887] [jointLog] [info] iteration = 1,100 | max rel diff. = 0.0404147
[2019-04-23 14:28:05.091] [jointLog] [info] iteration = 1,179 | max rel diff. = 0.00413919
[2019-04-23 14:28:05.095] [jointLog] [info] Finished optimizer
[2019-04-23 14:28:05.095] [jointLog] [info] writing output 

