[2020-07-05 14:24:40.307] [jointLog] [info] Fragment incompatibility prior below threshold.  Incompatible fragments will be ignored.
[2020-07-05 14:24:40.307] [jointLog] [info] Usage of --validateMappings implies use of minScoreFraction. Since not explicitly specified, it is being set to 0.65
[2020-07-05 14:24:40.307] [jointLog] [info] Usage of --validateMappings, without --hardFilter implies use of range factorization. rangeFactorizationBins is being set to 4
[2020-07-05 14:24:40.307] [jointLog] [info] Usage of --validateMappings implies a default consensus slack of 0.2. Setting consensusSlack to 0.2.
[2020-07-05 14:24:40.307] [jointLog] [info] parsing read library format
[2020-07-05 14:24:40.307] [jointLog] [info] There is 1 library.
[2020-07-05 14:24:40.349] [jointLog] [info] Loading Quasi index
[2020-07-05 14:24:40.349] [jointLog] [info] Loading 32-bit quasi index
[2020-07-05 14:24:47.388] [jointLog] [info] done
[2020-07-05 14:24:47.388] [jointLog] [info] Index contained 178,517 targets
[2020-07-05 14:24:47.793] [jointLog] [info] Automatically detected most likely library type as SR
[2020-07-05 14:25:24.317] [jointLog] [info] Thread saw mini-batch with a maximum of 2.10% zero probability fragments
[2020-07-05 14:25:24.321] [jointLog] [info] Thread saw mini-batch with a maximum of 1.92% zero probability fragments
[2020-07-05 14:25:24.321] [jointLog] [info] Thread saw mini-batch with a maximum of 2.06% zero probability fragments
[2020-07-05 14:25:24.338] [jointLog] [info] Thread saw mini-batch with a maximum of 2.00% zero probability fragments
[2020-07-05 14:25:24.377] [jointLog] [info] Thread saw mini-batch with a maximum of 2.00% zero probability fragments
[2020-07-05 14:25:24.378] [jointLog] [info] Thread saw mini-batch with a maximum of 1.94% zero probability fragments
[2020-07-05 14:25:24.379] [jointLog] [info] Thread saw mini-batch with a maximum of 2.04% zero probability fragments
[2020-07-05 14:25:24.395] [jointLog] [info] Thread saw mini-batch with a maximum of 1.96% zero probability fragments
[2020-07-05 14:25:24.395] [jointLog] [info] Thread saw mini-batch with a maximum of 1.92% zero probability fragments
[2020-07-05 14:25:24.411] [jointLog] [info] Thread saw mini-batch with a maximum of 2.04% zero probability fragments
[2020-07-05 14:25:24.412] [jointLog] [info] Thread saw mini-batch with a maximum of 2.02% zero probability fragments
[2020-07-05 14:25:24.419] [jointLog] [info] Thread saw mini-batch with a maximum of 2.08% zero probability fragments
[2020-07-05 14:25:24.603] [jointLog] [info] Computed 137,983 rich equivalence classes for further processing
[2020-07-05 14:25:24.603] [jointLog] [info] Counted 14,482,016 total reads in the equivalence classes 
[2020-07-05 14:25:24.635] [jointLog] [info] Number of mappings discarded because of alignment score : 3,800,695
[2020-07-05 14:25:24.635] [jointLog] [info] Number of fragments entirely discarded because of alignment score : 2,381,081
[2020-07-05 14:25:24.635] [jointLog] [info] Number of fragments discarded because they are best-mapped to decoys : 0
[2020-07-05 14:25:24.635] [jointLog] [info] Number of fragments discarded because they have only dovetail (discordant) mappings : 0
[2020-07-05 14:25:24.635] [jointLog] [info] Mapping rate = 84.6053%

[2020-07-05 14:25:24.635] [jointLog] [info] finished quantifyLibrary()
[2020-07-05 14:25:24.635] [jointLog] [info] Starting optimizer
[2020-07-05 14:25:24.721] [jointLog] [info] Marked 0 weighted equivalence classes as degenerate
[2020-07-05 14:25:24.730] [jointLog] [info] iteration = 0 | max rel diff. = 5744.11
[2020-07-05 14:25:24.604] [fileLog] [info] 
At end of round 0
==================
Observed 17117154 total fragments (17117154 in most recent round)

[2020-07-05 14:25:25.601] [jointLog] [info] iteration = 100 | max rel diff. = 18.0634
[2020-07-05 14:25:26.442] [jointLog] [info] iteration = 200 | max rel diff. = 5.52836
[2020-07-05 14:25:27.313] [jointLog] [info] iteration = 300 | max rel diff. = 2.75804
[2020-07-05 14:25:28.153] [jointLog] [info] iteration = 400 | max rel diff. = 19.656
[2020-07-05 14:25:28.999] [jointLog] [info] iteration = 500 | max rel diff. = 3.22074
[2020-07-05 14:25:29.833] [jointLog] [info] iteration = 600 | max rel diff. = 15.2407
[2020-07-05 14:25:30.687] [jointLog] [info] iteration = 700 | max rel diff. = 0.481273
[2020-07-05 14:25:31.539] [jointLog] [info] iteration = 800 | max rel diff. = 3.17567
[2020-07-05 14:25:32.374] [jointLog] [info] iteration = 900 | max rel diff. = 0.316463
[2020-07-05 14:25:33.249] [jointLog] [info] iteration = 1,000 | max rel diff. = 0.142986
[2020-07-05 14:25:34.091] [jointLog] [info] iteration = 1,100 | max rel diff. = 0.108358
[2020-07-05 14:25:34.935] [jointLog] [info] iteration = 1,200 | max rel diff. = 0.114086
[2020-07-05 14:25:35.790] [jointLog] [info] iteration = 1,300 | max rel diff. = 0.152789
[2020-07-05 14:25:36.628] [jointLog] [info] iteration = 1,400 | max rel diff. = 0.749481
[2020-07-05 14:25:37.493] [jointLog] [info] iteration = 1,500 | max rel diff. = 0.0572999
[2020-07-05 14:25:38.342] [jointLog] [info] iteration = 1,600 | max rel diff. = 0.0303815
[2020-07-05 14:25:39.196] [jointLog] [info] iteration = 1,700 | max rel diff. = 0.0148763
[2020-07-05 14:25:40.035] [jointLog] [info] iteration = 1,800 | max rel diff. = 0.017913
[2020-07-05 14:25:40.876] [jointLog] [info] iteration = 1,900 | max rel diff. = 0.059214
[2020-07-05 14:25:41.440] [jointLog] [info] iteration = 1,967 | max rel diff. = 0.00712699
[2020-07-05 14:25:41.444] [jointLog] [info] Finished optimizer
[2020-07-05 14:25:41.444] [jointLog] [info] writing output 

