[2020-07-05 17:13:19.872] [jointLog] [info] Fragment incompatibility prior below threshold.  Incompatible fragments will be ignored.
[2020-07-05 17:13:19.872] [jointLog] [info] Usage of --validateMappings implies use of minScoreFraction. Since not explicitly specified, it is being set to 0.65
[2020-07-05 17:13:19.872] [jointLog] [info] Usage of --validateMappings, without --hardFilter implies use of range factorization. rangeFactorizationBins is being set to 4
[2020-07-05 17:13:19.872] [jointLog] [info] Usage of --validateMappings implies a default consensus slack of 0.2. Setting consensusSlack to 0.2.
[2020-07-05 17:13:19.872] [jointLog] [info] parsing read library format
[2020-07-05 17:13:19.872] [jointLog] [info] There is 1 library.
[2020-07-05 17:13:19.925] [jointLog] [info] Loading Quasi index
[2020-07-05 17:13:19.925] [jointLog] [info] Loading 32-bit quasi index
[2020-07-05 17:13:27.032] [jointLog] [info] done
[2020-07-05 17:13:27.032] [jointLog] [info] Index contained 178,517 targets
[2020-07-05 17:13:27.706] [jointLog] [info] Automatically detected most likely library type as IU
[2020-07-05 17:15:15.990] [jointLog] [info] Computed 562,633 rich equivalence classes for further processing
[2020-07-05 17:15:15.990] [jointLog] [info] Counted 13,271,851 total reads in the equivalence classes 
[2020-07-05 17:15:16.015] [jointLog] [info] Number of mappings discarded because of alignment score : 5,432,228
[2020-07-05 17:15:16.015] [jointLog] [info] Number of fragments entirely discarded because of alignment score : 1,243,284
[2020-07-05 17:15:16.015] [jointLog] [info] Number of fragments discarded because they are best-mapped to decoys : 0
[2020-07-05 17:15:16.015] [jointLog] [info] Number of fragments discarded because they have only dovetail (discordant) mappings : 950,801
[2020-07-05 17:15:16.015] [jointLog] [info] Mapping rate = 69.9089%

[2020-07-05 17:15:16.016] [jointLog] [info] finished quantifyLibrary()
[2020-07-05 17:15:16.017] [jointLog] [info] Starting optimizer
[2020-07-05 17:15:15.990] [fileLog] [info] 
At end of round 0
==================
Observed 18984505 total fragments (18984505 in most recent round)

[2020-07-05 17:15:16.170] [jointLog] [info] Marked 0 weighted equivalence classes as degenerate
[2020-07-05 17:15:16.191] [jointLog] [info] iteration = 0 | max rel diff. = 5385.94
[2020-07-05 17:15:18.195] [jointLog] [info] iteration = 100 | max rel diff. = 17.2655
[2020-07-05 17:15:20.201] [jointLog] [info] iteration = 200 | max rel diff. = 1.75512
[2020-07-05 17:15:22.207] [jointLog] [info] iteration = 300 | max rel diff. = 4.32924
[2020-07-05 17:15:24.213] [jointLog] [info] iteration = 400 | max rel diff. = 17.0253
[2020-07-05 17:15:26.221] [jointLog] [info] iteration = 500 | max rel diff. = 0.680897
[2020-07-05 17:15:28.227] [jointLog] [info] iteration = 600 | max rel diff. = 1.11599
[2020-07-05 17:15:30.235] [jointLog] [info] iteration = 700 | max rel diff. = 0.346014
[2020-07-05 17:15:32.242] [jointLog] [info] iteration = 800 | max rel diff. = 0.124635
[2020-07-05 17:15:34.248] [jointLog] [info] iteration = 900 | max rel diff. = 0.0438602
[2020-07-05 17:15:36.255] [jointLog] [info] iteration = 1,000 | max rel diff. = 0.147144
[2020-07-05 17:15:38.263] [jointLog] [info] iteration = 1,100 | max rel diff. = 0.0962976
[2020-07-05 17:15:40.270] [jointLog] [info] iteration = 1,200 | max rel diff. = 0.137948
[2020-07-05 17:15:41.334] [jointLog] [info] iteration = 1,254 | max rel diff. = 0.00821309
[2020-07-05 17:15:41.339] [jointLog] [info] Finished optimizer
[2020-07-05 17:15:41.339] [jointLog] [info] writing output 

