[2020-07-05 15:21:15.435] [jointLog] [info] Fragment incompatibility prior below threshold.  Incompatible fragments will be ignored.
[2020-07-05 15:21:15.435] [jointLog] [info] Usage of --validateMappings implies use of minScoreFraction. Since not explicitly specified, it is being set to 0.65
[2020-07-05 15:21:15.435] [jointLog] [info] Usage of --validateMappings, without --hardFilter implies use of range factorization. rangeFactorizationBins is being set to 4
[2020-07-05 15:21:15.435] [jointLog] [info] Usage of --validateMappings implies a default consensus slack of 0.2. Setting consensusSlack to 0.2.
[2020-07-05 15:21:15.435] [jointLog] [info] parsing read library format
[2020-07-05 15:21:15.435] [jointLog] [info] There is 1 library.
[2020-07-05 15:21:15.486] [jointLog] [info] Loading Quasi index
[2020-07-05 15:21:15.487] [jointLog] [info] Loading 32-bit quasi index
[2020-07-05 15:21:22.531] [jointLog] [info] done
[2020-07-05 15:21:22.531] [jointLog] [info] Index contained 178,517 targets
[2020-07-05 15:21:23.222] [jointLog] [info] Automatically detected most likely library type as IU
[2020-07-05 15:24:04.313] [jointLog] [info] Computed 671,851 rich equivalence classes for further processing
[2020-07-05 15:24:04.313] [jointLog] [info] Counted 22,191,313 total reads in the equivalence classes 
[2020-07-05 15:24:04.338] [jointLog] [info] Number of mappings discarded because of alignment score : 7,568,399
[2020-07-05 15:24:04.338] [jointLog] [info] Number of fragments entirely discarded because of alignment score : 1,949,744
[2020-07-05 15:24:04.338] [jointLog] [info] Number of fragments discarded because they are best-mapped to decoys : 0
[2020-07-05 15:24:04.338] [jointLog] [info] Number of fragments discarded because they have only dovetail (discordant) mappings : 955,778
[2020-07-05 15:24:04.338] [jointLog] [info] Mapping rate = 72.2037%

[2020-07-05 15:24:04.338] [jointLog] [info] finished quantifyLibrary()
[2020-07-05 15:24:04.339] [jointLog] [info] Starting optimizer
[2020-07-05 15:24:04.503] [jointLog] [info] Marked 0 weighted equivalence classes as degenerate
[2020-07-05 15:24:04.527] [jointLog] [info] iteration = 0 | max rel diff. = 6902.27
[2020-07-05 15:24:04.314] [fileLog] [info] 
At end of round 0
==================
Observed 30734309 total fragments (30734309 in most recent round)

[2020-07-05 15:24:06.925] [jointLog] [info] iteration = 100 | max rel diff. = 18.0107
[2020-07-05 15:24:09.325] [jointLog] [info] iteration = 200 | max rel diff. = 11.5611
[2020-07-05 15:24:11.725] [jointLog] [info] iteration = 300 | max rel diff. = 4.59553
[2020-07-05 15:24:14.127] [jointLog] [info] iteration = 400 | max rel diff. = 0.525056
[2020-07-05 15:24:16.529] [jointLog] [info] iteration = 500 | max rel diff. = 0.443651
[2020-07-05 15:24:18.930] [jointLog] [info] iteration = 600 | max rel diff. = 0.28262
[2020-07-05 15:24:21.334] [jointLog] [info] iteration = 700 | max rel diff. = 1.07699
[2020-07-05 15:24:23.736] [jointLog] [info] iteration = 800 | max rel diff. = 0.821987
[2020-07-05 15:24:26.139] [jointLog] [info] iteration = 900 | max rel diff. = 0.473234
[2020-07-05 15:24:28.541] [jointLog] [info] iteration = 1,000 | max rel diff. = 0.0619889
[2020-07-05 15:24:29.310] [jointLog] [info] iteration = 1,033 | max rel diff. = 0.00775918
[2020-07-05 15:24:29.315] [jointLog] [info] Finished optimizer
[2020-07-05 15:24:29.315] [jointLog] [info] writing output 

