[2020-07-05 14:14:39.263] [jointLog] [info] Fragment incompatibility prior below threshold.  Incompatible fragments will be ignored.
[2020-07-05 14:14:39.263] [jointLog] [info] Usage of --validateMappings implies use of minScoreFraction. Since not explicitly specified, it is being set to 0.65
[2020-07-05 14:14:39.263] [jointLog] [info] Usage of --validateMappings, without --hardFilter implies use of range factorization. rangeFactorizationBins is being set to 4
[2020-07-05 14:14:39.263] [jointLog] [info] Usage of --validateMappings implies a default consensus slack of 0.2. Setting consensusSlack to 0.2.
[2020-07-05 14:14:39.263] [jointLog] [info] parsing read library format
[2020-07-05 14:14:39.263] [jointLog] [info] There is 1 library.
[2020-07-05 14:14:39.305] [jointLog] [info] Loading Quasi index
[2020-07-05 14:14:39.305] [jointLog] [info] Loading 32-bit quasi index
[2020-07-05 14:14:45.901] [jointLog] [info] done
[2020-07-05 14:14:45.901] [jointLog] [info] Index contained 117,135 targets
[2020-07-05 14:14:46.272] [jointLog] [info] Automatically detected most likely library type as SF
[2020-07-05 14:15:09.646] [jointLog] [info] Thread saw mini-batch with a maximum of 2.26% zero probability fragments
[2020-07-05 14:15:09.648] [jointLog] [info] Thread saw mini-batch with a maximum of 2.30% zero probability fragments
[2020-07-05 14:15:09.651] [jointLog] [info] Thread saw mini-batch with a maximum of 2.10% zero probability fragments
[2020-07-05 14:15:09.670] [jointLog] [info] Thread saw mini-batch with a maximum of 2.28% zero probability fragments
[2020-07-05 14:15:09.675] [jointLog] [info] Thread saw mini-batch with a maximum of 2.22% zero probability fragments
[2020-07-05 14:15:09.675] [jointLog] [info] Thread saw mini-batch with a maximum of 2.22% zero probability fragments
[2020-07-05 14:15:09.691] [jointLog] [info] Thread saw mini-batch with a maximum of 2.30% zero probability fragments
[2020-07-05 14:15:09.697] [jointLog] [info] Thread saw mini-batch with a maximum of 2.10% zero probability fragments
[2020-07-05 14:15:09.709] [jointLog] [info] Thread saw mini-batch with a maximum of 2.20% zero probability fragments
[2020-07-05 14:15:09.715] [jointLog] [info] Thread saw mini-batch with a maximum of 2.32% zero probability fragments
[2020-07-05 14:15:09.716] [jointLog] [info] Thread saw mini-batch with a maximum of 2.10% zero probability fragments
[2020-07-05 14:15:09.719] [jointLog] [info] Thread saw mini-batch with a maximum of 2.22% zero probability fragments
[2020-07-05 14:15:09.949] [jointLog] [info] Computed 174,625 rich equivalence classes for further processing
[2020-07-05 14:15:09.949] [jointLog] [info] Counted 4,652,096 total reads in the equivalence classes 
[2020-07-05 14:15:09.968] [jointLog] [info] Number of mappings discarded because of alignment score : 2,336,971
[2020-07-05 14:15:09.968] [jointLog] [info] Number of fragments entirely discarded because of alignment score : 13,039,359
[2020-07-05 14:15:09.968] [jointLog] [info] Number of fragments discarded because they are best-mapped to decoys : 0
[2020-07-05 14:15:09.968] [jointLog] [info] Number of fragments discarded because they have only dovetail (discordant) mappings : 0
[2020-07-05 14:15:09.950] [fileLog] [info] 
At end of round 0
==================
Observed 17989603 total fragments (17989603 in most recent round)

[2020-07-05 14:15:09.979] [jointLog] [warning] Only 4652096 fragments were mapped, but the number of burn-in fragments was set to 5000000.
The effective lengths have been computed using the observed mappings.

[2020-07-05 14:15:09.979] [jointLog] [info] Mapping rate = 25.8599%

[2020-07-05 14:15:09.979] [jointLog] [info] finished quantifyLibrary()
[2020-07-05 14:15:09.979] [jointLog] [info] Starting optimizer
[2020-07-05 14:15:12.034] [jointLog] [info] Marked 0 weighted equivalence classes as degenerate
[2020-07-05 14:15:12.052] [jointLog] [info] iteration = 0 | max rel diff. = 3599.14
[2020-07-05 14:15:13.060] [jointLog] [info] iteration = 100 | max rel diff. = 13.5669
[2020-07-05 14:15:14.174] [jointLog] [info] iteration = 200 | max rel diff. = 7.86564
[2020-07-05 14:15:15.145] [jointLog] [info] iteration = 300 | max rel diff. = 11.9655
[2020-07-05 14:15:16.211] [jointLog] [info] iteration = 400 | max rel diff. = 0.787213
[2020-07-05 14:15:17.182] [jointLog] [info] iteration = 500 | max rel diff. = 0.198062
[2020-07-05 14:15:18.191] [jointLog] [info] iteration = 600 | max rel diff. = 0.500027
[2020-07-05 14:15:19.185] [jointLog] [info] iteration = 700 | max rel diff. = 0.307292
[2020-07-05 14:15:20.188] [jointLog] [info] iteration = 800 | max rel diff. = 0.427978
[2020-07-05 14:15:21.188] [jointLog] [info] iteration = 900 | max rel diff. = 1.32699
[2020-07-05 14:15:22.225] [jointLog] [info] iteration = 1,000 | max rel diff. = 0.0385619
[2020-07-05 14:15:23.236] [jointLog] [info] iteration = 1,100 | max rel diff. = 0.166642
[2020-07-05 14:15:24.225] [jointLog] [info] iteration = 1,200 | max rel diff. = 0.0294153
[2020-07-05 14:15:25.116] [jointLog] [info] iteration = 1,294 | max rel diff. = 0.00252656
[2020-07-05 14:15:25.120] [jointLog] [info] Finished optimizer
[2020-07-05 14:15:25.120] [jointLog] [info] writing output 

