[2019-04-23 12:35:17.009] [jointLog] [info] Fragment incompatibility prior below threshold.  Incompatible fragments will be ignored.
[2019-04-23 12:35:17.009] [jointLog] [info] Usage of --validateMappings implies use of minScoreFraction. Since not explicitly specified, it is being set to 0.65
[2019-04-23 12:35:17.009] [jointLog] [info] Usage of --validateMappings, without --hardFilter implies use of range factorization. rangeFactorizationBins is being set to 4
[2019-04-23 12:35:17.009] [jointLog] [info] Usage of --validateMappings implies a default consensus slack of 0.2. Setting consensusSlack to 0.2.
[2019-04-23 12:35:17.009] [jointLog] [info] parsing read library format
[2019-04-23 12:35:17.009] [jointLog] [info] There is 1 library.
[2019-04-23 12:35:17.066] [jointLog] [info] Loading Quasi index
[2019-04-23 13:32:56.735] [jointLog] [info] Fragment incompatibility prior below threshold.  Incompatible fragments will be ignored.
[2019-04-23 13:32:56.735] [jointLog] [info] Usage of --validateMappings implies use of minScoreFraction. Since not explicitly specified, it is being set to 0.65
[2019-04-23 13:32:56.735] [jointLog] [info] Usage of --validateMappings, without --hardFilter implies use of range factorization. rangeFactorizationBins is being set to 4
[2019-04-23 13:32:56.735] [jointLog] [info] Usage of --validateMappings implies a default consensus slack of 0.2. Setting consensusSlack to 0.2.
[2019-04-23 13:32:56.735] [jointLog] [info] parsing read library format
[2019-04-23 13:32:56.735] [jointLog] [info] There is 1 library.
[2019-04-23 13:32:56.796] [jointLog] [info] Loading Quasi index
[2019-04-23 13:32:56.803] [jointLog] [info] Loading 32-bit quasi index
[2019-04-23 13:33:21.093] [jointLog] [info] done
[2019-04-23 13:33:21.093] [jointLog] [info] Index contained 116,248 targets
[2019-04-23 14:25:04.367] [jointLog] [info] Fragment incompatibility prior below threshold.  Incompatible fragments will be ignored.
[2019-04-23 14:25:04.375] [jointLog] [info] Usage of --validateMappings implies use of minScoreFraction. Since not explicitly specified, it is being set to 0.65
[2019-04-23 14:25:04.375] [jointLog] [info] Usage of --validateMappings, without --hardFilter implies use of range factorization. rangeFactorizationBins is being set to 4
[2019-04-23 14:25:04.376] [jointLog] [info] Usage of --validateMappings implies a default consensus slack of 0.2. Setting consensusSlack to 0.2.
[2019-04-23 14:25:04.376] [jointLog] [info] parsing read library format
[2019-04-23 14:25:04.376] [jointLog] [info] There is 1 library.
[2019-04-23 14:25:04.480] [jointLog] [info] Loading Quasi index
[2019-04-23 14:25:04.484] [jointLog] [info] Loading 32-bit quasi index
[2019-04-23 14:26:13.068] [jointLog] [info] done
[2019-04-23 14:26:13.068] [jointLog] [info] Index contained 116,248 targets
[2019-04-23 14:26:14.891] [jointLog] [info] Automatically detected most likely library type as IU
[2019-04-23 14:28:05.591] [fileLog] [info] 
At end of round 0
==================
Observed 25062118 total fragments (25062118 in most recent round)

[2019-04-23 14:28:05.590] [jointLog] [info] Computed 420,642 rich equivalence classes for further processing
[2019-04-23 14:28:05.590] [jointLog] [info] Counted 20,919,693 total reads in the equivalence classes 
[2019-04-23 14:28:05.635] [jointLog] [info] Number of mappings discarded because of alignment score : 3,060,147
[2019-04-23 14:28:05.635] [jointLog] [info] Number of fragments entirely discarded because of alignment score : 630,366
[2019-04-23 14:28:05.635] [jointLog] [info] Number of fragments discarded because they have only dovetail (discordant) mappings : 192,490
[2019-04-23 14:28:05.635] [jointLog] [info] Mapping rate = 83.4714%

[2019-04-23 14:28:05.635] [jointLog] [info] finished quantifyLibrary()
[2019-04-23 14:28:05.656] [jointLog] [info] Starting optimizer
[2019-04-23 14:28:05.823] [jointLog] [info] Marked 0 weighted equivalence classes as degenerate
[2019-04-23 14:28:05.844] [jointLog] [info] iteration = 0 | max rel diff. = 10450.2
[2019-04-23 14:28:07.899] [jointLog] [info] iteration = 100 | max rel diff. = 13.6122
[2019-04-23 14:28:09.949] [jointLog] [info] iteration = 200 | max rel diff. = 15.7578
[2019-04-23 14:28:11.998] [jointLog] [info] iteration = 300 | max rel diff. = 1.00628
[2019-04-23 14:28:14.047] [jointLog] [info] iteration = 400 | max rel diff. = 8.54979
[2019-04-23 14:28:16.096] [jointLog] [info] iteration = 500 | max rel diff. = 1.81249
[2019-04-23 14:28:18.144] [jointLog] [info] iteration = 600 | max rel diff. = 0.379728
[2019-04-23 14:28:20.192] [jointLog] [info] iteration = 700 | max rel diff. = 0.13878
[2019-04-23 14:28:22.241] [jointLog] [info] iteration = 800 | max rel diff. = 0.294672
[2019-04-23 14:28:24.288] [jointLog] [info] iteration = 900 | max rel diff. = 0.132275
[2019-04-23 14:28:26.335] [jointLog] [info] iteration = 1,000 | max rel diff. = 2.60518
[2019-04-23 14:28:28.384] [jointLog] [info] iteration = 1,100 | max rel diff. = 0.0339615
[2019-04-23 14:28:29.776] [jointLog] [info] iteration = 1,169 | max rel diff. = 0.00848777
[2019-04-23 14:28:29.779] [jointLog] [info] Finished optimizer
[2019-04-23 14:28:29.779] [jointLog] [info] writing output 

