[2020-07-05 14:23:09.960] [jointLog] [info] Fragment incompatibility prior below threshold.  Incompatible fragments will be ignored.
[2020-07-05 14:23:09.960] [jointLog] [info] Usage of --validateMappings implies use of minScoreFraction. Since not explicitly specified, it is being set to 0.65
[2020-07-05 14:23:09.960] [jointLog] [info] Usage of --validateMappings, without --hardFilter implies use of range factorization. rangeFactorizationBins is being set to 4
[2020-07-05 14:23:09.960] [jointLog] [info] Usage of --validateMappings implies a default consensus slack of 0.2. Setting consensusSlack to 0.2.
[2020-07-05 14:23:09.960] [jointLog] [info] parsing read library format
[2020-07-05 14:23:09.960] [jointLog] [info] There is 1 library.
[2020-07-05 14:23:10.010] [jointLog] [info] Loading Quasi index
[2020-07-05 14:23:10.010] [jointLog] [info] Loading 32-bit quasi index
[2020-07-05 14:23:16.342] [jointLog] [info] done
[2020-07-05 14:23:16.342] [jointLog] [info] Index contained 117,135 targets
[2020-07-05 14:23:16.870] [jointLog] [info] Automatically detected most likely library type as IU
[2020-07-05 14:23:43.048] [jointLog] [info] Computed 286,785 rich equivalence classes for further processing
[2020-07-05 14:23:43.048] [jointLog] [info] Counted 4,088,437 total reads in the equivalence classes 
[2020-07-05 14:23:43.068] [jointLog] [info] Number of mappings discarded because of alignment score : 788,439
[2020-07-05 14:23:43.068] [jointLog] [info] Number of fragments entirely discarded because of alignment score : 475,806
[2020-07-05 14:23:43.068] [jointLog] [info] Number of fragments discarded because they are best-mapped to decoys : 0
[2020-07-05 14:23:43.068] [jointLog] [info] Number of fragments discarded because they have only dovetail (discordant) mappings : 469,928
[2020-07-05 14:23:43.077] [jointLog] [warning] Only 4088437 fragments were mapped, but the number of burn-in fragments was set to 5000000.
The effective lengths have been computed using the observed mappings.

[2020-07-05 14:23:43.078] [jointLog] [info] Mapping rate = 47.5991%

[2020-07-05 14:23:43.078] [jointLog] [info] finished quantifyLibrary()
[2020-07-05 14:23:43.078] [jointLog] [info] Starting optimizer
[2020-07-05 14:23:43.049] [fileLog] [info] 
At end of round 0
==================
Observed 8589312 total fragments (8589312 in most recent round)

[2020-07-05 14:23:43.164] [jointLog] [info] Marked 0 weighted equivalence classes as degenerate
[2020-07-05 14:23:43.179] [jointLog] [info] iteration = 0 | max rel diff. = 3136.13
[2020-07-05 14:23:44.554] [jointLog] [info] iteration = 100 | max rel diff. = 19.6696
[2020-07-05 14:23:45.925] [jointLog] [info] iteration = 200 | max rel diff. = 7.85992
[2020-07-05 14:23:47.298] [jointLog] [info] iteration = 300 | max rel diff. = 0.355503
[2020-07-05 14:23:48.670] [jointLog] [info] iteration = 400 | max rel diff. = 0.26797
[2020-07-05 14:23:50.041] [jointLog] [info] iteration = 500 | max rel diff. = 1.35156
[2020-07-05 14:23:51.411] [jointLog] [info] iteration = 600 | max rel diff. = 0.599972
[2020-07-05 14:23:52.782] [jointLog] [info] iteration = 700 | max rel diff. = 0.0864526
[2020-07-05 14:23:54.153] [jointLog] [info] iteration = 800 | max rel diff. = 0.16968
[2020-07-05 14:23:55.524] [jointLog] [info] iteration = 900 | max rel diff. = 0.0851277
[2020-07-05 14:23:56.237] [jointLog] [info] iteration = 953 | max rel diff. = 0.00837409
[2020-07-05 14:23:56.239] [jointLog] [info] Finished optimizer
[2020-07-05 14:23:56.239] [jointLog] [info] writing output 

