[2020-07-06 12:39:34.821] [jointLog] [info] Fragment incompatibility prior below threshold.  Incompatible fragments will be ignored.
[2020-07-06 12:39:34.821] [jointLog] [info] Usage of --validateMappings implies use of minScoreFraction. Since not explicitly specified, it is being set to 0.65
[2020-07-06 12:39:34.821] [jointLog] [info] Usage of --validateMappings, without --hardFilter implies use of range factorization. rangeFactorizationBins is being set to 4
[2020-07-06 12:39:34.821] [jointLog] [info] Usage of --validateMappings implies a default consensus slack of 0.2. Setting consensusSlack to 0.2.
[2020-07-06 12:39:34.821] [jointLog] [info] parsing read library format
[2020-07-06 12:39:34.821] [jointLog] [info] There is 1 library.
[2020-07-06 12:39:34.924] [jointLog] [info] Loading Quasi index
[2020-07-06 12:39:34.924] [jointLog] [info] Loading 32-bit quasi index
[2020-07-06 12:39:44.548] [jointLog] [info] done
[2020-07-06 12:39:44.548] [jointLog] [info] Index contained 117,135 targets
[2020-07-06 12:39:46.578] [jointLog] [info] Automatically detected most likely library type as IU
[2020-07-06 12:39:46.805] [jointLog] [info] Computed 23,631 rich equivalence classes for further processing
[2020-07-06 12:39:46.805] [jointLog] [info] Counted 34,207 total reads in the equivalence classes 
[2020-07-06 12:39:46.817] [jointLog] [info] Number of mappings discarded because of alignment score : 71,847
[2020-07-06 12:39:46.817] [jointLog] [info] Number of fragments entirely discarded because of alignment score : 22,594
[2020-07-06 12:39:46.817] [jointLog] [info] Number of fragments discarded because they are best-mapped to decoys : 0
[2020-07-06 12:39:46.817] [jointLog] [info] Number of fragments discarded because they have only dovetail (discordant) mappings : 4,728
[2020-07-06 12:39:46.830] [jointLog] [warning] Only 34207 fragments were mapped, but the number of burn-in fragments was set to 5000000.
The effective lengths have been computed using the observed mappings.

[2020-07-06 12:39:46.830] [jointLog] [info] Mapping rate = 12.3723%

[2020-07-06 12:39:46.830] [jointLog] [info] finished quantifyLibrary()
[2020-07-06 12:39:46.834] [jointLog] [info] Starting optimizer
[2020-07-06 12:39:46.881] [jointLog] [info] Marked 0 weighted equivalence classes as degenerate
[2020-07-06 12:39:46.885] [jointLog] [info] iteration = 0 | max rel diff. = 28.1454
[2020-07-06 12:39:46.806] [fileLog] [info] 
At end of round 0
==================
Observed 276480 total fragments (276480 in most recent round)

[2020-07-06 12:39:47.271] [jointLog] [info] iteration = 100 | max rel diff. = 0.84263
[2020-07-06 12:39:47.383] [jointLog] [info] iteration = 130 | max rel diff. = 0.00864985
[2020-07-06 12:39:47.386] [jointLog] [info] Finished optimizer
[2020-07-06 12:39:47.386] [jointLog] [info] writing output 

