[2020-07-05 15:06:19.738] [jointLog] [info] Fragment incompatibility prior below threshold.  Incompatible fragments will be ignored.
[2020-07-05 15:06:19.738] [jointLog] [info] Usage of --validateMappings implies use of minScoreFraction. Since not explicitly specified, it is being set to 0.65
[2020-07-05 15:06:19.738] [jointLog] [info] Usage of --validateMappings, without --hardFilter implies use of range factorization. rangeFactorizationBins is being set to 4
[2020-07-05 15:06:19.738] [jointLog] [info] Usage of --validateMappings implies a default consensus slack of 0.2. Setting consensusSlack to 0.2.
[2020-07-05 15:06:19.738] [jointLog] [info] parsing read library format
[2020-07-05 15:06:19.738] [jointLog] [info] There is 1 library.
[2020-07-05 15:06:19.789] [jointLog] [info] Loading Quasi index
[2020-07-05 15:06:19.789] [jointLog] [info] Loading 32-bit quasi index
[2020-07-05 15:06:26.760] [jointLog] [info] done
[2020-07-05 15:06:26.760] [jointLog] [info] Index contained 178,517 targets
[2020-07-05 15:06:27.290] [jointLog] [info] Automatically detected most likely library type as U
[2020-07-05 15:07:32.269] [jointLog] [info] Computed 429,314 rich equivalence classes for further processing
[2020-07-05 15:07:32.269] [jointLog] [info] Counted 11,957,708 total reads in the equivalence classes 
[2020-07-05 15:07:32.295] [jointLog] [info] Number of mappings discarded because of alignment score : 6,228,012
[2020-07-05 15:07:32.295] [jointLog] [info] Number of fragments entirely discarded because of alignment score : 5,537,897
[2020-07-05 15:07:32.295] [jointLog] [info] Number of fragments discarded because they are best-mapped to decoys : 0
[2020-07-05 15:07:32.295] [jointLog] [info] Number of fragments discarded because they have only dovetail (discordant) mappings : 0
[2020-07-05 15:07:32.295] [jointLog] [info] Mapping rate = 68.3469%

[2020-07-05 15:07:32.295] [jointLog] [info] finished quantifyLibrary()
[2020-07-05 15:07:32.297] [jointLog] [info] Starting optimizer
[2020-07-05 15:07:32.270] [fileLog] [info] 
At end of round 0
==================
Observed 17495605 total fragments (17495605 in most recent round)

[2020-07-05 15:07:32.441] [jointLog] [info] Marked 0 weighted equivalence classes as degenerate
[2020-07-05 15:07:32.463] [jointLog] [info] iteration = 0 | max rel diff. = 5079.8
[2020-07-05 15:07:34.682] [jointLog] [info] iteration = 100 | max rel diff. = 9.55718
[2020-07-05 15:07:36.903] [jointLog] [info] iteration = 200 | max rel diff. = 14.5632
[2020-07-05 15:07:39.125] [jointLog] [info] iteration = 300 | max rel diff. = 15.1011
[2020-07-05 15:07:41.346] [jointLog] [info] iteration = 400 | max rel diff. = 4.86739
[2020-07-05 15:07:43.566] [jointLog] [info] iteration = 500 | max rel diff. = 2.19712
[2020-07-05 15:07:45.787] [jointLog] [info] iteration = 600 | max rel diff. = 1.61321
[2020-07-05 15:07:48.009] [jointLog] [info] iteration = 700 | max rel diff. = 0.556501
[2020-07-05 15:07:50.231] [jointLog] [info] iteration = 800 | max rel diff. = 3.93139
[2020-07-05 15:07:52.451] [jointLog] [info] iteration = 900 | max rel diff. = 0.162413
[2020-07-05 15:07:54.672] [jointLog] [info] iteration = 1,000 | max rel diff. = 0.109989
[2020-07-05 15:07:56.894] [jointLog] [info] iteration = 1,100 | max rel diff. = 0.205979
[2020-07-05 15:07:59.115] [jointLog] [info] iteration = 1,200 | max rel diff. = 0.141925
[2020-07-05 15:08:01.336] [jointLog] [info] iteration = 1,300 | max rel diff. = 0.0567318
[2020-07-05 15:08:03.558] [jointLog] [info] iteration = 1,400 | max rel diff. = 0.103284
[2020-07-05 15:08:04.780] [jointLog] [info] iteration = 1,456 | max rel diff. = 0.00914084
[2020-07-05 15:08:04.784] [jointLog] [info] Finished optimizer
[2020-07-05 15:08:04.784] [jointLog] [info] writing output 

