[2020-07-05 14:15:43.219] [jointLog] [info] Fragment incompatibility prior below threshold.  Incompatible fragments will be ignored.
[2020-07-05 14:15:43.219] [jointLog] [info] Usage of --validateMappings implies use of minScoreFraction. Since not explicitly specified, it is being set to 0.65
[2020-07-05 14:15:43.219] [jointLog] [info] Usage of --validateMappings, without --hardFilter implies use of range factorization. rangeFactorizationBins is being set to 4
[2020-07-05 14:15:43.219] [jointLog] [info] Usage of --validateMappings implies a default consensus slack of 0.2. Setting consensusSlack to 0.2.
[2020-07-05 14:15:43.219] [jointLog] [info] parsing read library format
[2020-07-05 14:15:43.219] [jointLog] [info] There is 1 library.
[2020-07-05 14:15:43.262] [jointLog] [info] Loading Quasi index
[2020-07-05 14:15:43.262] [jointLog] [info] Loading 32-bit quasi index
[2020-07-05 14:15:49.736] [jointLog] [info] done
[2020-07-05 14:15:49.736] [jointLog] [info] Index contained 117,135 targets
[2020-07-05 14:15:50.338] [jointLog] [info] Automatically detected most likely library type as IU
[2020-07-05 14:16:04.497] [jointLog] [info] Computed 234,484 rich equivalence classes for further processing
[2020-07-05 14:16:04.497] [jointLog] [info] Counted 2,411,160 total reads in the equivalence classes 
[2020-07-05 14:16:04.520] [jointLog] [info] Number of mappings discarded because of alignment score : 560,792
[2020-07-05 14:16:04.520] [jointLog] [info] Number of fragments entirely discarded because of alignment score : 189,405
[2020-07-05 14:16:04.520] [jointLog] [info] Number of fragments discarded because they are best-mapped to decoys : 0
[2020-07-05 14:16:04.520] [jointLog] [info] Number of fragments discarded because they have only dovetail (discordant) mappings : 205,524
[2020-07-05 14:16:04.531] [jointLog] [warning] Only 2411160 fragments were mapped, but the number of burn-in fragments was set to 5000000.
The effective lengths have been computed using the observed mappings.

[2020-07-05 14:16:04.531] [jointLog] [info] Mapping rate = 54.9381%

[2020-07-05 14:16:04.531] [jointLog] [info] finished quantifyLibrary()
[2020-07-05 14:16:04.532] [jointLog] [info] Starting optimizer
[2020-07-05 14:16:04.630] [jointLog] [info] Marked 0 weighted equivalence classes as degenerate
[2020-07-05 14:16:04.648] [jointLog] [info] iteration = 0 | max rel diff. = 1957.28
[2020-07-05 14:16:04.498] [fileLog] [info] 
At end of round 0
==================
Observed 4388864 total fragments (4388864 in most recent round)

[2020-07-05 14:16:05.897] [jointLog] [info] iteration = 100 | max rel diff. = 17.7426
[2020-07-05 14:16:07.104] [jointLog] [info] iteration = 200 | max rel diff. = 1.84537
[2020-07-05 14:16:08.360] [jointLog] [info] iteration = 300 | max rel diff. = 0.204151
[2020-07-05 14:16:09.616] [jointLog] [info] iteration = 400 | max rel diff. = 2.78149
[2020-07-05 14:16:10.870] [jointLog] [info] iteration = 500 | max rel diff. = 0.118022
[2020-07-05 14:16:12.043] [jointLog] [info] iteration = 600 | max rel diff. = 0.224757
[2020-07-05 14:16:13.333] [jointLog] [info] iteration = 700 | max rel diff. = 0.215463
[2020-07-05 14:16:14.540] [jointLog] [info] iteration = 800 | max rel diff. = 0.0509284
[2020-07-05 14:16:14.789] [jointLog] [info] iteration = 821 | max rel diff. = 0.00908329
[2020-07-05 14:16:14.793] [jointLog] [info] Finished optimizer
[2020-07-05 14:16:14.793] [jointLog] [info] writing output 

