[2020-07-05 14:14:13.347] [jointLog] [info] Fragment incompatibility prior below threshold.  Incompatible fragments will be ignored.
[2020-07-05 14:14:13.347] [jointLog] [info] Usage of --validateMappings implies use of minScoreFraction. Since not explicitly specified, it is being set to 0.65
[2020-07-05 14:14:13.347] [jointLog] [info] Usage of --validateMappings, without --hardFilter implies use of range factorization. rangeFactorizationBins is being set to 4
[2020-07-05 14:14:13.347] [jointLog] [info] Usage of --validateMappings implies a default consensus slack of 0.2. Setting consensusSlack to 0.2.
[2020-07-05 14:14:13.347] [jointLog] [info] parsing read library format
[2020-07-05 14:14:13.347] [jointLog] [info] There is 1 library.
[2020-07-05 14:14:13.399] [jointLog] [info] Loading Quasi index
[2020-07-05 14:14:13.399] [jointLog] [info] Loading 32-bit quasi index
[2020-07-05 14:14:19.845] [jointLog] [info] done
[2020-07-05 14:14:19.845] [jointLog] [info] Index contained 117,135 targets
[2020-07-05 14:14:20.727] [jointLog] [info] Automatically detected most likely library type as IU
[2020-07-05 14:15:05.064] [jointLog] [info] Computed 451,511 rich equivalence classes for further processing
[2020-07-05 14:15:05.064] [jointLog] [info] Counted 3,277,063 total reads in the equivalence classes 
[2020-07-05 14:15:05.081] [jointLog] [info] Number of mappings discarded because of alignment score : 2,195,572
[2020-07-05 14:15:05.081] [jointLog] [info] Number of fragments entirely discarded because of alignment score : 698,790
[2020-07-05 14:15:05.081] [jointLog] [info] Number of fragments discarded because they are best-mapped to decoys : 0
[2020-07-05 14:15:05.081] [jointLog] [info] Number of fragments discarded because they have only dovetail (discordant) mappings : 321,715
[2020-07-05 14:15:05.091] [jointLog] [warning] Only 3277063 fragments were mapped, but the number of burn-in fragments was set to 5000000.
The effective lengths have been computed using the observed mappings.

[2020-07-05 14:15:05.091] [jointLog] [info] Mapping rate = 26.6873%

[2020-07-05 14:15:05.091] [jointLog] [info] finished quantifyLibrary()
[2020-07-05 14:15:05.092] [jointLog] [info] Starting optimizer
[2020-07-05 14:15:05.226] [jointLog] [info] Marked 0 weighted equivalence classes as degenerate
[2020-07-05 14:15:05.254] [jointLog] [info] iteration = 0 | max rel diff. = 2541.12
[2020-07-05 14:15:05.065] [fileLog] [info] 
At end of round 0
==================
Observed 12279503 total fragments (12279503 in most recent round)

[2020-07-05 14:15:08.047] [jointLog] [info] iteration = 100 | max rel diff. = 12.9297
[2020-07-05 14:15:10.843] [jointLog] [info] iteration = 200 | max rel diff. = 11.681
[2020-07-05 14:15:13.640] [jointLog] [info] iteration = 300 | max rel diff. = 0.967267
[2020-07-05 14:15:16.438] [jointLog] [info] iteration = 400 | max rel diff. = 2.34382
[2020-07-05 14:15:19.236] [jointLog] [info] iteration = 500 | max rel diff. = 0.39396
[2020-07-05 14:15:22.034] [jointLog] [info] iteration = 600 | max rel diff. = 0.533437
[2020-07-05 14:15:24.832] [jointLog] [info] iteration = 700 | max rel diff. = 0.613922
[2020-07-05 14:15:26.314] [jointLog] [info] iteration = 754 | max rel diff. = 0.00893807
[2020-07-05 14:15:26.317] [jointLog] [info] Finished optimizer
[2020-07-05 14:15:26.317] [jointLog] [info] writing output 

