[2020-07-05 14:13:23.583] [jointLog] [info] Fragment incompatibility prior below threshold.  Incompatible fragments will be ignored.
[2020-07-05 14:13:23.583] [jointLog] [info] Usage of --validateMappings implies use of minScoreFraction. Since not explicitly specified, it is being set to 0.65
[2020-07-05 14:13:23.583] [jointLog] [info] Usage of --validateMappings, without --hardFilter implies use of range factorization. rangeFactorizationBins is being set to 4
[2020-07-05 14:13:23.583] [jointLog] [info] Usage of --validateMappings implies a default consensus slack of 0.2. Setting consensusSlack to 0.2.
[2020-07-05 14:13:23.583] [jointLog] [info] parsing read library format
[2020-07-05 14:13:23.583] [jointLog] [info] There is 1 library.
[2020-07-05 14:13:23.625] [jointLog] [info] Loading Quasi index
[2020-07-05 14:13:23.625] [jointLog] [info] Loading 32-bit quasi index
[2020-07-05 14:13:30.679] [jointLog] [info] done
[2020-07-05 14:13:30.679] [jointLog] [info] Index contained 178,517 targets
[2020-07-05 14:13:31.141] [jointLog] [info] Automatically detected most likely library type as SR
[2020-07-05 14:14:20.267] [jointLog] [info] Thread saw mini-batch with a maximum of 2.44% zero probability fragments
[2020-07-05 14:14:20.267] [jointLog] [info] Thread saw mini-batch with a maximum of 2.24% zero probability fragments
[2020-07-05 14:14:20.288] [jointLog] [info] Thread saw mini-batch with a maximum of 2.20% zero probability fragments
[2020-07-05 14:14:20.291] [jointLog] [info] Thread saw mini-batch with a maximum of 2.93% zero probability fragments
[2020-07-05 14:14:20.299] [jointLog] [info] Thread saw mini-batch with a maximum of 2.26% zero probability fragments
[2020-07-05 14:14:20.299] [jointLog] [info] Thread saw mini-batch with a maximum of 2.18% zero probability fragments
[2020-07-05 14:14:20.318] [jointLog] [info] Thread saw mini-batch with a maximum of 2.38% zero probability fragments
[2020-07-05 14:14:20.327] [jointLog] [info] Thread saw mini-batch with a maximum of 2.22% zero probability fragments
[2020-07-05 14:14:20.344] [jointLog] [info] Thread saw mini-batch with a maximum of 2.18% zero probability fragments
[2020-07-05 14:14:20.377] [jointLog] [info] Thread saw mini-batch with a maximum of 2.16% zero probability fragments
[2020-07-05 14:14:20.381] [jointLog] [info] Thread saw mini-batch with a maximum of 2.28% zero probability fragments
[2020-07-05 14:14:20.432] [jointLog] [info] Thread saw mini-batch with a maximum of 2.28% zero probability fragments
[2020-07-05 14:14:20.636] [jointLog] [info] Computed 143,079 rich equivalence classes for further processing
[2020-07-05 14:14:20.636] [jointLog] [info] Counted 14,105,160 total reads in the equivalence classes 
[2020-07-05 14:14:20.666] [jointLog] [info] Number of mappings discarded because of alignment score : 8,618,860
[2020-07-05 14:14:20.666] [jointLog] [info] Number of fragments entirely discarded because of alignment score : 3,940,508
[2020-07-05 14:14:20.666] [jointLog] [info] Number of fragments discarded because they are best-mapped to decoys : 0
[2020-07-05 14:14:20.666] [jointLog] [info] Number of fragments discarded because they have only dovetail (discordant) mappings : 0
[2020-07-05 14:14:20.666] [jointLog] [info] Mapping rate = 76.8427%

[2020-07-05 14:14:20.666] [jointLog] [info] finished quantifyLibrary()
[2020-07-05 14:14:20.667] [jointLog] [info] Starting optimizer
[2020-07-05 14:14:20.772] [jointLog] [info] Marked 0 weighted equivalence classes as degenerate
[2020-07-05 14:14:20.783] [jointLog] [info] iteration = 0 | max rel diff. = 5661.67
[2020-07-05 14:14:20.636] [fileLog] [info] 
At end of round 0
==================
Observed 18355886 total fragments (18355886 in most recent round)

[2020-07-05 14:14:21.734] [jointLog] [info] iteration = 100 | max rel diff. = 18.4545
[2020-07-05 14:14:22.675] [jointLog] [info] iteration = 200 | max rel diff. = 7.79901
[2020-07-05 14:14:23.617] [jointLog] [info] iteration = 300 | max rel diff. = 8.48135
[2020-07-05 14:14:24.544] [jointLog] [info] iteration = 400 | max rel diff. = 0.881509
[2020-07-05 14:14:25.506] [jointLog] [info] iteration = 500 | max rel diff. = 0.789557
[2020-07-05 14:14:26.426] [jointLog] [info] iteration = 600 | max rel diff. = 4.91668
[2020-07-05 14:14:27.368] [jointLog] [info] iteration = 700 | max rel diff. = 0.293285
[2020-07-05 14:14:28.312] [jointLog] [info] iteration = 800 | max rel diff. = 0.145477
[2020-07-05 14:14:29.297] [jointLog] [info] iteration = 900 | max rel diff. = 0.404335
[2020-07-05 14:14:30.241] [jointLog] [info] iteration = 1,000 | max rel diff. = 1.38195
[2020-07-05 14:14:31.181] [jointLog] [info] iteration = 1,100 | max rel diff. = 0.101198
[2020-07-05 14:14:32.127] [jointLog] [info] iteration = 1,200 | max rel diff. = 0.0255675
[2020-07-05 14:14:33.059] [jointLog] [info] iteration = 1,300 | max rel diff. = 4.0387
[2020-07-05 14:14:34.005] [jointLog] [info] iteration = 1,400 | max rel diff. = 0.0248462
[2020-07-05 14:14:34.946] [jointLog] [info] iteration = 1,500 | max rel diff. = 0.100046
[2020-07-05 14:14:35.586] [jointLog] [info] iteration = 1,569 | max rel diff. = 0.00625266
[2020-07-05 14:14:35.591] [jointLog] [info] Finished optimizer
[2020-07-05 14:14:35.591] [jointLog] [info] writing output 

