[2020-07-05 14:08:51.978] [jointLog] [info] Fragment incompatibility prior below threshold.  Incompatible fragments will be ignored.
[2020-07-05 14:08:51.985] [jointLog] [info] Usage of --validateMappings implies use of minScoreFraction. Since not explicitly specified, it is being set to 0.65
[2020-07-05 14:08:51.985] [jointLog] [info] Usage of --validateMappings, without --hardFilter implies use of range factorization. rangeFactorizationBins is being set to 4
[2020-07-05 14:08:51.986] [jointLog] [info] Usage of --validateMappings implies a default consensus slack of 0.2. Setting consensusSlack to 0.2.
[2020-07-05 14:08:51.986] [jointLog] [info] parsing read library format
[2020-07-05 14:08:51.986] [jointLog] [info] There is 1 library.
[2020-07-05 14:08:52.054] [jointLog] [info] Loading Quasi index
[2020-07-05 14:08:52.055] [jointLog] [info] Loading 32-bit quasi index
[2020-07-05 14:08:58.987] [jointLog] [info] done
[2020-07-05 14:08:58.987] [jointLog] [info] Index contained 178,517 targets
[2020-07-05 14:08:59.586] [jointLog] [info] Automatically detected most likely library type as U
[2020-07-05 14:11:15.699] [jointLog] [info] Computed 729,470 rich equivalence classes for further processing
[2020-07-05 14:11:15.699] [jointLog] [info] Counted 26,512,135 total reads in the equivalence classes 
[2020-07-05 14:11:15.727] [jointLog] [info] Number of mappings discarded because of alignment score : 14,440,372
[2020-07-05 14:11:15.727] [jointLog] [info] Number of fragments entirely discarded because of alignment score : 8,616,313
[2020-07-05 14:11:15.727] [jointLog] [info] Number of fragments discarded because they are best-mapped to decoys : 0
[2020-07-05 14:11:15.727] [jointLog] [info] Number of fragments discarded because they have only dovetail (discordant) mappings : 0
[2020-07-05 14:11:15.727] [jointLog] [info] Mapping rate = 75.472%

[2020-07-05 14:11:15.727] [jointLog] [info] finished quantifyLibrary()
[2020-07-05 14:11:15.729] [jointLog] [info] Starting optimizer
[2020-07-05 14:11:15.947] [jointLog] [info] Marked 0 weighted equivalence classes as degenerate
[2020-07-05 14:11:15.986] [jointLog] [info] iteration = 0 | max rel diff. = 6971.89
[2020-07-05 14:11:15.700] [fileLog] [info] 
At end of round 0
==================
Observed 35128448 total fragments (35128448 in most recent round)

[2020-07-05 14:11:19.908] [jointLog] [info] iteration = 100 | max rel diff. = 16.1001
[2020-07-05 14:11:23.838] [jointLog] [info] iteration = 200 | max rel diff. = 6.05015
[2020-07-05 14:11:27.771] [jointLog] [info] iteration = 300 | max rel diff. = 15.5725
[2020-07-05 14:11:31.703] [jointLog] [info] iteration = 400 | max rel diff. = 5.02395
[2020-07-05 14:11:35.635] [jointLog] [info] iteration = 500 | max rel diff. = 7.51706
[2020-07-05 14:11:39.568] [jointLog] [info] iteration = 600 | max rel diff. = 4.92918
[2020-07-05 14:11:43.502] [jointLog] [info] iteration = 700 | max rel diff. = 1.12114
[2020-07-05 14:11:47.436] [jointLog] [info] iteration = 800 | max rel diff. = 16.3578
[2020-07-05 14:11:51.369] [jointLog] [info] iteration = 900 | max rel diff. = 1.09447
[2020-07-05 14:11:55.303] [jointLog] [info] iteration = 1,000 | max rel diff. = 0.341678
[2020-07-05 14:11:59.237] [jointLog] [info] iteration = 1,100 | max rel diff. = 0.191502
[2020-07-05 14:12:03.173] [jointLog] [info] iteration = 1,200 | max rel diff. = 0.0924768
[2020-07-05 14:12:07.107] [jointLog] [info] iteration = 1,300 | max rel diff. = 0.824308
[2020-07-05 14:12:11.041] [jointLog] [info] iteration = 1,400 | max rel diff. = 0.0797066
[2020-07-05 14:12:14.975] [jointLog] [info] iteration = 1,500 | max rel diff. = 0.117477
[2020-07-05 14:12:18.909] [jointLog] [info] iteration = 1,600 | max rel diff. = 2.5178
[2020-07-05 14:12:22.844] [jointLog] [info] iteration = 1,700 | max rel diff. = 0.201351
[2020-07-05 14:12:26.779] [jointLog] [info] iteration = 1,800 | max rel diff. = 0.0220278
[2020-07-05 14:12:30.714] [jointLog] [info] iteration = 1,900 | max rel diff. = 0.473767
[2020-07-05 14:12:34.647] [jointLog] [info] iteration = 2,000 | max rel diff. = 0.129065
[2020-07-05 14:12:38.583] [jointLog] [info] iteration = 2,100 | max rel diff. = 0.150009
[2020-07-05 14:12:42.518] [jointLog] [info] iteration = 2,200 | max rel diff. = 0.181895
[2020-07-05 14:12:46.452] [jointLog] [info] iteration = 2,300 | max rel diff. = 0.142026
[2020-07-05 14:12:50.387] [jointLog] [info] iteration = 2,400 | max rel diff. = 0.0972759
[2020-07-05 14:12:54.321] [jointLog] [info] iteration = 2,500 | max rel diff. = 0.104293
[2020-07-05 14:12:58.256] [jointLog] [info] iteration = 2,600 | max rel diff. = 0.0348572
[2020-07-05 14:12:59.908] [jointLog] [info] iteration = 2,643 | max rel diff. = 0.00938895
[2020-07-05 14:12:59.912] [jointLog] [info] Finished optimizer
[2020-07-05 14:12:59.912] [jointLog] [info] writing output 

