[2020-07-05 14:09:02.843] [jointLog] [info] Fragment incompatibility prior below threshold.  Incompatible fragments will be ignored.
[2020-07-05 14:09:02.843] [jointLog] [info] Usage of --validateMappings implies use of minScoreFraction. Since not explicitly specified, it is being set to 0.65
[2020-07-05 14:09:02.843] [jointLog] [info] Usage of --validateMappings, without --hardFilter implies use of range factorization. rangeFactorizationBins is being set to 4
[2020-07-05 14:09:02.843] [jointLog] [info] Usage of --validateMappings implies a default consensus slack of 0.2. Setting consensusSlack to 0.2.
[2020-07-05 14:09:02.843] [jointLog] [info] parsing read library format
[2020-07-05 14:09:02.843] [jointLog] [info] There is 1 library.
[2020-07-05 14:09:02.906] [jointLog] [info] Loading Quasi index
[2020-07-05 14:09:02.906] [jointLog] [info] Loading 32-bit quasi index
[2020-07-05 14:09:12.541] [jointLog] [info] done
[2020-07-05 14:09:12.541] [jointLog] [info] Index contained 117,135 targets
[2020-07-05 14:09:14.616] [jointLog] [info] Automatically detected most likely library type as IU
[2020-07-05 14:09:14.694] [jointLog] [info] Computed 17,667 rich equivalence classes for further processing
[2020-07-05 14:09:14.694] [jointLog] [info] Counted 28,510 total reads in the equivalence classes 
[2020-07-05 14:09:14.703] [jointLog] [info] Number of mappings discarded because of alignment score : 14,432
[2020-07-05 14:09:14.703] [jointLog] [info] Number of fragments entirely discarded because of alignment score : 4,719
[2020-07-05 14:09:14.703] [jointLog] [info] Number of fragments discarded because they are best-mapped to decoys : 0
[2020-07-05 14:09:14.703] [jointLog] [info] Number of fragments discarded because they have only dovetail (discordant) mappings : 2,908
[2020-07-05 14:09:14.712] [jointLog] [warning] Only 28510 fragments were mapped, but the number of burn-in fragments was set to 5000000.
The effective lengths have been computed using the observed mappings.

[2020-07-05 14:09:14.712] [jointLog] [info] Mapping rate = 32.0021%

[2020-07-05 14:09:14.712] [jointLog] [info] finished quantifyLibrary()
[2020-07-05 14:09:14.713] [jointLog] [info] Starting optimizer
[2020-07-05 14:09:14.765] [jointLog] [info] Marked 0 weighted equivalence classes as degenerate
[2020-07-05 14:09:14.768] [jointLog] [info] iteration = 0 | max rel diff. = 23.0515
[2020-07-05 14:09:15.010] [jointLog] [info] iteration = 100 | max rel diff. = 0.0273123
[2020-07-05 14:09:14.694] [fileLog] [info] 
At end of round 0
==================
Observed 89088 total fragments (89088 in most recent round)

[2020-07-05 14:09:15.215] [jointLog] [info] iteration = 188 | max rel diff. = 0.00220624
[2020-07-05 14:09:15.219] [jointLog] [info] Finished optimizer
[2020-07-05 14:09:15.219] [jointLog] [info] writing output 

