[2020-07-05 15:05:19.905] [jointLog] [info] Fragment incompatibility prior below threshold.  Incompatible fragments will be ignored.
[2020-07-05 15:05:19.905] [jointLog] [info] Usage of --validateMappings implies use of minScoreFraction. Since not explicitly specified, it is being set to 0.65
[2020-07-05 15:05:19.905] [jointLog] [info] Usage of --validateMappings, without --hardFilter implies use of range factorization. rangeFactorizationBins is being set to 4
[2020-07-05 15:05:19.905] [jointLog] [info] Usage of --validateMappings implies a default consensus slack of 0.2. Setting consensusSlack to 0.2.
[2020-07-05 15:05:19.905] [jointLog] [info] parsing read library format
[2020-07-05 15:05:19.905] [jointLog] [info] There is 1 library.
[2020-07-05 15:05:19.952] [jointLog] [info] Loading Quasi index
[2020-07-05 15:05:19.952] [jointLog] [info] Loading 32-bit quasi index
[2020-07-05 15:05:26.977] [jointLog] [info] done
[2020-07-05 15:05:26.977] [jointLog] [info] Index contained 178,517 targets
[2020-07-05 15:05:27.675] [jointLog] [info] Automatically detected most likely library type as IU
[2020-07-05 15:07:13.062] [jointLog] [info] Computed 484,032 rich equivalence classes for further processing
[2020-07-05 15:07:13.062] [jointLog] [info] Counted 12,207,201 total reads in the equivalence classes 
[2020-07-05 15:07:13.086] [jointLog] [info] Number of mappings discarded because of alignment score : 5,381,639
[2020-07-05 15:07:13.086] [jointLog] [info] Number of fragments entirely discarded because of alignment score : 1,263,239
[2020-07-05 15:07:13.086] [jointLog] [info] Number of fragments discarded because they are best-mapped to decoys : 0
[2020-07-05 15:07:13.086] [jointLog] [info] Number of fragments discarded because they have only dovetail (discordant) mappings : 810,170
[2020-07-05 15:07:13.086] [jointLog] [info] Mapping rate = 65.1283%

[2020-07-05 15:07:13.086] [jointLog] [info] finished quantifyLibrary()
[2020-07-05 15:07:13.087] [jointLog] [info] Starting optimizer
[2020-07-05 15:07:13.063] [fileLog] [info] 
At end of round 0
==================
Observed 18743302 total fragments (18743302 in most recent round)

[2020-07-05 15:07:16.296] [jointLog] [info] Marked 0 weighted equivalence classes as degenerate
[2020-07-05 15:07:16.314] [jointLog] [info] iteration = 0 | max rel diff. = 5093.63
[2020-07-05 15:07:18.102] [jointLog] [info] iteration = 100 | max rel diff. = 13.202
[2020-07-05 15:07:19.892] [jointLog] [info] iteration = 200 | max rel diff. = 11.4015
[2020-07-05 15:07:21.682] [jointLog] [info] iteration = 300 | max rel diff. = 5.52097
[2020-07-05 15:07:23.472] [jointLog] [info] iteration = 400 | max rel diff. = 7.63617
[2020-07-05 15:07:25.263] [jointLog] [info] iteration = 500 | max rel diff. = 0.853489
[2020-07-05 15:07:27.053] [jointLog] [info] iteration = 600 | max rel diff. = 0.807922
[2020-07-05 15:07:28.840] [jointLog] [info] iteration = 700 | max rel diff. = 0.0616884
[2020-07-05 15:07:30.631] [jointLog] [info] iteration = 800 | max rel diff. = 0.041567
[2020-07-05 15:07:32.423] [jointLog] [info] iteration = 900 | max rel diff. = 0.122974
[2020-07-05 15:07:34.214] [jointLog] [info] iteration = 1,000 | max rel diff. = 0.100817
[2020-07-05 15:07:36.004] [jointLog] [info] iteration = 1,100 | max rel diff. = 0.270732
[2020-07-05 15:07:37.795] [jointLog] [info] iteration = 1,200 | max rel diff. = 0.0621364
[2020-07-05 15:07:39.586] [jointLog] [info] iteration = 1,300 | max rel diff. = 0.104775
[2020-07-05 15:07:41.376] [jointLog] [info] iteration = 1,400 | max rel diff. = 0.260673
[2020-07-05 15:07:43.166] [jointLog] [info] iteration = 1,500 | max rel diff. = 0.0754528
[2020-07-05 15:07:44.958] [jointLog] [info] iteration = 1,600 | max rel diff. = 0.0945487
[2020-07-05 15:07:46.748] [jointLog] [info] iteration = 1,700 | max rel diff. = 0.0145285
[2020-07-05 15:07:48.539] [jointLog] [info] iteration = 1,800 | max rel diff. = 0.371648
[2020-07-05 15:07:48.611] [jointLog] [info] iteration = 1,805 | max rel diff. = 0.0054921
[2020-07-05 15:07:48.615] [jointLog] [info] Finished optimizer
[2020-07-05 15:07:48.615] [jointLog] [info] writing output 

