[2020-07-05 15:32:48.903] [jointLog] [info] Fragment incompatibility prior below threshold.  Incompatible fragments will be ignored.
[2020-07-05 15:32:48.903] [jointLog] [info] Usage of --validateMappings implies use of minScoreFraction. Since not explicitly specified, it is being set to 0.65
[2020-07-05 15:32:48.903] [jointLog] [info] Usage of --validateMappings, without --hardFilter implies use of range factorization. rangeFactorizationBins is being set to 4
[2020-07-05 15:32:48.903] [jointLog] [info] Usage of --validateMappings implies a default consensus slack of 0.2. Setting consensusSlack to 0.2.
[2020-07-05 15:32:48.903] [jointLog] [info] parsing read library format
[2020-07-05 15:32:48.903] [jointLog] [info] There is 1 library.
[2020-07-05 15:32:48.952] [jointLog] [info] Loading Quasi index
[2020-07-05 15:32:48.952] [jointLog] [info] Loading 32-bit quasi index
[2020-07-05 15:32:55.917] [jointLog] [info] done
[2020-07-05 15:32:55.917] [jointLog] [info] Index contained 178,517 targets
[2020-07-05 15:32:56.503] [jointLog] [info] Automatically detected most likely library type as U
[2020-07-05 15:34:08.572] [jointLog] [info] Computed 526,957 rich equivalence classes for further processing
[2020-07-05 15:34:08.572] [jointLog] [info] Counted 7,335,549 total reads in the equivalence classes 
[2020-07-05 15:34:08.594] [jointLog] [info] Number of mappings discarded because of alignment score : 10,594,463
[2020-07-05 15:34:08.594] [jointLog] [info] Number of fragments entirely discarded because of alignment score : 9,382,275
[2020-07-05 15:34:08.594] [jointLog] [info] Number of fragments discarded because they are best-mapped to decoys : 0
[2020-07-05 15:34:08.594] [jointLog] [info] Number of fragments discarded because they have only dovetail (discordant) mappings : 0
[2020-07-05 15:34:08.594] [jointLog] [info] Mapping rate = 43.8786%

[2020-07-05 15:34:08.594] [jointLog] [info] finished quantifyLibrary()
[2020-07-05 15:34:08.595] [jointLog] [info] Starting optimizer
[2020-07-05 15:34:08.572] [fileLog] [info] 
At end of round 0
==================
Observed 16717824 total fragments (16717824 in most recent round)

[2020-07-05 15:34:08.793] [jointLog] [info] Marked 0 weighted equivalence classes as degenerate
[2020-07-05 15:34:08.826] [jointLog] [info] iteration = 0 | max rel diff. = 3493.94
[2020-07-05 15:34:12.127] [jointLog] [info] iteration = 100 | max rel diff. = 19.3016
[2020-07-05 15:34:15.434] [jointLog] [info] iteration = 200 | max rel diff. = 11.4764
[2020-07-05 15:34:18.742] [jointLog] [info] iteration = 300 | max rel diff. = 13.5876
[2020-07-05 15:34:22.050] [jointLog] [info] iteration = 400 | max rel diff. = 3.72584
[2020-07-05 15:34:25.358] [jointLog] [info] iteration = 500 | max rel diff. = 3.21314
[2020-07-05 15:34:28.667] [jointLog] [info] iteration = 600 | max rel diff. = 1.99893
[2020-07-05 15:34:31.976] [jointLog] [info] iteration = 700 | max rel diff. = 1.34887
[2020-07-05 15:34:35.284] [jointLog] [info] iteration = 800 | max rel diff. = 0.224031
[2020-07-05 15:34:38.594] [jointLog] [info] iteration = 900 | max rel diff. = 0.133123
[2020-07-05 15:34:41.904] [jointLog] [info] iteration = 1,000 | max rel diff. = 0.017628
[2020-07-05 15:34:45.214] [jointLog] [info] iteration = 1,100 | max rel diff. = 0.388142
[2020-07-05 15:34:48.524] [jointLog] [info] iteration = 1,200 | max rel diff. = 0.13277
[2020-07-05 15:34:51.835] [jointLog] [info] iteration = 1,300 | max rel diff. = 0.271597
[2020-07-05 15:34:54.648] [jointLog] [info] iteration = 1,386 | max rel diff. = 0.00725863
[2020-07-05 15:34:54.654] [jointLog] [info] Finished optimizer
[2020-07-05 15:34:54.654] [jointLog] [info] writing output 

