[2020-07-05 17:29:43.127] [jointLog] [info] Fragment incompatibility prior below threshold.  Incompatible fragments will be ignored.
[2020-07-05 17:29:43.127] [jointLog] [info] Usage of --validateMappings implies use of minScoreFraction. Since not explicitly specified, it is being set to 0.65
[2020-07-05 17:29:43.128] [jointLog] [info] Usage of --validateMappings, without --hardFilter implies use of range factorization. rangeFactorizationBins is being set to 4
[2020-07-05 17:29:43.128] [jointLog] [info] Usage of --validateMappings implies a default consensus slack of 0.2. Setting consensusSlack to 0.2.
[2020-07-05 17:29:43.128] [jointLog] [info] parsing read library format
[2020-07-05 17:29:43.128] [jointLog] [info] There is 1 library.
[2020-07-05 17:29:43.179] [jointLog] [info] Loading Quasi index
[2020-07-05 17:29:43.179] [jointLog] [info] Loading 32-bit quasi index
[2020-07-05 17:29:50.222] [jointLog] [info] done
[2020-07-05 17:29:50.223] [jointLog] [info] Index contained 178,517 targets
[2020-07-05 17:29:50.875] [jointLog] [info] Automatically detected most likely library type as IU
[2020-07-05 17:31:52.142] [jointLog] [info] Computed 589,189 rich equivalence classes for further processing
[2020-07-05 17:31:52.142] [jointLog] [info] Counted 17,633,674 total reads in the equivalence classes 
[2020-07-05 17:31:52.166] [jointLog] [info] Number of mappings discarded because of alignment score : 5,074,221
[2020-07-05 17:31:52.166] [jointLog] [info] Number of fragments entirely discarded because of alignment score : 1,391,506
[2020-07-05 17:31:52.166] [jointLog] [info] Number of fragments discarded because they are best-mapped to decoys : 0
[2020-07-05 17:31:52.166] [jointLog] [info] Number of fragments discarded because they have only dovetail (discordant) mappings : 744,433
[2020-07-05 17:31:52.166] [jointLog] [info] Mapping rate = 73.9595%

[2020-07-05 17:31:52.166] [jointLog] [info] finished quantifyLibrary()
[2020-07-05 17:31:52.167] [jointLog] [info] Starting optimizer
[2020-07-05 17:31:52.310] [jointLog] [info] Marked 0 weighted equivalence classes as degenerate
[2020-07-05 17:31:52.331] [jointLog] [info] iteration = 0 | max rel diff. = 6373.98
[2020-07-05 17:31:52.143] [fileLog] [info] 
At end of round 0
==================
Observed 23842333 total fragments (23842333 in most recent round)

[2020-07-05 17:31:54.392] [jointLog] [info] iteration = 100 | max rel diff. = 12.0259
[2020-07-05 17:31:56.455] [jointLog] [info] iteration = 200 | max rel diff. = 2.84212
[2020-07-05 17:31:58.518] [jointLog] [info] iteration = 300 | max rel diff. = 7.79933
[2020-07-05 17:32:00.581] [jointLog] [info] iteration = 400 | max rel diff. = 1.24581
[2020-07-05 17:32:02.644] [jointLog] [info] iteration = 500 | max rel diff. = 2.47466
[2020-07-05 17:32:04.706] [jointLog] [info] iteration = 600 | max rel diff. = 1.19276
[2020-07-05 17:32:06.770] [jointLog] [info] iteration = 700 | max rel diff. = 3.53187
[2020-07-05 17:32:08.832] [jointLog] [info] iteration = 800 | max rel diff. = 0.291682
[2020-07-05 17:32:10.894] [jointLog] [info] iteration = 900 | max rel diff. = 0.229726
[2020-07-05 17:32:12.956] [jointLog] [info] iteration = 1,000 | max rel diff. = 0.0657231
[2020-07-05 17:32:15.018] [jointLog] [info] iteration = 1,100 | max rel diff. = 0.0863169
[2020-07-05 17:32:17.080] [jointLog] [info] iteration = 1,200 | max rel diff. = 0.44805
[2020-07-05 17:32:19.142] [jointLog] [info] iteration = 1,300 | max rel diff. = 0.026375
[2020-07-05 17:32:20.360] [jointLog] [info] iteration = 1,360 | max rel diff. = 0.00649689
[2020-07-05 17:32:20.365] [jointLog] [info] Finished optimizer
[2020-07-05 17:32:20.365] [jointLog] [info] writing output 

