[2020-07-05 14:17:45.673] [jointLog] [info] Fragment incompatibility prior below threshold.  Incompatible fragments will be ignored.
[2020-07-05 14:17:45.673] [jointLog] [info] Usage of --validateMappings implies use of minScoreFraction. Since not explicitly specified, it is being set to 0.65
[2020-07-05 14:17:45.673] [jointLog] [info] Usage of --validateMappings, without --hardFilter implies use of range factorization. rangeFactorizationBins is being set to 4
[2020-07-05 14:17:45.673] [jointLog] [info] Usage of --validateMappings implies a default consensus slack of 0.2. Setting consensusSlack to 0.2.
[2020-07-05 14:17:45.673] [jointLog] [info] parsing read library format
[2020-07-05 14:17:45.673] [jointLog] [info] There is 1 library.
[2020-07-05 14:17:45.715] [jointLog] [info] Loading Quasi index
[2020-07-05 14:17:45.715] [jointLog] [info] Loading 32-bit quasi index
[2020-07-05 14:17:53.295] [jointLog] [info] done
[2020-07-05 14:17:53.295] [jointLog] [info] Index contained 178,517 targets
[2020-07-05 14:17:53.843] [jointLog] [info] Automatically detected most likely library type as U
[2020-07-05 14:20:04.191] [jointLog] [info] Computed 710,403 rich equivalence classes for further processing
[2020-07-05 14:20:04.191] [jointLog] [info] Counted 24,766,038 total reads in the equivalence classes 
[2020-07-05 14:20:04.222] [jointLog] [info] Number of mappings discarded because of alignment score : 13,559,814
[2020-07-05 14:20:04.222] [jointLog] [info] Number of fragments entirely discarded because of alignment score : 7,452,422
[2020-07-05 14:20:04.222] [jointLog] [info] Number of fragments discarded because they are best-mapped to decoys : 0
[2020-07-05 14:20:04.222] [jointLog] [info] Number of fragments discarded because they have only dovetail (discordant) mappings : 0
[2020-07-05 14:20:04.222] [jointLog] [info] Mapping rate = 76.8691%

[2020-07-05 14:20:04.222] [jointLog] [info] finished quantifyLibrary()
[2020-07-05 14:20:04.224] [jointLog] [info] Starting optimizer
[2020-07-05 14:20:04.192] [fileLog] [info] 
At end of round 0
==================
Observed 32218460 total fragments (32218460 in most recent round)

[2020-07-05 14:20:08.703] [jointLog] [info] Marked 0 weighted equivalence classes as degenerate
[2020-07-05 14:20:08.744] [jointLog] [info] iteration = 0 | max rel diff. = 6948.53
[2020-07-05 14:20:12.648] [jointLog] [info] iteration = 100 | max rel diff. = 18.9626
[2020-07-05 14:20:16.536] [jointLog] [info] iteration = 200 | max rel diff. = 17.2051
[2020-07-05 14:20:20.377] [jointLog] [info] iteration = 300 | max rel diff. = 16.6852
[2020-07-05 14:20:24.194] [jointLog] [info] iteration = 400 | max rel diff. = 16.8393
[2020-07-05 14:20:28.035] [jointLog] [info] iteration = 500 | max rel diff. = 2.37578
[2020-07-05 14:20:31.844] [jointLog] [info] iteration = 600 | max rel diff. = 3.78207
[2020-07-05 14:20:35.702] [jointLog] [info] iteration = 700 | max rel diff. = 1.40927
[2020-07-05 14:20:39.571] [jointLog] [info] iteration = 800 | max rel diff. = 11.6704
[2020-07-05 14:20:43.401] [jointLog] [info] iteration = 900 | max rel diff. = 0.741832
[2020-07-05 14:20:47.319] [jointLog] [info] iteration = 1,000 | max rel diff. = 1.11342
[2020-07-05 14:20:51.204] [jointLog] [info] iteration = 1,100 | max rel diff. = 0.177591
[2020-07-05 14:20:55.063] [jointLog] [info] iteration = 1,200 | max rel diff. = 0.165719
[2020-07-05 14:20:58.882] [jointLog] [info] iteration = 1,300 | max rel diff. = 0.0990858
[2020-07-05 14:21:02.660] [jointLog] [info] iteration = 1,400 | max rel diff. = 0.321064
[2020-07-05 14:21:06.421] [jointLog] [info] iteration = 1,500 | max rel diff. = 1.05012
[2020-07-05 14:21:10.194] [jointLog] [info] iteration = 1,600 | max rel diff. = 0.10235
[2020-07-05 14:21:13.928] [jointLog] [info] iteration = 1,700 | max rel diff. = 0.0420202
[2020-07-05 14:21:17.684] [jointLog] [info] iteration = 1,800 | max rel diff. = 0.0479397
[2020-07-05 14:21:21.574] [jointLog] [info] iteration = 1,900 | max rel diff. = 0.615011
[2020-07-05 14:21:24.438] [jointLog] [info] iteration = 1,975 | max rel diff. = 0.00758888
[2020-07-05 14:21:24.443] [jointLog] [info] Finished optimizer
[2020-07-05 14:21:24.443] [jointLog] [info] writing output 

