[2020-07-05 16:34:58.634] [jointLog] [info] Fragment incompatibility prior below threshold.  Incompatible fragments will be ignored.
[2020-07-05 16:34:58.634] [jointLog] [info] Usage of --validateMappings implies use of minScoreFraction. Since not explicitly specified, it is being set to 0.65
[2020-07-05 16:34:58.634] [jointLog] [info] Usage of --validateMappings, without --hardFilter implies use of range factorization. rangeFactorizationBins is being set to 4
[2020-07-05 16:34:58.634] [jointLog] [info] Usage of --validateMappings implies a default consensus slack of 0.2. Setting consensusSlack to 0.2.
[2020-07-05 16:34:58.634] [jointLog] [info] parsing read library format
[2020-07-05 16:34:58.634] [jointLog] [info] There is 1 library.
[2020-07-05 16:34:58.684] [jointLog] [info] Loading Quasi index
[2020-07-05 16:34:58.684] [jointLog] [info] Loading 32-bit quasi index
[2020-07-05 16:35:05.764] [jointLog] [info] done
[2020-07-05 16:35:05.764] [jointLog] [info] Index contained 178,517 targets
[2020-07-05 16:35:06.412] [jointLog] [info] Automatically detected most likely library type as IU
[2020-07-05 16:36:38.714] [jointLog] [info] Computed 497,879 rich equivalence classes for further processing
[2020-07-05 16:36:38.714] [jointLog] [info] Counted 12,794,489 total reads in the equivalence classes 
[2020-07-05 16:36:38.739] [jointLog] [info] Number of mappings discarded because of alignment score : 3,901,886
[2020-07-05 16:36:38.739] [jointLog] [info] Number of fragments entirely discarded because of alignment score : 1,149,790
[2020-07-05 16:36:38.739] [jointLog] [info] Number of fragments discarded because they are best-mapped to decoys : 0
[2020-07-05 16:36:38.739] [jointLog] [info] Number of fragments discarded because they have only dovetail (discordant) mappings : 663,316
[2020-07-05 16:36:38.739] [jointLog] [info] Mapping rate = 72.808%

[2020-07-05 16:36:38.739] [jointLog] [info] finished quantifyLibrary()
[2020-07-05 16:36:38.740] [jointLog] [info] Starting optimizer
[2020-07-05 16:36:38.715] [fileLog] [info] 
At end of round 0
==================
Observed 17572906 total fragments (17572906 in most recent round)

[2020-07-05 16:36:38.872] [jointLog] [info] Marked 0 weighted equivalence classes as degenerate
[2020-07-05 16:36:38.890] [jointLog] [info] iteration = 0 | max rel diff. = 5327.83
[2020-07-05 16:36:40.648] [jointLog] [info] iteration = 100 | max rel diff. = 13.0654
[2020-07-05 16:36:42.407] [jointLog] [info] iteration = 200 | max rel diff. = 5.31362
[2020-07-05 16:36:44.166] [jointLog] [info] iteration = 300 | max rel diff. = 5.26865
[2020-07-05 16:36:45.925] [jointLog] [info] iteration = 400 | max rel diff. = 1.09659
[2020-07-05 16:36:47.684] [jointLog] [info] iteration = 500 | max rel diff. = 0.418643
[2020-07-05 16:36:49.443] [jointLog] [info] iteration = 600 | max rel diff. = 1.38632
[2020-07-05 16:36:51.202] [jointLog] [info] iteration = 700 | max rel diff. = 0.125465
[2020-07-05 16:36:52.962] [jointLog] [info] iteration = 800 | max rel diff. = 0.310781
[2020-07-05 16:36:54.721] [jointLog] [info] iteration = 900 | max rel diff. = 0.317456
[2020-07-05 16:36:56.481] [jointLog] [info] iteration = 1,000 | max rel diff. = 0.141072
[2020-07-05 16:36:58.241] [jointLog] [info] iteration = 1,100 | max rel diff. = 0.0142923
[2020-07-05 16:37:00.001] [jointLog] [info] iteration = 1,200 | max rel diff. = 0.0275515
[2020-07-05 16:37:01.760] [jointLog] [info] iteration = 1,300 | max rel diff. = 0.0197789
[2020-07-05 16:37:02.728] [jointLog] [info] iteration = 1,356 | max rel diff. = 0.00680406
[2020-07-05 16:37:02.732] [jointLog] [info] Finished optimizer
[2020-07-05 16:37:02.732] [jointLog] [info] writing output 

