[2020-07-05 14:13:02.986] [jointLog] [info] Fragment incompatibility prior below threshold.  Incompatible fragments will be ignored.
[2020-07-05 14:13:02.986] [jointLog] [info] Usage of --validateMappings implies use of minScoreFraction. Since not explicitly specified, it is being set to 0.65
[2020-07-05 14:13:02.986] [jointLog] [info] Usage of --validateMappings, without --hardFilter implies use of range factorization. rangeFactorizationBins is being set to 4
[2020-07-05 14:13:02.986] [jointLog] [info] Usage of --validateMappings implies a default consensus slack of 0.2. Setting consensusSlack to 0.2.
[2020-07-05 14:13:02.986] [jointLog] [info] parsing read library format
[2020-07-05 14:13:02.986] [jointLog] [info] There is 1 library.
[2020-07-05 14:13:03.036] [jointLog] [info] Loading Quasi index
[2020-07-05 14:13:03.036] [jointLog] [info] Loading 32-bit quasi index
[2020-07-05 14:13:09.424] [jointLog] [info] done
[2020-07-05 14:13:09.424] [jointLog] [info] Index contained 117,135 targets
[2020-07-05 14:13:10.116] [jointLog] [info] Automatically detected most likely library type as IU
[2020-07-05 14:13:13.850] [jointLog] [info] Computed 166,137 rich equivalence classes for further processing
[2020-07-05 14:13:13.850] [jointLog] [info] Counted 838,095 total reads in the equivalence classes 
[2020-07-05 14:13:13.868] [jointLog] [info] Number of mappings discarded because of alignment score : 319,278
[2020-07-05 14:13:13.868] [jointLog] [info] Number of fragments entirely discarded because of alignment score : 57,147
[2020-07-05 14:13:13.868] [jointLog] [info] Number of fragments discarded because they are best-mapped to decoys : 0
[2020-07-05 14:13:13.868] [jointLog] [info] Number of fragments discarded because they have only dovetail (discordant) mappings : 22,526
[2020-07-05 14:13:13.878] [jointLog] [warning] Only 838095 fragments were mapped, but the number of burn-in fragments was set to 5000000.
The effective lengths have been computed using the observed mappings.

[2020-07-05 14:13:13.878] [jointLog] [info] Mapping rate = 41.6511%

[2020-07-05 14:13:13.878] [jointLog] [info] finished quantifyLibrary()
[2020-07-05 14:13:13.879] [jointLog] [info] Starting optimizer
[2020-07-05 14:13:13.942] [jointLog] [info] Marked 0 weighted equivalence classes as degenerate
[2020-07-05 14:13:13.950] [jointLog] [info] iteration = 0 | max rel diff. = 701.098
[2020-07-05 14:13:13.851] [fileLog] [info] 
At end of round 0
==================
Observed 2012180 total fragments (2012180 in most recent round)

[2020-07-05 14:13:14.818] [jointLog] [info] iteration = 100 | max rel diff. = 8.82908
[2020-07-05 14:13:15.680] [jointLog] [info] iteration = 200 | max rel diff. = 1.88348
[2020-07-05 14:13:16.542] [jointLog] [info] iteration = 300 | max rel diff. = 1.1744
[2020-07-05 14:13:17.404] [jointLog] [info] iteration = 400 | max rel diff. = 0.496651
[2020-07-05 14:13:18.265] [jointLog] [info] iteration = 500 | max rel diff. = 0.154124
[2020-07-05 14:13:19.125] [jointLog] [info] iteration = 600 | max rel diff. = 0.306039
[2020-07-05 14:13:19.985] [jointLog] [info] iteration = 700 | max rel diff. = 0.0416114
[2020-07-05 14:13:20.192] [jointLog] [info] iteration = 725 | max rel diff. = 0.0046021
[2020-07-05 14:13:20.195] [jointLog] [info] Finished optimizer
[2020-07-05 14:13:20.195] [jointLog] [info] writing output 

